#
# A fatal error has been detected by the Java Runtime Environment:
#
#  SIGSEGV (0xb) at pc=0x00007fbd1c3b4cb4, pid=13530, tid=0x00007fbd3e3d9700
#
# JRE version: OpenJDK Runtime Environment (8.0_151-b12) (build 1.8.0_151-b12)
# Java VM: OpenJDK 64-Bit Server VM (25.151-b12 mixed mode linux-amd64 compressed oops)
# Problematic frame:
# C  [libHvDeviceJava.so+0x4cb4]  URLEncode(std::string const&)+0x53
#
# Failed to write core dump. Core dumps have been disabled. To enable core dumping, try "ulimit -c unlimited" before starting Java again
#
# If you would like to submit a bug report, please visit:
#   http://bugreport.java.com/bugreport/crash.jsp
# The crash happened outside the Java Virtual Machine in native code.
# See problematic frame for where to report the bug.
#

---------------  T H R E A D  ---------------

Current thread (0x00007fbd340087f0):  JavaThread "main" [_thread_in_native, id=13531, stack(0x00007fbd3e2d9000,0x00007fbd3e3da000)]

siginfo: si_signo: 11 (SIGSEGV), si_code: 2 (SEGV_ACCERR), si_addr: 0x00007fbd345a9000

Registers:
RAX=0x00007fbd345a9000, RBX=0x0000000000000008, RCX=0x0000000000000000, RDX=0x00000000002309f8
RSP=0x00007fbd3e3d7180, RBP=0x00007fbd3e3d71b0, RSI=0x00000000002309f8, RDI=0x00007fbd343786d8
R8 =0x00007fbd174fffdf, R9 =0x0000000000500000, R10=0x0000000000000022, R11=0x00007fbd3d742cd0
R12=0x00007fbd3e3d7370, R13=0x0000000000000008, R14=0x0000000000000001, R15=0x00007fbd3e3d7350
RIP=0x00007fbd1c3b4cb4, EFLAGS=0x0000000000010216, CSGSFS=0x0000000000000033, ERR=0x0000000000000004
  TRAPNO=0x000000000000000e

Top of Stack: (sp=0x00007fbd3e3d7180)
0x00007fbd3e3d7180:   00007fbd343786d8 00007fbd3e3d71e0
0x00007fbd3e3d7190:   00007fbd00000000 00000000002309f8
0x00007fbd3e3d71a0:   0000000000000000 0000000000000008
0x00007fbd3e3d71b0:   00007fbd3e3d7220 00007fbd1c3b3feb
0x00007fbd3e3d71c0:   00007fbd343786d8 00007fbd3455dc80
0x00007fbd3e3d71d0:   00007fbd340087f0 00007fbd34008c70
0x00007fbd3e3d71e0:   00007fbd17100028 00007fbd342a9f60
0x00007fbd3e3d71f0:   0000000000000000 00007fbd343786d8
0x00007fbd3e3d7200:   00007fbd3e3d7230 00007fbd3e3d7220
0x00007fbd3e3d7210:   00000000cdb04fc4 0000000000000008
0x00007fbd3e3d7220:   00007fbd3e3d7230 00007fbd1c5ce564
0x00007fbd3e3d7230:   000000000000000e 00007fbd3e3d7cd0
0x00007fbd3e3d7240:   00007fbd3e3d7340 00007fbd1c5ce2cb
0x00007fbd3e3d7250:   00007fbd3e3d72e8 0000000000000000
0x00007fbd3e3d7260:   00007fbd3e3d7290 00007fbd00000000
0x00007fbd3e3d7270:   00007fbd3e3d7180 00007fbd3e3d73c0
0x00007fbd3e3d7280:   0000000000000000 0000000000000001
0x00007fbd3e3d7290:   00007fbd1c3b3fc7 00007fbd3e3d7180
0x00007fbd3e3d72a0:   00007fbd3e3d7cd0 000000003e3d72e8
0x00007fbd3e3d72b0:   00007fbd3e3d7180 00007fbd3e3d7c50
0x00007fbd3e3d72c0:   00000001340087f0 00007fbd3e3d72f0
0x00007fbd3e3d72d0:   00007fbd3e3d730c 00007fbd3e3d7308
0x00007fbd3e3d72e0:   00000001340087f0 00007fbd3e3d7230
0x00007fbd3e3d72f0:   00007fbd00000001 00007fbd34008a48
0x00007fbd3e3d7300:   00007fbd3414fa60 0000000100000000
0x00007fbd3e3d7310:   0000000000000001 00007fbd34008a48
0x00007fbd3e3d7320:   00007fbd3414fa60 00007fbd3e3d73c8
0x00007fbd3e3d7330:   0000000000000001 00007fbd3e3d7378
0x00007fbd3e3d7340:   00007fbd3e3d7cc0 00007fbd1c5c70f5
0x00007fbd3e3d7350:   00007fbd3e3d73c0 00007fbd340087f0
0x00007fbd3e3d7360:   00007fbd3e3d73b8 ffffffff00000004
0x00007fbd3e3d7370:   00007fbd1c5d10c0 00007fbd3e3d7510 

Instructions: (pc=0x00007fbd1c3b4cb4)
0x00007fbd1c3b4c94:   be 00 00 00 00 48 89 c7 e8 6f e4 ff ff 48 8b 55
0x00007fbd1c3b4ca4:   e8 48 8b 45 d0 48 89 d6 48 89 c7 e8 8c e9 ff ff
0x00007fbd1c3b4cb4:   0f b6 00 0f b6 c0 89 c7 e8 1f ea ff ff 85 c0 0f
0x00007fbd1c3b4cc4:   95 c0 84 c0 74 1b 48 8b 55 e8 48 8b 45 d0 48 89 

Register to memory mapping:

RAX=0x00007fbd345a9000 is an unknown value
RBX=0x0000000000000008 is an unknown value
RCX=0x0000000000000000 is an unknown value
RDX=0x00000000002309f8 is an unknown value
RSP=0x00007fbd3e3d7180 is pointing into the stack for thread: 0x00007fbd340087f0
RBP=0x00007fbd3e3d71b0 is pointing into the stack for thread: 0x00007fbd340087f0
RSI=0x00000000002309f8 is an unknown value
RDI=0x00007fbd343786d8 is an unknown value
R8 =0x00007fbd174fffdf is an unknown value
R9 =0x0000000000500000 is an unknown value
R10=0x0000000000000022 is an unknown value
R11=0x00007fbd3d742cd0: <offset 0x183cd0> in /lib64/libc.so.6 at 0x00007fbd3d5bf000
R12=0x00007fbd3e3d7370 is pointing into the stack for thread: 0x00007fbd340087f0
R13=0x0000000000000008 is an unknown value
R14=0x0000000000000001 is an unknown value
R15=0x00007fbd3e3d7350 is pointing into the stack for thread: 0x00007fbd340087f0


Stack: [0x00007fbd3e2d9000,0x00007fbd3e3da000],  sp=0x00007fbd3e3d7180,  free space=1016k
Native frames: (J=compiled Java code, j=interpreted, Vv=VM code, C=native code)
C  [libHvDeviceJava.so+0x4cb4]  URLEncode(std::string const&)+0x53
C  [libHvDeviceJava.so+0x3feb]  GetUrlIn+0x24
C  [jna11713450861047788.tmp+0x13564]  ffi_call_unix64+0x4c
C  0x00007fbd3e3d7cd0

Java frames: (J=compiled Java code, j=interpreted, Vv=VM code)
j  com.sun.jna.Native.invokePointer(Lcom/sun/jna/Function;JI[Ljava/lang/Object;)J+0
j  com.sun.jna.Function.invokePointer(I[Ljava/lang/Object;)Lcom/sun/jna/Pointer;+7
j  com.sun.jna.Function.invokeString(I[Ljava/lang/Object;Z)Ljava/lang/String;+3
j  com.sun.jna.Function.invoke([Ljava/lang/Object;Ljava/lang/Class;ZI)Ljava/lang/Object;+329
j  com.sun.jna.Function.invoke(Ljava/lang/reflect/Method;[Ljava/lang/Class;Ljava/lang/Class;[Ljava/lang/Object;Ljava/util/Map;)Ljava/lang/Object;+271
j  com.sun.jna.Library$Handler.invoke(Ljava/lang/Object;Ljava/lang/reflect/Method;[Ljava/lang/Object;)Ljava/lang/Object;+344
j  com.sun.proxy.$Proxy0.GetUrlIn(Ljava/lang/String;)Ljava/lang/String;+16
j  com.etc.camera.MainApplication.main([Ljava/lang/String;)V+97
v  ~StubRoutines::call_stub
j  sun.reflect.NativeMethodAccessorImpl.invoke0(Ljava/lang/reflect/Method;Ljava/lang/Object;[Ljava/lang/Object;)Ljava/lang/Object;+0
j  sun.reflect.NativeMethodAccessorImpl.invoke(Ljava/lang/Object;[Ljava/lang/Object;)Ljava/lang/Object;+100
j  sun.reflect.DelegatingMethodAccessorImpl.invoke(Ljava/lang/Object;[Ljava/lang/Object;)Ljava/lang/Object;+6
j  java.lang.reflect.Method.invoke(Ljava/lang/Object;[Ljava/lang/Object;)Ljava/lang/Object;+56
j  org.springframework.boot.loader.MainMethodRunner.run()V+43
j  org.springframework.boot.loader.Launcher.launch([Ljava/lang/String;Ljava/lang/String;Ljava/lang/ClassLoader;)V+14
j  org.springframework.boot.loader.Launcher.launch([Ljava/lang/String;)V+19
j  org.springframework.boot.loader.JarLauncher.main([Ljava/lang/String;)V+8
v  ~StubRoutines::call_stub

---------------  P R O C E S S  ---------------

Java Threads: ( => current thread )
  0x00007fbd344e2ae0 JavaThread "process reaper" daemon [_thread_blocked, id=13550, stack(0x00007fbd3e1ea000,0x00007fbd3e223000)]
  0x00007fbd341940b0 JavaThread "Service Thread" daemon [_thread_blocked, id=13544, stack(0x00007fbd1c8d5000,0x00007fbd1c9d6000)]
  0x00007fbd3418fba0 JavaThread "C1 CompilerThread2" daemon [_thread_blocked, id=13543, stack(0x00007fbd1c9d6000,0x00007fbd1cad7000)]
  0x00007fbd3401a380 JavaThread "C2 CompilerThread1" daemon [_thread_blocked, id=13542, stack(0x00007fbd1cad7000,0x00007fbd1cbd8000)]
  0x00007fbd34181780 JavaThread "C2 CompilerThread0" daemon [_thread_blocked, id=13540, stack(0x00007fbd1cbd8000,0x00007fbd1ccd9000)]
  0x00007fbd3417ff20 JavaThread "Signal Dispatcher" daemon [_thread_blocked, id=13539, stack(0x00007fbd1ccd9000,0x00007fbd1cdda000)]
  0x00007fbd34156870 JavaThread "Finalizer" daemon [_thread_blocked, id=13538, stack(0x00007fbd1cdda000,0x00007fbd1cedb000)]
  0x00007fbd34152600 JavaThread "Reference Handler" daemon [_thread_blocked, id=13537, stack(0x00007fbd1cedb000,0x00007fbd1cfdc000)]
=>0x00007fbd340087f0 JavaThread "main" [_thread_in_native, id=13531, stack(0x00007fbd3e2d9000,0x00007fbd3e3da000)]

Other Threads:
  0x00007fbd341490e0 VMThread [stack: 0x00007fbd1cfdc000,0x00007fbd1d0dd000] [id=13536]
  0x00007fbd34196000 WatcherThread [stack: 0x00007fbd1c7d4000,0x00007fbd1c8d5000] [id=13545]

VM state:not at safepoint (normal execution)

VM Mutex/Monitor currently owned by a thread: None

Heap:
 PSYoungGen      total 74752K, used 9079K [0x000000076d400000, 0x0000000772700000, 0x00000007c0000000)
  eden space 64512K, 14% used [0x000000076d400000,0x000000076dcdde60,0x0000000771300000)
  from space 10240K, 0% used [0x0000000771d00000,0x0000000771d00000,0x0000000772700000)
  to   space 10240K, 0% used [0x0000000771300000,0x0000000771300000,0x0000000771d00000)
 ParOldGen       total 171008K, used 0K [0x00000006c7c00000, 0x00000006d2300000, 0x000000076d400000)
  object space 171008K, 0% used [0x00000006c7c00000,0x00000006c7c00000,0x00000006d2300000)
 Metaspace       used 6697K, capacity 6926K, committed 7168K, reserved 1056768K
  class space    used 685K, capacity 751K, committed 768K, reserved 1048576K

Card table byte_map: [0x00007fbd3a7f2000,0x00007fbd3afb5000] byte_map_base: 0x00007fbd371b4000

Marking Bits: (ParMarkBitMap*) 0x00007fbd3d5a1da0
 Begin Bits: [0x00007fbd1d3e0000, 0x00007fbd211f0000)
 End Bits:   [0x00007fbd211f0000, 0x00007fbd25000000)

Polling page: 0x00007fbd3e3e6000

CodeCache: size=245760Kb used=1897Kb max_used=1897Kb free=243862Kb
 bounds [0x00007fbd25000000, 0x00007fbd25270000, 0x00007fbd34000000]
 total_blobs=736 nmethods=424 adapters=227
 compilation: enabled

Compilation events (10 events):
Event: 2.606 Thread 0x00007fbd3418fba0  418       3       org.springframework.boot.loader.jar.Bytes::fill (9 bytes)
Event: 2.606 Thread 0x00007fbd3418fba0 nmethod 418 0x00007fbd251d9cd0 code [0x00007fbd251d9e60, 0x00007fbd251da1e8]
Event: 2.606 Thread 0x00007fbd3418fba0  421       1       sun.util.calendar.BaseCalendar$Date::getCachedYear (5 bytes)
Event: 2.606 Thread 0x00007fbd3418fba0 nmethod 421 0x00007fbd251da390 code [0x00007fbd251da4e0, 0x00007fbd251da5f0]
Event: 2.606 Thread 0x00007fbd3418fba0  422       1       sun.util.calendar.CalendarDate::getHours (5 bytes)
Event: 2.606 Thread 0x00007fbd3418fba0 nmethod 422 0x00007fbd251da650 code [0x00007fbd251da7a0, 0x00007fbd251da8b0]
Event: 2.606 Thread 0x00007fbd3418fba0  423       1       sun.util.calendar.CalendarDate::getMinutes (5 bytes)
Event: 2.607 Thread 0x00007fbd3418fba0 nmethod 423 0x00007fbd251da910 code [0x00007fbd251daa60, 0x00007fbd251dab70]
Event: 2.607 Thread 0x00007fbd3418fba0  424       1       sun.util.calendar.CalendarDate::getSeconds (5 bytes)
Event: 2.607 Thread 0x00007fbd3418fba0 nmethod 424 0x00007fbd251dabd0 code [0x00007fbd251dad20, 0x00007fbd251dae30]

GC Heap History (0 events):
No events

Deoptimization events (0 events):
No events

Internal exceptions (10 events):
Event: 0.088 Thread 0x00007fbd340087f0 Exception <a 'java/lang/NoSuchMethodError': Method sun.misc.Unsafe.prefetchRead(Ljava/lang/Object;J)V name or signature does not match> (0x000000076d407f88) thrown at [/builddir/build/BUILD/java-1.8.0-openjdk-1.8.0.151-1.b12.el7_4.x86_64/openjdk/hotspot/s
Event: 0.314 Thread 0x00007fbd340087f0 Exception <a 'java/lang/NoSuchFieldError': method resolution failed> (0x000000076d714618) thrown at [/builddir/build/BUILD/java-1.8.0-openjdk-1.8.0.151-1.b12.el7_4.x86_64/openjdk/hotspot/src/share/vm/prims/methodHandles.cpp, line 1146]
Event: 0.317 Thread 0x00007fbd340087f0 Exception <a 'java/lang/NoSuchFieldError': method resolution failed> (0x000000076d721a18) thrown at [/builddir/build/BUILD/java-1.8.0-openjdk-1.8.0.151-1.b12.el7_4.x86_64/openjdk/hotspot/src/share/vm/prims/methodHandles.cpp, line 1146]
Event: 0.408 Thread 0x00007fbd340087f0 Exception <a 'java/lang/ClassNotFoundException': org/springframework/boot/loader/file/Handler> (0x000000076d7e7700) thrown at [/builddir/build/BUILD/java-1.8.0-openjdk-1.8.0.151-1.b12.el7_4.x86_64/openjdk/hotspot/src/share/vm/classfile/systemDictionary.cp
Event: 0.409 Thread 0x00007fbd340087f0 Exception <a 'java/security/PrivilegedActionException'> (0x000000076d7f0148) thrown at [/builddir/build/BUILD/java-1.8.0-openjdk-1.8.0.151-1.b12.el7_4.x86_64/openjdk/hotspot/src/share/vm/prims/jvm.cpp, line 1400]
Event: 0.409 Thread 0x00007fbd340087f0 Exception <a 'java/security/PrivilegedActionException'> (0x000000076d7f0540) thrown at [/builddir/build/BUILD/java-1.8.0-openjdk-1.8.0.151-1.b12.el7_4.x86_64/openjdk/hotspot/src/share/vm/prims/jvm.cpp, line 1400]
Event: 0.413 Thread 0x00007fbd340087f0 Exception <a 'java/security/PrivilegedActionException'> (0x000000076d7f3200) thrown at [/builddir/build/BUILD/java-1.8.0-openjdk-1.8.0.151-1.b12.el7_4.x86_64/openjdk/hotspot/src/share/vm/prims/jvm.cpp, line 1400]
Event: 0.413 Thread 0x00007fbd340087f0 Exception <a 'java/security/PrivilegedActionException'> (0x000000076d7f35f8) thrown at [/builddir/build/BUILD/java-1.8.0-openjdk-1.8.0.151-1.b12.el7_4.x86_64/openjdk/hotspot/src/share/vm/prims/jvm.cpp, line 1400]
Event: 0.413 Thread 0x00007fbd340087f0 Exception <a 'java/security/PrivilegedActionException'> (0x000000076d7f46c0) thrown at [/builddir/build/BUILD/java-1.8.0-openjdk-1.8.0.151-1.b12.el7_4.x86_64/openjdk/hotspot/src/share/vm/prims/jvm.cpp, line 1400]
Event: 0.413 Thread 0x00007fbd340087f0 Exception <a 'java/security/PrivilegedActionException'> (0x000000076d7f4ab8) thrown at [/builddir/build/BUILD/java-1.8.0-openjdk-1.8.0.151-1.b12.el7_4.x86_64/openjdk/hotspot/src/share/vm/prims/jvm.cpp, line 1400]

Events (10 events):
Event: 2.601 loading class com/sun/jna/Library$Handler$FunctionInfo
Event: 2.601 loading class com/sun/jna/Library$Handler$FunctionInfo done
Event: 2.602 loading class com/sun/jna/NativeString
Event: 2.602 loading class com/sun/jna/NativeString done
Event: 2.603 loading class com/sun/jna/NativeString$StringMemory
Event: 2.603 loading class com/sun/jna/NativeString$StringMemory done
Event: 2.604 loading class com/sun/jna/Memory$SharedMemory
Event: 2.604 loading class com/sun/jna/Memory$SharedMemory done
Event: 2.604 loading class com/sun/jna/WeakMemoryHolder
Event: 2.604 loading class com/sun/jna/WeakMemoryHolder done


Dynamic libraries:
00400000-00401000 r-xp 00000000 fd:01 2413332                            /usr/lib/jvm/java-1.8.0-openjdk-1.8.0.151-1.b12.el7_4.x86_64/jre/bin/java
00600000-00601000 r--p 00000000 fd:01 2413332                            /usr/lib/jvm/java-1.8.0-openjdk-1.8.0.151-1.b12.el7_4.x86_64/jre/bin/java
00601000-00602000 rw-p 00001000 fd:01 2413332                            /usr/lib/jvm/java-1.8.0-openjdk-1.8.0.151-1.b12.el7_4.x86_64/jre/bin/java
022f6000-02317000 rw-p 00000000 00:00 0                                  [heap]
6c7c00000-6d2300000 rw-p 00000000 00:00 0 
6d2300000-76d400000 ---p 00000000 00:00 0 
76d400000-772700000 rw-p 00000000 00:00 0 
772700000-7c0000000 ---p 00000000 00:00 0 
7c0000000-7c00c0000 rw-p 00000000 00:00 0 
7c00c0000-800000000 ---p 00000000 00:00 0 
7fbcd4000000-7fbcd4021000 rw-p 00000000 00:00 0 
7fbcd4021000-7fbcd8000000 ---p 00000000 00:00 0 
7fbcdc000000-7fbcdc021000 rw-p 00000000 00:00 0 
7fbcdc021000-7fbce0000000 ---p 00000000 00:00 0 
7fbce0000000-7fbce0021000 rw-p 00000000 00:00 0 
7fbce0021000-7fbce4000000 ---p 00000000 00:00 0 
7fbce4000000-7fbce4021000 rw-p 00000000 00:00 0 
7fbce4021000-7fbce8000000 ---p 00000000 00:00 0 
7fbce8000000-7fbce8215000 rw-p 00000000 00:00 0 
7fbce8215000-7fbcec000000 ---p 00000000 00:00 0 
7fbcec000000-7fbcec021000 rw-p 00000000 00:00 0 
7fbcec021000-7fbcf0000000 ---p 00000000 00:00 0 
7fbcf0000000-7fbcf0070000 rw-p 00000000 00:00 0 
7fbcf0070000-7fbcf4000000 ---p 00000000 00:00 0 
7fbcf4000000-7fbcf4021000 rw-p 00000000 00:00 0 
7fbcf4021000-7fbcf8000000 ---p 00000000 00:00 0 
7fbcf9ad7000-7fbd00000000 r--p 00000000 fd:01 665533                     /usr/lib/locale/locale-archive
7fbd00000000-7fbd00021000 rw-p 00000000 00:00 0 
7fbd00021000-7fbd04000000 ---p 00000000 00:00 0 
7fbd04000000-7fbd04021000 rw-p 00000000 00:00 0 
7fbd04021000-7fbd08000000 ---p 00000000 00:00 0 
7fbd08000000-7fbd08021000 rw-p 00000000 00:00 0 
7fbd08021000-7fbd0c000000 ---p 00000000 00:00 0 
7fbd0c000000-7fbd0c021000 rw-p 00000000 00:00 0 
7fbd0c021000-7fbd10000000 ---p 00000000 00:00 0 
7fbd10000000-7fbd10021000 rw-p 00000000 00:00 0 
7fbd10021000-7fbd14000000 ---p 00000000 00:00 0 
7fbd17100000-7fbd17900000 rw-p 00000000 00:00 0 
7fbd18000000-7fbd18021000 rw-p 00000000 00:00 0 
7fbd18021000-7fbd1c000000 ---p 00000000 00:00 0 
7fbd1c10a000-7fbd1c161000 r-xp 00000000 fd:11 5898650                    /web/java/java/camera/lib/libHvDevice.so
7fbd1c161000-7fbd1c361000 ---p 00057000 fd:11 5898650                    /web/java/java/camera/lib/libHvDevice.so
7fbd1c361000-7fbd1c362000 r--p 00057000 fd:11 5898650                    /web/java/java/camera/lib/libHvDevice.so
7fbd1c362000-7fbd1c39a000 rw-p 00058000 fd:11 5898650                    /web/java/java/camera/lib/libHvDevice.so
7fbd1c39a000-7fbd1c3b0000 rw-p 00000000 00:00 0 
7fbd1c3b0000-7fbd1c3ba000 r-xp 00000000 fd:11 5899808                    /web/java/java/camera/lib/libHvDeviceJava.so
7fbd1c3ba000-7fbd1c5b9000 ---p 0000a000 fd:11 5899808                    /web/java/java/camera/lib/libHvDeviceJava.so
7fbd1c5b9000-7fbd1c5ba000 r--p 00009000 fd:11 5899808                    /web/java/java/camera/lib/libHvDeviceJava.so
7fbd1c5ba000-7fbd1c5bb000 rw-p 0000a000 fd:11 5899808                    /web/java/java/camera/lib/libHvDeviceJava.so
7fbd1c5bb000-7fbd1c5d3000 r-xp 00000000 fd:01 421871                     /tmp/jna-3506402/jna11713450861047788.tmp (deleted)
7fbd1c5d3000-7fbd1c7d3000 ---p 00018000 fd:01 421871                     /tmp/jna-3506402/jna11713450861047788.tmp (deleted)
7fbd1c7d3000-7fbd1c7d4000 rw-p 00018000 fd:01 421871                     /tmp/jna-3506402/jna11713450861047788.tmp (deleted)
7fbd1c7d4000-7fbd1c7d5000 ---p 00000000 00:00 0 
7fbd1c7d5000-7fbd1c8d5000 rw-p 00000000 00:00 0                          [stack:13545]
7fbd1c8d5000-7fbd1c8d8000 ---p 00000000 00:00 0 
7fbd1c8d8000-7fbd1c9d6000 rw-p 00000000 00:00 0                          [stack:13544]
7fbd1c9d6000-7fbd1c9d9000 ---p 00000000 00:00 0 
7fbd1c9d9000-7fbd1cad7000 rw-p 00000000 00:00 0                          [stack:13543]
7fbd1cad7000-7fbd1cada000 ---p 00000000 00:00 0 
7fbd1cada000-7fbd1cbd8000 rw-p 00000000 00:00 0                          [stack:13542]
7fbd1cbd8000-7fbd1cbdb000 ---p 00000000 00:00 0 
7fbd1cbdb000-7fbd1ccd9000 rw-p 00000000 00:00 0                          [stack:13540]
7fbd1ccd9000-7fbd1ccdc000 ---p 00000000 00:00 0 
7fbd1ccdc000-7fbd1cdda000 rw-p 00000000 00:00 0                          [stack:13539]
7fbd1cdda000-7fbd1cddd000 ---p 00000000 00:00 0 
7fbd1cddd000-7fbd1cedb000 rw-p 00000000 00:00 0                          [stack:13538]
7fbd1cedb000-7fbd1cede000 ---p 00000000 00:00 0 
7fbd1cede000-7fbd1cfdc000 rw-p 00000000 00:00 0                          [stack:13537]
7fbd1cfdc000-7fbd1cfdd000 ---p 00000000 00:00 0 
7fbd1cfdd000-7fbd25000000 rw-p 00000000 00:00 0                          [stack:13536]
7fbd25000000-7fbd25270000 rwxp 00000000 00:00 0 
7fbd25270000-7fbd34000000 ---p 00000000 00:00 0 
7fbd34000000-7fbd345a9000 rw-p 00000000 00:00 0 
7fbd345a9000-7fbd38000000 ---p 00000000 00:00 0 
7fbd38061000-7fbd38cbb000 rw-p 00000000 00:00 0 
7fbd38cbb000-7fbd38e8a000 r--s 043ff000 fd:01 2413422                    /usr/lib/jvm/java-1.8.0-openjdk-1.8.0.151-1.b12.el7_4.x86_64/jre/lib/rt.jar
7fbd38e8a000-7fbd39540000 rw-p 00000000 00:00 0 
7fbd39540000-7fbd39700000 ---p 00000000 00:00 0 
7fbd39700000-7fbd39ec2000 rw-p 00000000 00:00 0 
7fbd39ec2000-7fbd39ec3000 ---p 00000000 00:00 0 
7fbd39ec3000-7fbd39fc3000 rw-p 00000000 00:00 0                          [stack:13535]
7fbd39fc3000-7fbd39fc4000 ---p 00000000 00:00 0 
7fbd39fc4000-7fbd3a0c4000 rw-p 00000000 00:00 0                          [stack:13534]
7fbd3a0c4000-7fbd3a0c5000 ---p 00000000 00:00 0 
7fbd3a0c5000-7fbd3a1c5000 rw-p 00000000 00:00 0                          [stack:13533]
7fbd3a1c5000-7fbd3a1c6000 ---p 00000000 00:00 0 
7fbd3a1c6000-7fbd3a31a000 rw-p 00000000 00:00 0                          [stack:13532]
7fbd3a31a000-7fbd3a7f2000 ---p 00000000 00:00 0 
7fbd3a7f2000-7fbd3a846000 rw-p 00000000 00:00 0 
7fbd3a846000-7fbd3ad1e000 ---p 00000000 00:00 0 
7fbd3ad1e000-7fbd3ad48000 rw-p 00000000 00:00 0 
7fbd3ad48000-7fbd3afb4000 ---p 00000000 00:00 0 
7fbd3afb4000-7fbd3afbf000 rw-p 00000000 00:00 0 
7fbd3afbf000-7fbd3b375000 ---p 00000000 00:00 0 
7fbd3b375000-7fbd3b37d000 r-xp 00000000 fd:01 2413373                    /usr/lib/jvm/java-1.8.0-openjdk-1.8.0.151-1.b12.el7_4.x86_64/jre/lib/amd64/libzip.so
7fbd3b37d000-7fbd3b57c000 ---p 00008000 fd:01 2413373                    /usr/lib/jvm/java-1.8.0-openjdk-1.8.0.151-1.b12.el7_4.x86_64/jre/lib/amd64/libzip.so
7fbd3b57c000-7fbd3b57d000 r--p 00007000 fd:01 2413373                    /usr/lib/jvm/java-1.8.0-openjdk-1.8.0.151-1.b12.el7_4.x86_64/jre/lib/amd64/libzip.so
7fbd3b57d000-7fbd3b57e000 rw-p 00008000 fd:01 2413373                    /usr/lib/jvm/java-1.8.0-openjdk-1.8.0.151-1.b12.el7_4.x86_64/jre/lib/amd64/libzip.so
7fbd3b57e000-7fbd3b58a000 r-xp 00000000 fd:01 663465                     /usr/lib64/libnss_files-2.17.so
7fbd3b58a000-7fbd3b789000 ---p 0000c000 fd:01 663465                     /usr/lib64/libnss_files-2.17.so
7fbd3b789000-7fbd3b78a000 r--p 0000b000 fd:01 663465                     /usr/lib64/libnss_files-2.17.so
7fbd3b78a000-7fbd3b78b000 rw-p 0000c000 fd:01 663465                     /usr/lib64/libnss_files-2.17.so
7fbd3b78b000-7fbd3b791000 rw-p 00000000 00:00 0 
7fbd3b791000-7fbd3b7be000 r-xp 00000000 fd:01 2413355                    /usr/lib/jvm/java-1.8.0-openjdk-1.8.0.151-1.b12.el7_4.x86_64/jre/lib/amd64/libjava.so
7fbd3b7be000-7fbd3b9be000 ---p 0002d000 fd:01 2413355                    /usr/lib/jvm/java-1.8.0-openjdk-1.8.0.151-1.b12.el7_4.x86_64/jre/lib/amd64/libjava.so
7fbd3b9be000-7fbd3b9bf000 r--p 0002d000 fd:01 2413355                    /usr/lib/jvm/java-1.8.0-openjdk-1.8.0.151-1.b12.el7_4.x86_64/jre/lib/amd64/libjava.so
7fbd3b9bf000-7fbd3b9c1000 rw-p 0002e000 fd:01 2413355                    /usr/lib/jvm/java-1.8.0-openjdk-1.8.0.151-1.b12.el7_4.x86_64/jre/lib/amd64/libjava.so
7fbd3b9c1000-7fbd3b9ce000 r-xp 00000000 fd:01 2413372                    /usr/lib/jvm/java-1.8.0-openjdk-1.8.0.151-1.b12.el7_4.x86_64/jre/lib/amd64/libverify.so
7fbd3b9ce000-7fbd3bbcd000 ---p 0000d000 fd:01 2413372                    /usr/lib/jvm/java-1.8.0-openjdk-1.8.0.151-1.b12.el7_4.x86_64/jre/lib/amd64/libverify.so
7fbd3bbcd000-7fbd3bbcf000 r--p 0000c000 fd:01 2413372                    /usr/lib/jvm/java-1.8.0-openjdk-1.8.0.151-1.b12.el7_4.x86_64/jre/lib/amd64/libverify.so
7fbd3bbcf000-7fbd3bbd0000 rw-p 0000e000 fd:01 2413372                    /usr/lib/jvm/java-1.8.0-openjdk-1.8.0.151-1.b12.el7_4.x86_64/jre/lib/amd64/libverify.so
7fbd3bbd0000-7fbd3bbd7000 r-xp 00000000 fd:01 663468                     /usr/lib64/librt-2.17.so
7fbd3bbd7000-7fbd3bdd6000 ---p 00007000 fd:01 663468                     /usr/lib64/librt-2.17.so
7fbd3bdd6000-7fbd3bdd7000 r--p 00006000 fd:01 663468                     /usr/lib64/librt-2.17.so
7fbd3bdd7000-7fbd3bdd8000 rw-p 00007000 fd:01 663468                     /usr/lib64/librt-2.17.so
7fbd3bdd8000-7fbd3bded000 r-xp 00000000 fd:01 193185                     /usr/lib64/libgcc_s-4.8.5-20150702.so.1
7fbd3bded000-7fbd3bfec000 ---p 00015000 fd:01 193185                     /usr/lib64/libgcc_s-4.8.5-20150702.so.1
7fbd3bfec000-7fbd3bfed000 r--p 00014000 fd:01 193185                     /usr/lib64/libgcc_s-4.8.5-20150702.so.1
7fbd3bfed000-7fbd3bfee000 rw-p 00015000 fd:01 193185                     /usr/lib64/libgcc_s-4.8.5-20150702.so.1
7fbd3bfee000-7fbd3c0ef000 r-xp 00000000 fd:01 663462                     /usr/lib64/libm-2.17.so
7fbd3c0ef000-7fbd3c2ee000 ---p 00101000 fd:01 663462                     /usr/lib64/libm-2.17.so
7fbd3c2ee000-7fbd3c2ef000 r--p 00100000 fd:01 663462                     /usr/lib64/libm-2.17.so
7fbd3c2ef000-7fbd3c2f0000 rw-p 00101000 fd:01 663462                     /usr/lib64/libm-2.17.so
7fbd3c2f0000-7fbd3c3d9000 r-xp 00000000 fd:01 657610                     /usr/lib64/libstdc++.so.6.0.19
7fbd3c3d9000-7fbd3c5d9000 ---p 000e9000 fd:01 657610                     /usr/lib64/libstdc++.so.6.0.19
7fbd3c5d9000-7fbd3c5e1000 r--p 000e9000 fd:01 657610                     /usr/lib64/libstdc++.so.6.0.19
7fbd3c5e1000-7fbd3c5e3000 rw-p 000f1000 fd:01 657610                     /usr/lib64/libstdc++.so.6.0.19
7fbd3c5e3000-7fbd3c5f8000 rw-p 00000000 00:00 0 
7fbd3c5f8000-7fbd3d2b8000 r-xp 00000000 fd:01 2413376                    /usr/lib/jvm/java-1.8.0-openjdk-1.8.0.151-1.b12.el7_4.x86_64/jre/lib/amd64/server/libjvm.so
7fbd3d2b8000-7fbd3d4b8000 ---p 00cc0000 fd:01 2413376                    /usr/lib/jvm/java-1.8.0-openjdk-1.8.0.151-1.b12.el7_4.x86_64/jre/lib/amd64/server/libjvm.so
7fbd3d4b8000-7fbd3d563000 r--p 00cc0000 fd:01 2413376                    /usr/lib/jvm/java-1.8.0-openjdk-1.8.0.151-1.b12.el7_4.x86_64/jre/lib/amd64/server/libjvm.so
7fbd3d563000-7fbd3d58c000 rw-p 00d6b000 fd:01 2413376                    /usr/lib/jvm/java-1.8.0-openjdk-1.8.0.151-1.b12.el7_4.x86_64/jre/lib/amd64/server/libjvm.so
7fbd3d58c000-7fbd3d5bf000 rw-p 00000000 00:00 0 
7fbd3d5bf000-7fbd3d777000 r-xp 00000000 fd:01 657568                     /usr/lib64/libc-2.17.so
7fbd3d777000-7fbd3d977000 ---p 001b8000 fd:01 657568                     /usr/lib64/libc-2.17.so
7fbd3d977000-7fbd3d97b000 r--p 001b8000 fd:01 657568                     /usr/lib64/libc-2.17.so
7fbd3d97b000-7fbd3d97d000 rw-p 001bc000 fd:01 657568                     /usr/lib64/libc-2.17.so
7fbd3d97d000-7fbd3d982000 rw-p 00000000 00:00 0 
7fbd3d982000-7fbd3d984000 r-xp 00000000 fd:01 663461                     /usr/lib64/libdl-2.17.so
7fbd3d984000-7fbd3db84000 ---p 00002000 fd:01 663461                     /usr/lib64/libdl-2.17.so
7fbd3db84000-7fbd3db85000 r--p 00002000 fd:01 663461                     /usr/lib64/libdl-2.17.so
7fbd3db85000-7fbd3db86000 rw-p 00003000 fd:01 663461                     /usr/lib64/libdl-2.17.so
7fbd3db86000-7fbd3db94000 r-xp 00000000 fd:01 2413342                    /usr/lib/jvm/java-1.8.0-openjdk-1.8.0.151-1.b12.el7_4.x86_64/jre/lib/amd64/jli/libjli.so
7fbd3db94000-7fbd3dd93000 ---p 0000e000 fd:01 2413342                    /usr/lib/jvm/java-1.8.0-openjdk-1.8.0.151-1.b12.el7_4.x86_64/jre/lib/amd64/jli/libjli.so
7fbd3dd93000-7fbd3dd94000 r--p 0000d000 fd:01 2413342                    /usr/lib/jvm/java-1.8.0-openjdk-1.8.0.151-1.b12.el7_4.x86_64/jre/lib/amd64/jli/libjli.so
7fbd3dd94000-7fbd3dd95000 rw-p 0000e000 fd:01 2413342                    /usr/lib/jvm/java-1.8.0-openjdk-1.8.0.151-1.b12.el7_4.x86_64/jre/lib/amd64/jli/libjli.so
7fbd3dd95000-7fbd3ddaa000 r-xp 00000000 fd:01 657746                     /usr/lib64/libz.so.1.2.7
7fbd3ddaa000-7fbd3dfa9000 ---p 00015000 fd:01 657746                     /usr/lib64/libz.so.1.2.7
7fbd3dfa9000-7fbd3dfaa000 r--p 00014000 fd:01 657746                     /usr/lib64/libz.so.1.2.7
7fbd3dfaa000-7fbd3dfab000 rw-p 00015000 fd:01 657746                     /usr/lib64/libz.so.1.2.7
7fbd3dfab000-7fbd3dfc2000 r-xp 00000000 fd:01 657594                     /usr/lib64/libpthread-2.17.so
7fbd3dfc2000-7fbd3e1c1000 ---p 00017000 fd:01 657594                     /usr/lib64/libpthread-2.17.so
7fbd3e1c1000-7fbd3e1c2000 r--p 00016000 fd:01 657594                     /usr/lib64/libpthread-2.17.so
7fbd3e1c2000-7fbd3e1c3000 rw-p 00017000 fd:01 657594                     /usr/lib64/libpthread-2.17.so
7fbd3e1c3000-7fbd3e1c7000 rw-p 00000000 00:00 0 
7fbd3e1c7000-7fbd3e1e8000 r-xp 00000000 fd:01 657554                     /usr/lib64/ld-2.17.so
7fbd3e1ea000-7fbd3e1ed000 ---p 00000000 00:00 0 
7fbd3e1ed000-7fbd3e223000 rw-p 00000000 00:00 0                          [stack:13550]
7fbd3e223000-7fbd3e228000 r--s 000b3000 fd:01 2413409                    /usr/lib/jvm/java-1.8.0-openjdk-1.8.0.151-1.b12.el7_4.x86_64/jre/lib/jsse.jar
7fbd3e228000-7fbd3e2d1000 rw-p 00000000 00:00 0 
7fbd3e2d1000-7fbd3e2d9000 rw-s 00000000 fd:01 421869                     /tmp/hsperfdata_root/13530
7fbd3e2d9000-7fbd3e2dc000 ---p 00000000 00:00 0 
7fbd3e2dc000-7fbd3e3df000 rw-p 00000000 00:00 0                          [stack:13531]
7fbd3e3e3000-7fbd3e3e5000 r--s 004e4000 fd:11 5899060                    /web/java/java/camera/target/camera-1.jar
7fbd3e3e5000-7fbd3e3e6000 rw-p 00000000 00:00 0 
7fbd3e3e6000-7fbd3e3e7000 r--p 00000000 00:00 0 
7fbd3e3e7000-7fbd3e3e8000 rw-p 00000000 00:00 0 
7fbd3e3e8000-7fbd3e3e9000 r--p 00021000 fd:01 657554                     /usr/lib64/ld-2.17.so
7fbd3e3e9000-7fbd3e3ea000 rw-p 00022000 fd:01 657554                     /usr/lib64/ld-2.17.so
7fbd3e3ea000-7fbd3e3eb000 rw-p 00000000 00:00 0 
7ffc4066d000-7ffc4068e000 rw-p 00000000 00:00 0                          [stack]
7ffc406bb000-7ffc406bd000 r-xp 00000000 00:00 0                          [vdso]
ffffffffff600000-ffffffffff601000 r-xp 00000000 00:00 0                  [vsyscall]

VM Arguments:
java_command: target/camera-1.jar
java_class_path (initial): target/camera-1.jar
Launcher Type: SUN_STANDARD

Environment Variables:
PATH=/usr/local/sbin:/usr/local/bin:/usr/sbin:/usr/bin:/root/bin
LD_LIBRARY_PATH=:.:./lib
SHELL=/bin/bash

Signal Handlers:
SIGSEGV: [libjvm.so+0xab05b0], sa_mask[0]=11111111011111111101111111111110, sa_flags=SA_RESTART|SA_SIGINFO
SIGBUS: [libjvm.so+0xab05b0], sa_mask[0]=11111111011111111101111111111110, sa_flags=SA_RESTART|SA_SIGINFO
SIGFPE: [libjvm.so+0x8a8b20], sa_mask[0]=11111111011111111101111111111110, sa_flags=SA_RESTART|SA_SIGINFO
SIGPIPE: [libjvm.so+0x8a8b20], sa_mask[0]=11111111011111111101111111111110, sa_flags=SA_RESTART|SA_SIGINFO
SIGXFSZ: [libjvm.so+0x8a8b20], sa_mask[0]=11111111011111111101111111111110, sa_flags=SA_RESTART|SA_SIGINFO
SIGILL: [libjvm.so+0x8a8b20], sa_mask[0]=11111111011111111101111111111110, sa_flags=SA_RESTART|SA_SIGINFO
SIGUSR1: SIG_DFL, sa_mask[0]=00000000000000000000000000000000, sa_flags=none
SIGUSR2: [libjvm.so+0x8a89d0], sa_mask[0]=00000000000000000000000000000000, sa_flags=SA_RESTART|SA_SIGINFO
SIGHUP: [libjvm.so+0x8a8be0], sa_mask[0]=11111111011111111101111111111110, sa_flags=SA_RESTART|SA_SIGINFO
SIGINT: [libjvm.so+0x8a8be0], sa_mask[0]=11111111011111111101111111111110, sa_flags=SA_RESTART|SA_SIGINFO
SIGTERM: [libjvm.so+0x8a8be0], sa_mask[0]=11111111011111111101111111111110, sa_flags=SA_RESTART|SA_SIGINFO
SIGQUIT: [libjvm.so+0x8a8be0], sa_mask[0]=11111111011111111101111111111110, sa_flags=SA_RESTART|SA_SIGINFO


---------------  S Y S T E M  ---------------

OS:CentOS Linux release 7.4.1708 (Core) 

uname:Linux 3.10.0-514.26.2.el7.x86_64 #1 SMP Tue Jul 4 15:04:05 UTC 2017 x86_64
libc:glibc 2.17 NPTL 2.17 
rlimit: STACK 8192k, CORE 0k, NPROC 63465, NOFILE 65535, AS infinity
load average:5.72 5.35 5.47

/proc/meminfo:
MemTotal:       16267956 kB
MemFree:         1092904 kB
MemAvailable:    3956256 kB
Buffers:          361784 kB
Cached:          2453044 kB
SwapCached:            0 kB
Active:         13016516 kB
Inactive:        1371088 kB
Active(anon):   11593412 kB
Inactive(anon):    28968 kB
Active(file):    1423104 kB
Inactive(file):  1342120 kB
Unevictable:           0 kB
Mlocked:               0 kB
SwapTotal:             0 kB
SwapFree:              0 kB
Dirty:              6556 kB
Writeback:           112 kB
AnonPages:      11572788 kB
Mapped:           228284 kB
Shmem:             49604 kB
Slab:             516908 kB
SReclaimable:     436468 kB
SUnreclaim:        80440 kB
KernelStack:       20192 kB
PageTables:        63124 kB
NFS_Unstable:          0 kB
Bounce:                0 kB
WritebackTmp:          0 kB
CommitLimit:     8133976 kB
Committed_AS:   15279204 kB
VmallocTotal:   34359738367 kB
VmallocUsed:       34396 kB
VmallocChunk:   34359621924 kB
HardwareCorrupted:     0 kB
AnonHugePages:   7350272 kB
HugePages_Total:       0
HugePages_Free:        0
HugePages_Rsvd:        0
HugePages_Surp:        0
Hugepagesize:       2048 kB
DirectMap4k:      182144 kB
DirectMap2M:    11352064 kB
DirectMap1G:     7340032 kB


CPU:total 4 (initial active 4) (4 cores per cpu, 1 threads per core) family 6 model 79 stepping 1, cmov, cx8, fxsr, mmx, sse, sse2, sse3, ssse3, sse4.1, sse4.2, popcnt, avx, avx2, aes, clmul, erms, rtm, 3dnowpref, lzcnt, tsc, bmi1, bmi2, adx

/proc/cpuinfo:
processor	: 0
vendor_id	: GenuineIntel
cpu family	: 6
model		: 79
model name	: Intel(R) Xeon(R) CPU E5-2682 v4 @ 2.50GHz
stepping	: 1
microcode	: 0x1
cpu MHz		: 2499.994
cache size	: 40960 KB
physical id	: 0
siblings	: 4
core id		: 0
cpu cores	: 4
apicid		: 0
initial apicid	: 0
fpu		: yes
fpu_exception	: yes
cpuid level	: 13
wp		: yes
flags		: fpu vme de pse tsc msr pae mce cx8 apic sep mtrr pge mca cmov pat pse36 clflush mmx fxsr sse sse2 ss ht syscall nx pdpe1gb rdtscp lm constant_tsc rep_good nopl eagerfpu pni pclmulqdq ssse3 fma cx16 pcid sse4_1 sse4_2 x2apic movbe popcnt tsc_deadline_timer aes xsave avx f16c rdrand hypervisor lahf_lm abm 3dnowprefetch fsgsbase tsc_adjust bmi1 hle avx2 smep bmi2 erms invpcid rtm rdseed adx smap xsaveopt
bogomips	: 4999.98
clflush size	: 64
cache_alignment	: 64
address sizes	: 46 bits physical, 48 bits virtual
power management:

processor	: 1
vendor_id	: GenuineIntel
cpu family	: 6
model		: 79
model name	: Intel(R) Xeon(R) CPU E5-2682 v4 @ 2.50GHz
stepping	: 1
microcode	: 0x1
cpu MHz		: 2499.994
cache size	: 40960 KB
physical id	: 0
siblings	: 4
core id		: 1
cpu cores	: 4
apicid		: 1
initial apicid	: 1
fpu		: yes
fpu_exception	: yes
cpuid level	: 13
wp		: yes
flags		: fpu vme de pse tsc msr pae mce cx8 apic sep mtrr pge mca cmov pat pse36 clflush mmx fxsr sse sse2 ss ht syscall nx pdpe1gb rdtscp lm constant_tsc rep_good nopl eagerfpu pni pclmulqdq ssse3 fma cx16 pcid sse4_1 sse4_2 x2apic movbe popcnt tsc_deadline_timer aes xsave avx f16c rdrand hypervisor lahf_lm abm 3dnowprefetch fsgsbase tsc_adjust bmi1 hle avx2 smep bmi2 erms invpcid rtm rdseed adx smap xsaveopt
bogomips	: 4999.98
clflush size	: 64
cache_alignment	: 64
address sizes	: 46 bits physical, 48 bits virtual
power management:

processor	: 2
vendor_id	: GenuineIntel
cpu family	: 6
model		: 79
model name	: Intel(R) Xeon(R) CPU E5-2682 v4 @ 2.50GHz
stepping	: 1
microcode	: 0x1
cpu MHz		: 2499.994
cache size	: 40960 KB
physical id	: 0
siblings	: 4
core id		: 2
cpu cores	: 4
apicid		: 2
initial apicid	: 2
fpu		: yes
fpu_exception	: yes
cpuid level	: 13
wp		: yes
flags		: fpu vme de pse tsc msr pae mce cx8 apic sep mtrr pge mca cmov pat pse36 clflush mmx fxsr sse sse2 ss ht syscall nx pdpe1gb rdtscp lm constant_tsc rep_good nopl eagerfpu pni pclmulqdq ssse3 fma cx16 pcid sse4_1 sse4_2 x2apic movbe popcnt tsc_deadline_timer aes xsave avx f16c rdrand hypervisor lahf_lm abm 3dnowprefetch fsgsbase tsc_adjust bmi1 hle avx2 smep bmi2 erms invpcid rtm rdseed adx smap xsaveopt
bogomips	: 4999.98
clflush size	: 64
cache_alignment	: 64
address sizes	: 46 bits physical, 48 bits virtual
power management:

processor	: 3
vendor_id	: GenuineIntel
cpu family	: 6
model		: 79
model name	: Intel(R) Xeon(R) CPU E5-2682 v4 @ 2.50GHz
stepping	: 1
microcode	: 0x1
cpu MHz		: 2499.994
cache size	: 40960 KB
physical id	: 0
siblings	: 4
core id		: 3
cpu cores	: 4
apicid		: 3
initial apicid	: 3
fpu		: yes
fpu_exception	: yes
cpuid level	: 13
wp		: yes
flags		: fpu vme de pse tsc msr pae mce cx8 apic sep mtrr pge mca cmov pat pse36 clflush mmx fxsr sse sse2 ss ht syscall nx pdpe1gb rdtscp lm constant_tsc rep_good nopl eagerfpu pni pclmulqdq ssse3 fma cx16 pcid sse4_1 sse4_2 x2apic movbe popcnt tsc_deadline_timer aes xsave avx f16c rdrand hypervisor lahf_lm abm 3dnowprefetch fsgsbase tsc_adjust bmi1 hle avx2 smep bmi2 erms invpcid rtm rdseed adx smap xsaveopt
bogomips	: 4999.98
clflush size	: 64
cache_alignment	: 64
address sizes	: 46 bits physical, 48 bits virtual
power management:



Memory: 4k page, physical 16267956k(1092904k free), swap 0k(0k free)

vm_info: OpenJDK 64-Bit Server VM (25.151-b12) for linux-amd64 JRE (1.8.0_151-b12), built on Oct 20 2017 13:44:55 by "mockbuild" with gcc 4.8.5 20150623 (Red Hat 4.8.5-16)

time: Wed Jan 10 16:44:08 2018
elapsed time: 2 seconds (0d 0h 0m 2s)

