#
# A fatal error has been detected by the Java Runtime Environment:
#
#  SIGSEGV (0xb) at pc=0x00007f627aa5879d, pid=5078, tid=0x00007f6298fc2700
#
# JRE version: OpenJDK Runtime Environment (8.0_151-b12) (build 1.8.0_151-b12)
# Java VM: OpenJDK 64-Bit Server VM (25.151-b12 mixed mode linux-amd64 compressed oops)
# Problematic frame:
# C  [libHvDevice.so+0x2879d]  HVAPI_SearchDeviceCount+0x38
#
# Failed to write core dump. Core dumps have been disabled. To enable core dumping, try "ulimit -c unlimited" before starting Java again
#
# If you would like to submit a bug report, please visit:
#   http://bugreport.java.com/bugreport/crash.jsp
# The crash happened outside the Java Virtual Machine in native code.
# See problematic frame for where to report the bug.
#

---------------  T H R E A D  ---------------

Current thread (0x00007f6290008800):  JavaThread "main" [_thread_in_native, id=5079, stack(0x00007f6298ec2000,0x00007f6298fc3000)]

siginfo: si_signo: 11 (SIGSEGV), si_code: 1 (SEGV_MAPERR), si_addr: 0x000000000000000a

Registers:
RAX=0x000000000000000a, RBX=0x0000000000000008, RCX=0x00007f62982671ad, RDX=0x0000000000000000
RSP=0x00007f6298fc0300, RBP=0x00007f6298fc0320, RSI=0x0000000000000000, RDI=0x0000000000000000
R8 =0x00007f6298fbf2c0, R9 =0x00007f6298fbf148, R10=0x00007f6298fbee20, R11=0x0000000000000000
R12=0x00007f6298fc0470, R13=0x0000000000000004, R14=0x0000000000000001, R15=0x00007f6298fc0450
RIP=0x00007f627aa5879d, EFLAGS=0x0000000000010206, CSGSFS=0x0000000000000033, ERR=0x0000000000000006
  TRAPNO=0x000000000000000e

Top of Stack: (sp=0x00007f6298fc0300)
0x00007f6298fc0300:   00007f6298fc0330 000000000000000a
0x00007f6298fc0310:   00000000e35107ce 0000000000000000
0x00007f6298fc0320:   00007f6298fc0330 00007f627ace9564
0x00007f6298fc0330:   000000000000000a 00007f6298fc0dd8
0x00007f6298fc0340:   00007f6298fc0440 00007f627ace92cb
0x00007f6298fc0350:   00007f6298fc03e8 0000000000000000
0x00007f6298fc0360:   00007f6298fc0390 00007f627ace8a8b
0x00007f6298fc0370:   0000000000000000 00007f6298fc0d50
0x00007f6298fc0380:   0000000000000000 0000000000000000
0x00007f6298fc0390:   00007f627aa58765 00007f6298fc0280
0x00007f6298fc03a0:   00007f6298fc0dd8 0000000098fc03e8
0x00007f6298fc03b0:   00007f6298fc0280 00007f6298fc0d50
0x00007f6298fc03c0:   0000000190008800 00007f6298fc03f0
0x00007f6298fc03d0:   00007f6298fc040c 00007f6298fc0408
0x00007f6298fc03e0:   0000000190008800 00007f6298fc0330
0x00007f6298fc03f0:   00007f6200000002 00007f6290008a58
0x00007f6298fc0400:   00007f629014fa70 0000000100000000
0x00007f6298fc0410:   0000000000000001 00007f6290008a58
0x00007f6298fc0420:   00007f629014fa70 00007f6298fc04c8
0x00007f6298fc0430:   0000000000000001 00007f6298fc0478
0x00007f6298fc0440:   00007f6298fc0dc0 00007f627ace20f5
0x00007f6298fc0450:   00007f6298fc04c0 00007f6290008800
0x00007f6298fc0460:   00007f6290008c70 00007f629033a330
0x00007f6298fc0470:   00007f627acec060 00007f6298fc0610
0x00007f6298fc0480:   00007f6298fc0610 00007f6290539d60
0x00007f6298fc0490:   00007f62903badd0 00007f6290008800
0x00007f6298fc04a0:   00007f6298fc04d0 00007f629785e119
0x00007f6298fc04b0:   00007f6298fc0500 00007f6280ca9fd0
0x00007f6298fc04c0:   000000000000000a 00007f6280ca9fd0
0x00007f6298fc04d0:   00007f6298fc0dc0 00007f627ace1d90
0x00007f6298fc04e0:   0000000000000000 00007f6298fc0490
0x00007f6298fc04f0:   00007f6298fc0dd8 00007f627aa58765 

Instructions: (pc=0x00007f627aa5879d)
0x00007f627aa5877d:   eb 24 c7 45 f4 00 00 00 00 48 8d 45 f4 48 89 c7
0x00007f627aa5878d:   e8 9e cb fe ff 48 89 45 f8 8b 55 f4 48 8b 45 e8
0x00007f627aa5879d:   89 10 48 8b 45 f8 c9 c3 55 48 89 e5 48 83 ec 30
0x00007f627aa587ad:   89 7d fc 48 89 75 f0 48 89 55 e8 48 89 4d e0 4c 

Register to memory mapping:

RAX=0x000000000000000a is an unknown value
RBX=0x0000000000000008 is an unknown value
RCX=0x00007f62982671ad: nanosleep+0x2d in /lib64/libc.so.6 at 0x00007f62981a8000
RDX=0x0000000000000000 is an unknown value
RSP=0x00007f6298fc0300 is pointing into the stack for thread: 0x00007f6290008800
RBP=0x00007f6298fc0320 is pointing into the stack for thread: 0x00007f6290008800
RSI=0x0000000000000000 is an unknown value
RDI=0x0000000000000000 is an unknown value
R8 =0x00007f6298fbf2c0 is pointing into the stack for thread: 0x00007f6290008800
R9 =0x00007f6298fbf148 is pointing into the stack for thread: 0x00007f6290008800
R10=0x00007f6298fbee20 is pointing into the stack for thread: 0x00007f6290008800
R11=0x0000000000000000 is an unknown value
R12=0x00007f6298fc0470 is pointing into the stack for thread: 0x00007f6290008800
R13=0x0000000000000004 is an unknown value
R14=0x0000000000000001 is an unknown value
R15=0x00007f6298fc0450 is pointing into the stack for thread: 0x00007f6290008800


Stack: [0x00007f6298ec2000,0x00007f6298fc3000],  sp=0x00007f6298fc0300,  free space=1016k
Native frames: (J=compiled Java code, j=interpreted, Vv=VM code, C=native code)
C  [libHvDevice.so+0x2879d]  HVAPI_SearchDeviceCount+0x38
C  [jna9088981692625670512.tmp+0x13564]  ffi_call_unix64+0x4c
C  0x00007f6298fc0dd8

Java frames: (J=compiled Java code, j=interpreted, Vv=VM code)
j  com.sun.jna.Native.invokeInt(Lcom/sun/jna/Function;JI[Ljava/lang/Object;)I+0
j  com.sun.jna.Function.invoke([Ljava/lang/Object;Ljava/lang/Class;ZI)Ljava/lang/Object;+211
j  com.sun.jna.Function.invoke(Ljava/lang/reflect/Method;[Ljava/lang/Class;Ljava/lang/Class;[Ljava/lang/Object;Ljava/util/Map;)Ljava/lang/Object;+271
j  com.sun.jna.Library$Handler.invoke(Ljava/lang/Object;Ljava/lang/reflect/Method;[Ljava/lang/Object;)Ljava/lang/Object;+344
j  com.sun.proxy.$Proxy0.HVAPI_SearchDeviceCount(I)I+19
j  com.etc.camera.MainApplication.main([Ljava/lang/String;)V+13
v  ~StubRoutines::call_stub
j  sun.reflect.NativeMethodAccessorImpl.invoke0(Ljava/lang/reflect/Method;Ljava/lang/Object;[Ljava/lang/Object;)Ljava/lang/Object;+0
j  sun.reflect.NativeMethodAccessorImpl.invoke(Ljava/lang/Object;[Ljava/lang/Object;)Ljava/lang/Object;+100
j  sun.reflect.DelegatingMethodAccessorImpl.invoke(Ljava/lang/Object;[Ljava/lang/Object;)Ljava/lang/Object;+6
j  java.lang.reflect.Method.invoke(Ljava/lang/Object;[Ljava/lang/Object;)Ljava/lang/Object;+56
j  org.springframework.boot.loader.MainMethodRunner.run()V+43
j  org.springframework.boot.loader.Launcher.launch([Ljava/lang/String;Ljava/lang/String;Ljava/lang/ClassLoader;)V+14
j  org.springframework.boot.loader.Launcher.launch([Ljava/lang/String;)V+19
j  org.springframework.boot.loader.JarLauncher.main([Ljava/lang/String;)V+8
v  ~StubRoutines::call_stub

---------------  P R O C E S S  ---------------

Java Threads: ( => current thread )
  0x00007f6290523530 JavaThread "process reaper" daemon [_thread_blocked, id=5097, stack(0x00007f6298dd3000,0x00007f6298e0c000)]
  0x00007f629019c540 JavaThread "Service Thread" daemon [_thread_blocked, id=5094, stack(0x00007f627aff0000,0x00007f627b0f1000)]
  0x00007f629018fbb0 JavaThread "C1 CompilerThread2" daemon [_thread_blocked, id=5093, stack(0x00007f627b0f1000,0x00007f627b1f2000)]
  0x00007f629001a390 JavaThread "C2 CompilerThread1" daemon [_thread_blocked, id=5092, stack(0x00007f627b1f2000,0x00007f627b2f3000)]
  0x00007f6290181790 JavaThread "C2 CompilerThread0" daemon [_thread_blocked, id=5090, stack(0x00007f627b2f3000,0x00007f627b3f4000)]
  0x00007f629017ff30 JavaThread "Signal Dispatcher" daemon [_thread_blocked, id=5088, stack(0x00007f627b3f4000,0x00007f627b4f5000)]
  0x00007f6290156880 JavaThread "Finalizer" daemon [_thread_blocked, id=5087, stack(0x00007f627b4f5000,0x00007f627b5f6000)]
  0x00007f6290152610 JavaThread "Reference Handler" daemon [_thread_blocked, id=5085, stack(0x00007f627b5f6000,0x00007f627b6f7000)]
=>0x00007f6290008800 JavaThread "main" [_thread_in_native, id=5079, stack(0x00007f6298ec2000,0x00007f6298fc3000)]

Other Threads:
  0x00007f62901490f0 VMThread [stack: 0x00007f627b6f7000,0x00007f627b7f8000] [id=5084]
  0x00007f629019e2f0 WatcherThread [stack: 0x00007f627aeef000,0x00007f627aff0000] [id=5095]

VM state:not at safepoint (normal execution)

VM Mutex/Monitor currently owned by a thread: None

Heap:
 PSYoungGen      total 74752K, used 9050K [0x000000076d400000, 0x0000000772700000, 0x00000007c0000000)
  eden space 64512K, 14% used [0x000000076d400000,0x000000076dcd6b58,0x0000000771300000)
  from space 10240K, 0% used [0x0000000771d00000,0x0000000771d00000,0x0000000772700000)
  to   space 10240K, 0% used [0x0000000771300000,0x0000000771300000,0x0000000771d00000)
 ParOldGen       total 171008K, used 0K [0x00000006c7c00000, 0x00000006d2300000, 0x000000076d400000)
  object space 171008K, 0% used [0x00000006c7c00000,0x00000006c7c00000,0x00000006d2300000)
 Metaspace       used 6388K, capacity 6574K, committed 6656K, reserved 1056768K
  class space    used 649K, capacity 719K, committed 768K, reserved 1048576K

Card table byte_map: [0x00007f62953db000,0x00007f6295b9e000] byte_map_base: 0x00007f6291d9d000

Marking Bits: (ParMarkBitMap*) 0x00007f629818ada0
 Begin Bits: [0x00007f625c3e0000, 0x00007f62601f0000)
 End Bits:   [0x00007f62601f0000, 0x00007f6264000000)

Polling page: 0x00007f6298fcf000

CodeCache: size=245760Kb used=2041Kb max_used=2041Kb free=243718Kb
 bounds [0x00007f6281000000, 0x00007f6281270000, 0x00007f6290000000]
 total_blobs=777 nmethods=471 adapters=221
 compilation: enabled

Compilation events (10 events):
Event: 0.237 Thread 0x00007f629018fbb0  464       3       org.springframework.boot.loader.jar.CentralDirectoryFileHeader::getSize (16 bytes)
Event: 0.237 Thread 0x00007f629018fbb0 nmethod 464 0x00007f62811f8d10 code [0x00007f62811f8e80, 0x00007f62811f9028]
Event: 0.237 Thread 0x00007f629018fbb0  468       1       sun.util.calendar.BaseCalendar$Date::getCachedYear (5 bytes)
Event: 0.237 Thread 0x00007f629018fbb0 nmethod 468 0x00007f62811f8a50 code [0x00007f62811f8ba0, 0x00007f62811f8cb0]
Event: 0.237 Thread 0x00007f629018fbb0  469       1       sun.util.calendar.CalendarDate::getHours (5 bytes)
Event: 0.237 Thread 0x00007f629018fbb0 nmethod 469 0x00007f62811f8790 code [0x00007f62811f88e0, 0x00007f62811f89f0]
Event: 0.237 Thread 0x00007f629018fbb0  470       1       sun.util.calendar.CalendarDate::getMinutes (5 bytes)
Event: 0.237 Thread 0x00007f629018fbb0 nmethod 470 0x00007f62811f84d0 code [0x00007f62811f8620, 0x00007f62811f8730]
Event: 0.237 Thread 0x00007f629018fbb0  471       1       sun.util.calendar.CalendarDate::getSeconds (5 bytes)
Event: 0.237 Thread 0x00007f629018fbb0 nmethod 471 0x00007f62811f8210 code [0x00007f62811f8360, 0x00007f62811f8470]

GC Heap History (0 events):
No events

Deoptimization events (0 events):
No events

Internal exceptions (10 events):
Event: 0.021 Thread 0x00007f6290008800 Exception <a 'java/lang/NoSuchMethodError': Method sun.misc.Unsafe.prefetchRead(Ljava/lang/Object;J)V name or signature does not match> (0x000000076d407f88) thrown at [/builddir/build/BUILD/java-1.8.0-openjdk-1.8.0.151-1.b12.el7_4.x86_64/openjdk/hotspot/s
Event: 0.113 Thread 0x00007f6290008800 Exception <a 'java/lang/NoSuchFieldError': method resolution failed> (0x000000076d714630) thrown at [/builddir/build/BUILD/java-1.8.0-openjdk-1.8.0.151-1.b12.el7_4.x86_64/openjdk/hotspot/src/share/vm/prims/methodHandles.cpp, line 1146]
Event: 0.115 Thread 0x00007f6290008800 Exception <a 'java/lang/NoSuchFieldError': method resolution failed> (0x000000076d721a30) thrown at [/builddir/build/BUILD/java-1.8.0-openjdk-1.8.0.151-1.b12.el7_4.x86_64/openjdk/hotspot/src/share/vm/prims/methodHandles.cpp, line 1146]
Event: 0.141 Thread 0x00007f6290008800 Exception <a 'java/lang/ClassNotFoundException': org/springframework/boot/loader/file/Handler> (0x000000076d7e7778) thrown at [/builddir/build/BUILD/java-1.8.0-openjdk-1.8.0.151-1.b12.el7_4.x86_64/openjdk/hotspot/src/share/vm/classfile/systemDictionary.cp
Event: 0.143 Thread 0x00007f6290008800 Exception <a 'java/security/PrivilegedActionException'> (0x000000076d7f01c0) thrown at [/builddir/build/BUILD/java-1.8.0-openjdk-1.8.0.151-1.b12.el7_4.x86_64/openjdk/hotspot/src/share/vm/prims/jvm.cpp, line 1400]
Event: 0.143 Thread 0x00007f6290008800 Exception <a 'java/security/PrivilegedActionException'> (0x000000076d7f05b8) thrown at [/builddir/build/BUILD/java-1.8.0-openjdk-1.8.0.151-1.b12.el7_4.x86_64/openjdk/hotspot/src/share/vm/prims/jvm.cpp, line 1400]
Event: 0.143 Thread 0x00007f6290008800 Exception <a 'java/security/PrivilegedActionException'> (0x000000076d7f3278) thrown at [/builddir/build/BUILD/java-1.8.0-openjdk-1.8.0.151-1.b12.el7_4.x86_64/openjdk/hotspot/src/share/vm/prims/jvm.cpp, line 1400]
Event: 0.143 Thread 0x00007f6290008800 Exception <a 'java/security/PrivilegedActionException'> (0x000000076d7f3670) thrown at [/builddir/build/BUILD/java-1.8.0-openjdk-1.8.0.151-1.b12.el7_4.x86_64/openjdk/hotspot/src/share/vm/prims/jvm.cpp, line 1400]
Event: 0.143 Thread 0x00007f6290008800 Exception <a 'java/security/PrivilegedActionException'> (0x000000076d7f4738) thrown at [/builddir/build/BUILD/java-1.8.0-openjdk-1.8.0.151-1.b12.el7_4.x86_64/openjdk/hotspot/src/share/vm/prims/jvm.cpp, line 1400]
Event: 0.143 Thread 0x00007f6290008800 Exception <a 'java/security/PrivilegedActionException'> (0x000000076d7f4b30) thrown at [/builddir/build/BUILD/java-1.8.0-openjdk-1.8.0.151-1.b12.el7_4.x86_64/openjdk/hotspot/src/share/vm/prims/jvm.cpp, line 1400]

Events (10 events):
Event: 0.233 loading class com/sun/jna/VarArgsChecker$RealVarArgsChecker
Event: 0.233 loading class com/sun/jna/VarArgsChecker$RealVarArgsChecker done
Event: 0.234 loading class com/sun/jna/VarArgsChecker$NoVarArgsChecker
Event: 0.234 loading class com/sun/jna/VarArgsChecker$NoVarArgsChecker done
Event: 0.234 loading class java/lang/reflect/TypeVariable
Event: 0.234 loading class java/lang/reflect/TypeVariable done
Event: 0.234 loading class java/lang/reflect/AnnotatedType
Event: 0.234 loading class java/lang/reflect/AnnotatedType done
Event: 0.234 loading class com/sun/jna/Library$Handler$FunctionInfo
Event: 0.234 loading class com/sun/jna/Library$Handler$FunctionInfo done


Dynamic libraries:
00400000-00401000 r-xp 00000000 fd:01 2413332                            /usr/lib/jvm/java-1.8.0-openjdk-1.8.0.151-1.b12.el7_4.x86_64/jre/bin/java
00600000-00601000 r--p 00000000 fd:01 2413332                            /usr/lib/jvm/java-1.8.0-openjdk-1.8.0.151-1.b12.el7_4.x86_64/jre/bin/java
00601000-00602000 rw-p 00001000 fd:01 2413332                            /usr/lib/jvm/java-1.8.0-openjdk-1.8.0.151-1.b12.el7_4.x86_64/jre/bin/java
01820000-01841000 rw-p 00000000 00:00 0                                  [heap]
6c7c00000-6d2300000 rw-p 00000000 00:00 0 
6d2300000-76d400000 ---p 00000000 00:00 0 
76d400000-772700000 rw-p 00000000 00:00 0 
772700000-7c0000000 ---p 00000000 00:00 0 
7c0000000-7c00c0000 rw-p 00000000 00:00 0 
7c00c0000-800000000 ---p 00000000 00:00 0 
7f622c000000-7f622c021000 rw-p 00000000 00:00 0 
7f622c021000-7f6230000000 ---p 00000000 00:00 0 
7f6234000000-7f6234021000 rw-p 00000000 00:00 0 
7f6234021000-7f6238000000 ---p 00000000 00:00 0 
7f6238000000-7f6238021000 rw-p 00000000 00:00 0 
7f6238021000-7f623c000000 ---p 00000000 00:00 0 
7f623c000000-7f623c035000 rw-p 00000000 00:00 0 
7f623c035000-7f6240000000 ---p 00000000 00:00 0 
7f6240000000-7f62401c5000 rw-p 00000000 00:00 0 
7f62401c5000-7f6244000000 ---p 00000000 00:00 0 
7f6244000000-7f6244123000 rw-p 00000000 00:00 0 
7f6244123000-7f6248000000 ---p 00000000 00:00 0 
7f6249ad7000-7f6250000000 r--p 00000000 fd:01 665533                     /usr/lib/locale/locale-archive
7f6250000000-7f6250021000 rw-p 00000000 00:00 0 
7f6250021000-7f6254000000 ---p 00000000 00:00 0 
7f6254000000-7f6254021000 rw-p 00000000 00:00 0 
7f6254021000-7f6258000000 ---p 00000000 00:00 0 
7f6258000000-7f6258021000 rw-p 00000000 00:00 0 
7f6258021000-7f625c000000 ---p 00000000 00:00 0 
7f625c3e0000-7f6264000000 rw-p 00000000 00:00 0 
7f6264000000-7f6264021000 rw-p 00000000 00:00 0 
7f6264021000-7f6268000000 ---p 00000000 00:00 0 
7f6268000000-7f6268021000 rw-p 00000000 00:00 0 
7f6268021000-7f626c000000 ---p 00000000 00:00 0 
7f626c000000-7f626c021000 rw-p 00000000 00:00 0 
7f626c021000-7f6270000000 ---p 00000000 00:00 0 
7f6274000000-7f6274021000 rw-p 00000000 00:00 0 
7f6274021000-7f6278000000 ---p 00000000 00:00 0 
7f627aa30000-7f627aa87000 r-xp 00000000 fd:11 5898650                    /web/java/java/camera/lib/libHvDevice.so
7f627aa87000-7f627ac87000 ---p 00057000 fd:11 5898650                    /web/java/java/camera/lib/libHvDevice.so
7f627ac87000-7f627ac88000 r--p 00057000 fd:11 5898650                    /web/java/java/camera/lib/libHvDevice.so
7f627ac88000-7f627acc0000 rw-p 00058000 fd:11 5898650                    /web/java/java/camera/lib/libHvDevice.so
7f627acc0000-7f627acd6000 rw-p 00000000 00:00 0 
7f627acd6000-7f627acee000 r-xp 00000000 fd:01 520772                     /tmp/jna-3506402/jna9088981692625670512.tmp (deleted)
7f627acee000-7f627aeee000 ---p 00018000 fd:01 520772                     /tmp/jna-3506402/jna9088981692625670512.tmp (deleted)
7f627aeee000-7f627aeef000 rw-p 00018000 fd:01 520772                     /tmp/jna-3506402/jna9088981692625670512.tmp (deleted)
7f627aeef000-7f627aef0000 ---p 00000000 00:00 0 
7f627aef0000-7f627aff0000 rw-p 00000000 00:00 0                          [stack:5095]
7f627aff0000-7f627aff3000 ---p 00000000 00:00 0 
7f627aff3000-7f627b0f1000 rw-p 00000000 00:00 0                          [stack:5094]
7f627b0f1000-7f627b0f4000 ---p 00000000 00:00 0 
7f627b0f4000-7f627b1f2000 rw-p 00000000 00:00 0                          [stack:5093]
7f627b1f2000-7f627b1f5000 ---p 00000000 00:00 0 
7f627b1f5000-7f627b2f3000 rw-p 00000000 00:00 0                          [stack:5092]
7f627b2f3000-7f627b2f6000 ---p 00000000 00:00 0 
7f627b2f6000-7f627b3f4000 rw-p 00000000 00:00 0                          [stack:5090]
7f627b3f4000-7f627b3f7000 ---p 00000000 00:00 0 
7f627b3f7000-7f627b4f5000 rw-p 00000000 00:00 0                          [stack:5088]
7f627b4f5000-7f627b4f8000 ---p 00000000 00:00 0 
7f627b4f8000-7f627b5f6000 rw-p 00000000 00:00 0                          [stack:5087]
7f627b5f6000-7f627b5f9000 ---p 00000000 00:00 0 
7f627b5f9000-7f627b6f7000 rw-p 00000000 00:00 0                          [stack:5085]
7f627b6f7000-7f627b6f8000 ---p 00000000 00:00 0 
7f627b6f8000-7f627c000000 rw-p 00000000 00:00 0                          [stack:5084]
7f627c000000-7f627c021000 rw-p 00000000 00:00 0 
7f627c021000-7f6280000000 ---p 00000000 00:00 0 
7f62800f9000-7f6280dc0000 rw-p 00000000 00:00 0 
7f6280dc0000-7f6281000000 ---p 00000000 00:00 0 
7f6281000000-7f6281270000 rwxp 00000000 00:00 0 
7f6281270000-7f6290000000 ---p 00000000 00:00 0 
7f6290000000-7f629057e000 rw-p 00000000 00:00 0 
7f629057e000-7f6294000000 ---p 00000000 00:00 0 
7f6294056000-7f62940a4000 rw-p 00000000 00:00 0 
7f62940a4000-7f6294273000 r--s 043ff000 fd:01 2413422                    /usr/lib/jvm/java-1.8.0-openjdk-1.8.0.151-1.b12.el7_4.x86_64/jre/lib/rt.jar
7f6294273000-7f6294aab000 rw-p 00000000 00:00 0 
7f6294aab000-7f6294aac000 ---p 00000000 00:00 0 
7f6294aac000-7f6294bac000 rw-p 00000000 00:00 0                          [stack:5083]
7f6294bac000-7f6294bad000 ---p 00000000 00:00 0 
7f6294bad000-7f6294cad000 rw-p 00000000 00:00 0                          [stack:5082]
7f6294cad000-7f6294cae000 ---p 00000000 00:00 0 
7f6294cae000-7f6294dae000 rw-p 00000000 00:00 0                          [stack:5081]
7f6294dae000-7f6294daf000 ---p 00000000 00:00 0 
7f6294daf000-7f6294f03000 rw-p 00000000 00:00 0                          [stack:5080]
7f6294f03000-7f62953db000 ---p 00000000 00:00 0 
7f62953db000-7f629542f000 rw-p 00000000 00:00 0 
7f629542f000-7f6295907000 ---p 00000000 00:00 0 
7f6295907000-7f6295931000 rw-p 00000000 00:00 0 
7f6295931000-7f6295b9d000 ---p 00000000 00:00 0 
7f6295b9d000-7f6295ba8000 rw-p 00000000 00:00 0 
7f6295ba8000-7f6295f5e000 ---p 00000000 00:00 0 
7f6295f5e000-7f6295f66000 r-xp 00000000 fd:01 2413373                    /usr/lib/jvm/java-1.8.0-openjdk-1.8.0.151-1.b12.el7_4.x86_64/jre/lib/amd64/libzip.so
7f6295f66000-7f6296165000 ---p 00008000 fd:01 2413373                    /usr/lib/jvm/java-1.8.0-openjdk-1.8.0.151-1.b12.el7_4.x86_64/jre/lib/amd64/libzip.so
7f6296165000-7f6296166000 r--p 00007000 fd:01 2413373                    /usr/lib/jvm/java-1.8.0-openjdk-1.8.0.151-1.b12.el7_4.x86_64/jre/lib/amd64/libzip.so
7f6296166000-7f6296167000 rw-p 00008000 fd:01 2413373                    /usr/lib/jvm/java-1.8.0-openjdk-1.8.0.151-1.b12.el7_4.x86_64/jre/lib/amd64/libzip.so
7f6296167000-7f6296173000 r-xp 00000000 fd:01 663465                     /usr/lib64/libnss_files-2.17.so
7f6296173000-7f6296372000 ---p 0000c000 fd:01 663465                     /usr/lib64/libnss_files-2.17.so
7f6296372000-7f6296373000 r--p 0000b000 fd:01 663465                     /usr/lib64/libnss_files-2.17.so
7f6296373000-7f6296374000 rw-p 0000c000 fd:01 663465                     /usr/lib64/libnss_files-2.17.so
7f6296374000-7f629637a000 rw-p 00000000 00:00 0 
7f629637a000-7f62963a7000 r-xp 00000000 fd:01 2413355                    /usr/lib/jvm/java-1.8.0-openjdk-1.8.0.151-1.b12.el7_4.x86_64/jre/lib/amd64/libjava.so
7f62963a7000-7f62965a7000 ---p 0002d000 fd:01 2413355                    /usr/lib/jvm/java-1.8.0-openjdk-1.8.0.151-1.b12.el7_4.x86_64/jre/lib/amd64/libjava.so
7f62965a7000-7f62965a8000 r--p 0002d000 fd:01 2413355                    /usr/lib/jvm/java-1.8.0-openjdk-1.8.0.151-1.b12.el7_4.x86_64/jre/lib/amd64/libjava.so
7f62965a8000-7f62965aa000 rw-p 0002e000 fd:01 2413355                    /usr/lib/jvm/java-1.8.0-openjdk-1.8.0.151-1.b12.el7_4.x86_64/jre/lib/amd64/libjava.so
7f62965aa000-7f62965b7000 r-xp 00000000 fd:01 2413372                    /usr/lib/jvm/java-1.8.0-openjdk-1.8.0.151-1.b12.el7_4.x86_64/jre/lib/amd64/libverify.so
7f62965b7000-7f62967b6000 ---p 0000d000 fd:01 2413372                    /usr/lib/jvm/java-1.8.0-openjdk-1.8.0.151-1.b12.el7_4.x86_64/jre/lib/amd64/libverify.so
7f62967b6000-7f62967b8000 r--p 0000c000 fd:01 2413372                    /usr/lib/jvm/java-1.8.0-openjdk-1.8.0.151-1.b12.el7_4.x86_64/jre/lib/amd64/libverify.so
7f62967b8000-7f62967b9000 rw-p 0000e000 fd:01 2413372                    /usr/lib/jvm/java-1.8.0-openjdk-1.8.0.151-1.b12.el7_4.x86_64/jre/lib/amd64/libverify.so
7f62967b9000-7f62967c0000 r-xp 00000000 fd:01 663468                     /usr/lib64/librt-2.17.so
7f62967c0000-7f62969bf000 ---p 00007000 fd:01 663468                     /usr/lib64/librt-2.17.so
7f62969bf000-7f62969c0000 r--p 00006000 fd:01 663468                     /usr/lib64/librt-2.17.so
7f62969c0000-7f62969c1000 rw-p 00007000 fd:01 663468                     /usr/lib64/librt-2.17.so
7f62969c1000-7f62969d6000 r-xp 00000000 fd:01 657785                     /usr/lib64/libgcc_s-4.8.5-20150702.so.1
7f62969d6000-7f6296bd5000 ---p 00015000 fd:01 657785                     /usr/lib64/libgcc_s-4.8.5-20150702.so.1
7f6296bd5000-7f6296bd6000 r--p 00014000 fd:01 657785                     /usr/lib64/libgcc_s-4.8.5-20150702.so.1
7f6296bd6000-7f6296bd7000 rw-p 00015000 fd:01 657785                     /usr/lib64/libgcc_s-4.8.5-20150702.so.1
7f6296bd7000-7f6296cd8000 r-xp 00000000 fd:01 663462                     /usr/lib64/libm-2.17.so
7f6296cd8000-7f6296ed7000 ---p 00101000 fd:01 663462                     /usr/lib64/libm-2.17.so
7f6296ed7000-7f6296ed8000 r--p 00100000 fd:01 663462                     /usr/lib64/libm-2.17.so
7f6296ed8000-7f6296ed9000 rw-p 00101000 fd:01 663462                     /usr/lib64/libm-2.17.so
7f6296ed9000-7f6296fc2000 r-xp 00000000 fd:01 657612                     /usr/lib64/libstdc++.so.6.0.19
7f6296fc2000-7f62971c2000 ---p 000e9000 fd:01 657612                     /usr/lib64/libstdc++.so.6.0.19
7f62971c2000-7f62971ca000 r--p 000e9000 fd:01 657612                     /usr/lib64/libstdc++.so.6.0.19
7f62971ca000-7f62971cc000 rw-p 000f1000 fd:01 657612                     /usr/lib64/libstdc++.so.6.0.19
7f62971cc000-7f62971e1000 rw-p 00000000 00:00 0 
7f62971e1000-7f6297ea1000 r-xp 00000000 fd:01 2413376                    /usr/lib/jvm/java-1.8.0-openjdk-1.8.0.151-1.b12.el7_4.x86_64/jre/lib/amd64/server/libjvm.so
7f6297ea1000-7f62980a1000 ---p 00cc0000 fd:01 2413376                    /usr/lib/jvm/java-1.8.0-openjdk-1.8.0.151-1.b12.el7_4.x86_64/jre/lib/amd64/server/libjvm.so
7f62980a1000-7f629814c000 r--p 00cc0000 fd:01 2413376                    /usr/lib/jvm/java-1.8.0-openjdk-1.8.0.151-1.b12.el7_4.x86_64/jre/lib/amd64/server/libjvm.so
7f629814c000-7f6298175000 rw-p 00d6b000 fd:01 2413376                    /usr/lib/jvm/java-1.8.0-openjdk-1.8.0.151-1.b12.el7_4.x86_64/jre/lib/amd64/server/libjvm.so
7f6298175000-7f62981a8000 rw-p 00000000 00:00 0 
7f62981a8000-7f6298360000 r-xp 00000000 fd:01 657568                     /usr/lib64/libc-2.17.so
7f6298360000-7f6298560000 ---p 001b8000 fd:01 657568                     /usr/lib64/libc-2.17.so
7f6298560000-7f6298564000 r--p 001b8000 fd:01 657568                     /usr/lib64/libc-2.17.so
7f6298564000-7f6298566000 rw-p 001bc000 fd:01 657568                     /usr/lib64/libc-2.17.so
7f6298566000-7f629856b000 rw-p 00000000 00:00 0 
7f629856b000-7f629856d000 r-xp 00000000 fd:01 663461                     /usr/lib64/libdl-2.17.so
7f629856d000-7f629876d000 ---p 00002000 fd:01 663461                     /usr/lib64/libdl-2.17.so
7f629876d000-7f629876e000 r--p 00002000 fd:01 663461                     /usr/lib64/libdl-2.17.so
7f629876e000-7f629876f000 rw-p 00003000 fd:01 663461                     /usr/lib64/libdl-2.17.so
7f629876f000-7f629877d000 r-xp 00000000 fd:01 2413342                    /usr/lib/jvm/java-1.8.0-openjdk-1.8.0.151-1.b12.el7_4.x86_64/jre/lib/amd64/jli/libjli.so
7f629877d000-7f629897c000 ---p 0000e000 fd:01 2413342                    /usr/lib/jvm/java-1.8.0-openjdk-1.8.0.151-1.b12.el7_4.x86_64/jre/lib/amd64/jli/libjli.so
7f629897c000-7f629897d000 r--p 0000d000 fd:01 2413342                    /usr/lib/jvm/java-1.8.0-openjdk-1.8.0.151-1.b12.el7_4.x86_64/jre/lib/amd64/jli/libjli.so
7f629897d000-7f629897e000 rw-p 0000e000 fd:01 2413342                    /usr/lib/jvm/java-1.8.0-openjdk-1.8.0.151-1.b12.el7_4.x86_64/jre/lib/amd64/jli/libjli.so
7f629897e000-7f6298993000 r-xp 00000000 fd:01 657746                     /usr/lib64/libz.so.1.2.7
7f6298993000-7f6298b92000 ---p 00015000 fd:01 657746                     /usr/lib64/libz.so.1.2.7
7f6298b92000-7f6298b93000 r--p 00014000 fd:01 657746                     /usr/lib64/libz.so.1.2.7
7f6298b93000-7f6298b94000 rw-p 00015000 fd:01 657746                     /usr/lib64/libz.so.1.2.7
7f6298b94000-7f6298bab000 r-xp 00000000 fd:01 657594                     /usr/lib64/libpthread-2.17.so
7f6298bab000-7f6298daa000 ---p 00017000 fd:01 657594                     /usr/lib64/libpthread-2.17.so
7f6298daa000-7f6298dab000 r--p 00016000 fd:01 657594                     /usr/lib64/libpthread-2.17.so
7f6298dab000-7f6298dac000 rw-p 00017000 fd:01 657594                     /usr/lib64/libpthread-2.17.so
7f6298dac000-7f6298db0000 rw-p 00000000 00:00 0 
7f6298db0000-7f6298dd1000 r-xp 00000000 fd:01 657554                     /usr/lib64/ld-2.17.so
7f6298dd3000-7f6298dd6000 ---p 00000000 00:00 0 
7f6298dd6000-7f6298e0c000 rw-p 00000000 00:00 0                          [stack:5097]
7f6298e0c000-7f6298e11000 r--s 000b3000 fd:01 2413409                    /usr/lib/jvm/java-1.8.0-openjdk-1.8.0.151-1.b12.el7_4.x86_64/jre/lib/jsse.jar
7f6298e11000-7f6298eba000 rw-p 00000000 00:00 0 
7f6298eba000-7f6298ec2000 rw-s 00000000 fd:01 520769                     /tmp/hsperfdata_root/5078
7f6298ec2000-7f6298ec5000 ---p 00000000 00:00 0 
7f6298ec5000-7f6298fc8000 rw-p 00000000 00:00 0                          [stack:5079]
7f6298fcb000-7f6298fce000 r--s 004e3000 fd:11 5898677                    /web/java/java/camera/target/camera-1.jar
7f6298fce000-7f6298fcf000 rw-p 00000000 00:00 0 
7f6298fcf000-7f6298fd0000 r--p 00000000 00:00 0 
7f6298fd0000-7f6298fd1000 rw-p 00000000 00:00 0 
7f6298fd1000-7f6298fd2000 r--p 00021000 fd:01 657554                     /usr/lib64/ld-2.17.so
7f6298fd2000-7f6298fd3000 rw-p 00022000 fd:01 657554                     /usr/lib64/ld-2.17.so
7f6298fd3000-7f6298fd4000 rw-p 00000000 00:00 0 
7ffd3463e000-7ffd3465f000 rw-p 00000000 00:00 0                          [stack]
7ffd3479a000-7ffd3479c000 r-xp 00000000 00:00 0                          [vdso]
ffffffffff600000-ffffffffff601000 r-xp 00000000 00:00 0                  [vsyscall]

VM Arguments:
java_command: target/camera-1.jar
java_class_path (initial): target/camera-1.jar
Launcher Type: SUN_STANDARD

Environment Variables:
PATH=/usr/local/sbin:/usr/local/bin:/usr/sbin:/usr/bin:/root/bin
LD_LIBRARY_PATH=/web/java/java/camera/lib
SHELL=/bin/bash

Signal Handlers:
SIGSEGV: [libjvm.so+0xab05b0], sa_mask[0]=11111111011111111101111111111110, sa_flags=SA_RESTART|SA_SIGINFO
SIGBUS: [libjvm.so+0xab05b0], sa_mask[0]=11111111011111111101111111111110, sa_flags=SA_RESTART|SA_SIGINFO
SIGFPE: [libjvm.so+0x8a8b20], sa_mask[0]=11111111011111111101111111111110, sa_flags=SA_RESTART|SA_SIGINFO
SIGPIPE: [libjvm.so+0x8a8b20], sa_mask[0]=11111111011111111101111111111110, sa_flags=SA_RESTART|SA_SIGINFO
SIGXFSZ: [libjvm.so+0x8a8b20], sa_mask[0]=11111111011111111101111111111110, sa_flags=SA_RESTART|SA_SIGINFO
SIGILL: [libjvm.so+0x8a8b20], sa_mask[0]=11111111011111111101111111111110, sa_flags=SA_RESTART|SA_SIGINFO
SIGUSR1: SIG_DFL, sa_mask[0]=00000000000000000000000000000000, sa_flags=none
SIGUSR2: [libjvm.so+0x8a89d0], sa_mask[0]=00000000000000000000000000000000, sa_flags=SA_RESTART|SA_SIGINFO
SIGHUP: [libjvm.so+0x8a8be0], sa_mask[0]=11111111011111111101111111111110, sa_flags=SA_RESTART|SA_SIGINFO
SIGINT: [libjvm.so+0x8a8be0], sa_mask[0]=11111111011111111101111111111110, sa_flags=SA_RESTART|SA_SIGINFO
SIGTERM: [libjvm.so+0x8a8be0], sa_mask[0]=11111111011111111101111111111110, sa_flags=SA_RESTART|SA_SIGINFO
SIGQUIT: [libjvm.so+0x8a8be0], sa_mask[0]=11111111011111111101111111111110, sa_flags=SA_RESTART|SA_SIGINFO


---------------  S Y S T E M  ---------------

OS:CentOS Linux release 7.4.1708 (Core) 

uname:Linux 3.10.0-514.26.2.el7.x86_64 #1 SMP Tue Jul 4 15:04:05 UTC 2017 x86_64
libc:glibc 2.17 NPTL 2.17 
rlimit: STACK 8192k, CORE 0k, NPROC 63465, NOFILE 65535, AS infinity
load average:1.66 0.57 0.35

/proc/meminfo:
MemTotal:       16267956 kB
MemFree:          448196 kB
MemAvailable:    3316372 kB
Buffers:          290228 kB
Cached:          2267304 kB
SwapCached:            0 kB
Active:         13495748 kB
Inactive:        1299440 kB
Active(anon):   12241160 kB
Inactive(anon):    29876 kB
Active(file):    1254588 kB
Inactive(file):  1269564 kB
Unevictable:           0 kB
Mlocked:               0 kB
SwapTotal:             0 kB
SwapFree:              0 kB
Dirty:              6452 kB
Writeback:             0 kB
AnonPages:      12237720 kB
Mapped:           254576 kB
Shmem:             33380 kB
Slab:             763176 kB
SReclaimable:     682364 kB
SUnreclaim:        80812 kB
KernelStack:       20160 kB
PageTables:        61232 kB
NFS_Unstable:          0 kB
Bounce:                0 kB
WritebackTmp:          0 kB
CommitLimit:     8133976 kB
Committed_AS:   15744592 kB
VmallocTotal:   34359738367 kB
VmallocUsed:       34396 kB
VmallocChunk:   34359621924 kB
HardwareCorrupted:     0 kB
AnonHugePages:   7567360 kB
HugePages_Total:       0
HugePages_Free:        0
HugePages_Rsvd:        0
HugePages_Surp:        0
Hugepagesize:       2048 kB
DirectMap4k:      182144 kB
DirectMap2M:    11352064 kB
DirectMap1G:     7340032 kB


CPU:total 4 (initial active 4) (4 cores per cpu, 1 threads per core) family 6 model 79 stepping 1, cmov, cx8, fxsr, mmx, sse, sse2, sse3, ssse3, sse4.1, sse4.2, popcnt, avx, avx2, aes, clmul, erms, rtm, 3dnowpref, lzcnt, tsc, bmi1, bmi2, adx

/proc/cpuinfo:
processor	: 0
vendor_id	: GenuineIntel
cpu family	: 6
model		: 79
model name	: Intel(R) Xeon(R) CPU E5-2682 v4 @ 2.50GHz
stepping	: 1
microcode	: 0x1
cpu MHz		: 2499.994
cache size	: 40960 KB
physical id	: 0
siblings	: 4
core id		: 0
cpu cores	: 4
apicid		: 0
initial apicid	: 0
fpu		: yes
fpu_exception	: yes
cpuid level	: 13
wp		: yes
flags		: fpu vme de pse tsc msr pae mce cx8 apic sep mtrr pge mca cmov pat pse36 clflush mmx fxsr sse sse2 ss ht syscall nx pdpe1gb rdtscp lm constant_tsc rep_good nopl eagerfpu pni pclmulqdq ssse3 fma cx16 pcid sse4_1 sse4_2 x2apic movbe popcnt tsc_deadline_timer aes xsave avx f16c rdrand hypervisor lahf_lm abm 3dnowprefetch fsgsbase tsc_adjust bmi1 hle avx2 smep bmi2 erms invpcid rtm rdseed adx smap xsaveopt
bogomips	: 4999.98
clflush size	: 64
cache_alignment	: 64
address sizes	: 46 bits physical, 48 bits virtual
power management:

processor	: 1
vendor_id	: GenuineIntel
cpu family	: 6
model		: 79
model name	: Intel(R) Xeon(R) CPU E5-2682 v4 @ 2.50GHz
stepping	: 1
microcode	: 0x1
cpu MHz		: 2499.994
cache size	: 40960 KB
physical id	: 0
siblings	: 4
core id		: 1
cpu cores	: 4
apicid		: 1
initial apicid	: 1
fpu		: yes
fpu_exception	: yes
cpuid level	: 13
wp		: yes
flags		: fpu vme de pse tsc msr pae mce cx8 apic sep mtrr pge mca cmov pat pse36 clflush mmx fxsr sse sse2 ss ht syscall nx pdpe1gb rdtscp lm constant_tsc rep_good nopl eagerfpu pni pclmulqdq ssse3 fma cx16 pcid sse4_1 sse4_2 x2apic movbe popcnt tsc_deadline_timer aes xsave avx f16c rdrand hypervisor lahf_lm abm 3dnowprefetch fsgsbase tsc_adjust bmi1 hle avx2 smep bmi2 erms invpcid rtm rdseed adx smap xsaveopt
bogomips	: 4999.98
clflush size	: 64
cache_alignment	: 64
address sizes	: 46 bits physical, 48 bits virtual
power management:

processor	: 2
vendor_id	: GenuineIntel
cpu family	: 6
model		: 79
model name	: Intel(R) Xeon(R) CPU E5-2682 v4 @ 2.50GHz
stepping	: 1
microcode	: 0x1
cpu MHz		: 2499.994
cache size	: 40960 KB
physical id	: 0
siblings	: 4
core id		: 2
cpu cores	: 4
apicid		: 2
initial apicid	: 2
fpu		: yes
fpu_exception	: yes
cpuid level	: 13
wp		: yes
flags		: fpu vme de pse tsc msr pae mce cx8 apic sep mtrr pge mca cmov pat pse36 clflush mmx fxsr sse sse2 ss ht syscall nx pdpe1gb rdtscp lm constant_tsc rep_good nopl eagerfpu pni pclmulqdq ssse3 fma cx16 pcid sse4_1 sse4_2 x2apic movbe popcnt tsc_deadline_timer aes xsave avx f16c rdrand hypervisor lahf_lm abm 3dnowprefetch fsgsbase tsc_adjust bmi1 hle avx2 smep bmi2 erms invpcid rtm rdseed adx smap xsaveopt
bogomips	: 4999.98
clflush size	: 64
cache_alignment	: 64
address sizes	: 46 bits physical, 48 bits virtual
power management:

processor	: 3
vendor_id	: GenuineIntel
cpu family	: 6
model		: 79
model name	: Intel(R) Xeon(R) CPU E5-2682 v4 @ 2.50GHz
stepping	: 1
microcode	: 0x1
cpu MHz		: 2499.994
cache size	: 40960 KB
physical id	: 0
siblings	: 4
core id		: 3
cpu cores	: 4
apicid		: 3
initial apicid	: 3
fpu		: yes
fpu_exception	: yes
cpuid level	: 13
wp		: yes
flags		: fpu vme de pse tsc msr pae mce cx8 apic sep mtrr pge mca cmov pat pse36 clflush mmx fxsr sse sse2 ss ht syscall nx pdpe1gb rdtscp lm constant_tsc rep_good nopl eagerfpu pni pclmulqdq ssse3 fma cx16 pcid sse4_1 sse4_2 x2apic movbe popcnt tsc_deadline_timer aes xsave avx f16c rdrand hypervisor lahf_lm abm 3dnowprefetch fsgsbase tsc_adjust bmi1 hle avx2 smep bmi2 erms invpcid rtm rdseed adx smap xsaveopt
bogomips	: 4999.98
clflush size	: 64
cache_alignment	: 64
address sizes	: 46 bits physical, 48 bits virtual
power management:



Memory: 4k page, physical 16267956k(448196k free), swap 0k(0k free)

vm_info: OpenJDK 64-Bit Server VM (25.151-b12) for linux-amd64 JRE (1.8.0_151-b12), built on Oct 20 2017 13:44:55 by "mockbuild" with gcc 4.8.5 20150623 (Red Hat 4.8.5-16)

time: Mon Dec 25 15:17:08 2017
elapsed time: 2 seconds (0d 0h 0m 2s)

