#
# A fatal error has been detected by the Java Runtime Environment:
#
#  SIGSEGV (0xb) at pc=0x00007ff676f291a3, pid=13723, tid=0x00007ff678f55700
#
# JRE version: OpenJDK Runtime Environment (8.0_151-b12) (build 1.8.0_151-b12)
# Java VM: OpenJDK 64-Bit Server VM (25.151-b12 mixed mode linux-amd64 compressed oops)
# Problematic frame:
# C  [libstdc++.so.6+0xbd1a3]  std::string::size() const+0x3
#
# Failed to write core dump. Core dumps have been disabled. To enable core dumping, try "ulimit -c unlimited" before starting Java again
#
# If you would like to submit a bug report, please visit:
#   http://bugreport.java.com/bugreport/crash.jsp
# The crash happened outside the Java Virtual Machine in native code.
# See problematic frame for where to report the bug.
#

---------------  T H R E A D  ---------------

Current thread (0x00007ff6700087f0):  JavaThread "main" [_thread_in_native, id=13724, stack(0x00007ff678e55000,0x00007ff678f56000)]

siginfo: si_signo: 11 (SIGSEGV), si_code: 128 (SI_KERNEL), si_addr: 0x0000000000000000

Registers:
RAX=0x9e60be4800f88348, RBX=0x0000000000000008, RCX=0x00007ff678f531b0, RDX=0x00007ff6611b82ac
RSP=0x00007ff678f53178, RBP=0x00007ff678f531b0, RSI=0x00007ff6611b82ac, RDI=0x00007ff6611b82ac
R8 =0x00007ff678f531f8, R9 =0x00007ff661007ffd, R10=0x00007ff678f52e90, R11=0x00007ff676f291a0
R12=0x00007ff678f53370, R13=0x0000000000000008, R14=0x0000000000000001, R15=0x00007ff678f53350
RIP=0x00007ff676f291a3, EFLAGS=0x0000000000010206, CSGSFS=0x0000000000000033, ERR=0x0000000000000000
  TRAPNO=0x000000000000000d

Top of Stack: (sp=0x00007ff678f53178)
0x00007ff678f53178:   00007ff64aed3d66 00007ff6611b82ac
0x00007ff678f53188:   00007ff678f531e0 00007ff678f531e0
0x00007ff678f53198:   0000000000000000 00007ff661007ffd
0x00007ff678f531a8:   0000000000000008 00007ff678f53220
0x00007ff678f531b8:   00007ff64aed2feb 00007ff6611b82ac
0x00007ff678f531c8:   00007ff670576c80 00007ff678f53380
0x00007ff678f531d8:   00007ff6611a17a4 00007ff6771733f8
0x00007ff678f531e8:   0000000000000000 00007ff678f53218
0x00007ff678f531f8:   00007ff678f53270 00007ff661007d80
0x00007ff678f53208:   0000000000000000 000000076db5fe70
0x00007ff678f53218:   0000000000000008 00007ff678f53230
0x00007ff678f53228:   00007ff64b0ed564 000000000000000e
0x00007ff678f53238:   00007ff678f53cd0 00007ff678f53340
0x00007ff678f53248:   00007ff64b0ed2cb 00007ff678f532e8
0x00007ff678f53258:   0000000000000000 00007ff678f53290
0x00007ff678f53268:   00007ff600000000 00007ff678f53180
0x00007ff678f53278:   00007ff678f533c0 0000000000000000
0x00007ff678f53288:   0000000000000001 00007ff64aed2fc7
0x00007ff678f53298:   00007ff678f53180 00007ff678f53cd0
0x00007ff678f532a8:   0000000078f532e8 00007ff678f53180
0x00007ff678f532b8:   00007ff678f53c50 00000001700087f0
0x00007ff678f532c8:   00007ff678f532f0 00007ff678f5330c
0x00007ff678f532d8:   00007ff678f53308 00000001700087f0
0x00007ff678f532e8:   00007ff678f53230 00007ff600000001
0x00007ff678f532f8:   00007ff670008a48 00007ff67014fa60
0x00007ff678f53308:   0000000100000000 0000000000000001
0x00007ff678f53318:   00007ff670008a48 00007ff67014fa60
0x00007ff678f53328:   00007ff678f533c8 0000000000000001
0x00007ff678f53338:   00007ff678f53378 00007ff678f53cc0
0x00007ff678f53348:   00007ff64b0e60f5 00007ff678f533c0
0x00007ff678f53358:   00007ff658d2a560 0000000000000000
0x00007ff678f53368:   00007ff658d2a1f8 00007ff64b0f00c0 

Instructions: (pc=0x00007ff676f291a3)
0x00007ff676f29183:   48 89 f8 48 03 52 e8 48 89 17 c3 66 90 48 8b 16
0x00007ff676f29193:   48 89 f8 48 89 17 c3 66 0f 1f 44 00 00 48 8b 07
0x00007ff676f291a3:   48 8b 40 e8 c3 0f 1f 84 00 00 00 00 00 48 b8 f9
0x00007ff676f291b3:   ff ff ff ff ff ff 3f c3 0f 1f 44 00 00 48 8b 07 

Register to memory mapping:

RAX=0x9e60be4800f88348 is an unknown value
RBX=0x0000000000000008 is an unknown value
RCX=0x00007ff678f531b0 is pointing into the stack for thread: 0x00007ff6700087f0
RDX=0x00007ff6611b82ac is at entry_point+460 in (nmethod*)0x00007ff6611b7f50
RSP=0x00007ff678f53178 is pointing into the stack for thread: 0x00007ff6700087f0
RBP=0x00007ff678f531b0 is pointing into the stack for thread: 0x00007ff6700087f0
RSI=0x00007ff6611b82ac is at entry_point+460 in (nmethod*)0x00007ff6611b7f50
RDI=0x00007ff6611b82ac is at entry_point+460 in (nmethod*)0x00007ff6611b7f50
R8 =0x00007ff678f531f8 is pointing into the stack for thread: 0x00007ff6700087f0
R9 =0x00007ff661007ffd is at code_begin+2301 in an Interpreter codelet
invoke return entry points  [0x00007ff661007700, 0x00007ff6610080e0]  2528 bytes
R10=0x00007ff678f52e90 is pointing into the stack for thread: 0x00007ff6700087f0
R11=0x00007ff676f291a0: _ZNKSs4sizeEv+0 in /lib64/libstdc++.so.6 at 0x00007ff676e6c000
R12=0x00007ff678f53370 is pointing into the stack for thread: 0x00007ff6700087f0
R13=0x0000000000000008 is an unknown value
R14=0x0000000000000001 is an unknown value
R15=0x00007ff678f53350 is pointing into the stack for thread: 0x00007ff6700087f0


Stack: [0x00007ff678e55000,0x00007ff678f56000],  sp=0x00007ff678f53178,  free space=1016k
Native frames: (J=compiled Java code, j=interpreted, Vv=VM code, C=native code)
C  [libstdc++.so.6+0xbd1a3]  std::string::size() const+0x3
C  [libHvDeviceJava.so+0x3feb]  GetUrlIn+0x24
C  [jna2060058314378268176.tmp+0x13564]  ffi_call_unix64+0x4c
C  0x00007ff678f53cd0

Java frames: (J=compiled Java code, j=interpreted, Vv=VM code)
j  com.sun.jna.Native.invokePointer(Lcom/sun/jna/Function;JI[Ljava/lang/Object;)J+0
j  com.sun.jna.Function.invokePointer(I[Ljava/lang/Object;)Lcom/sun/jna/Pointer;+7
j  com.sun.jna.Function.invokeString(I[Ljava/lang/Object;Z)Ljava/lang/String;+3
j  com.sun.jna.Function.invoke([Ljava/lang/Object;Ljava/lang/Class;ZI)Ljava/lang/Object;+329
j  com.sun.jna.Function.invoke(Ljava/lang/reflect/Method;[Ljava/lang/Class;Ljava/lang/Class;[Ljava/lang/Object;Ljava/util/Map;)Ljava/lang/Object;+271
j  com.sun.jna.Library$Handler.invoke(Ljava/lang/Object;Ljava/lang/reflect/Method;[Ljava/lang/Object;)Ljava/lang/Object;+344
j  com.sun.proxy.$Proxy0.GetUrlIn(Ljava/lang/String;)Ljava/lang/String;+16
j  com.etc.camera.MainApplication.main([Ljava/lang/String;)V+97
v  ~StubRoutines::call_stub
j  sun.reflect.NativeMethodAccessorImpl.invoke0(Ljava/lang/reflect/Method;Ljava/lang/Object;[Ljava/lang/Object;)Ljava/lang/Object;+0
j  sun.reflect.NativeMethodAccessorImpl.invoke(Ljava/lang/Object;[Ljava/lang/Object;)Ljava/lang/Object;+100
j  sun.reflect.DelegatingMethodAccessorImpl.invoke(Ljava/lang/Object;[Ljava/lang/Object;)Ljava/lang/Object;+6
j  java.lang.reflect.Method.invoke(Ljava/lang/Object;[Ljava/lang/Object;)Ljava/lang/Object;+56
j  org.springframework.boot.loader.MainMethodRunner.run()V+43
j  org.springframework.boot.loader.Launcher.launch([Ljava/lang/String;Ljava/lang/String;Ljava/lang/ClassLoader;)V+14
j  org.springframework.boot.loader.Launcher.launch([Ljava/lang/String;)V+19
j  org.springframework.boot.loader.JarLauncher.main([Ljava/lang/String;)V+8
v  ~StubRoutines::call_stub

---------------  P R O C E S S  ---------------

Java Threads: ( => current thread )
  0x00007ff6704da580 JavaThread "process reaper" daemon [_thread_blocked, id=13744, stack(0x00007ff678d66000,0x00007ff678d9f000)]
  0x00007ff6701940b0 JavaThread "Service Thread" daemon [_thread_blocked, id=13736, stack(0x00007ff64b3f4000,0x00007ff64b4f5000)]
  0x00007ff67018fba0 JavaThread "C1 CompilerThread2" daemon [_thread_blocked, id=13735, stack(0x00007ff64b4f5000,0x00007ff64b5f6000)]
  0x00007ff67001a380 JavaThread "C2 CompilerThread1" daemon [_thread_blocked, id=13734, stack(0x00007ff64b5f6000,0x00007ff64b6f7000)]
  0x00007ff670181780 JavaThread "C2 CompilerThread0" daemon [_thread_blocked, id=13733, stack(0x00007ff64b6f7000,0x00007ff64b7f8000)]
  0x00007ff67017ff20 JavaThread "Signal Dispatcher" daemon [_thread_blocked, id=13732, stack(0x00007ff64b7f8000,0x00007ff64b8f9000)]
  0x00007ff670156870 JavaThread "Finalizer" daemon [_thread_blocked, id=13731, stack(0x00007ff64b8f9000,0x00007ff64b9fa000)]
  0x00007ff670152600 JavaThread "Reference Handler" daemon [_thread_blocked, id=13730, stack(0x00007ff64b9fa000,0x00007ff64bafb000)]
=>0x00007ff6700087f0 JavaThread "main" [_thread_in_native, id=13724, stack(0x00007ff678e55000,0x00007ff678f56000)]

Other Threads:
  0x00007ff6701490e0 VMThread [stack: 0x00007ff64bafb000,0x00007ff64bbfc000] [id=13729]
  0x00007ff670196000 WatcherThread [stack: 0x00007ff64b2f3000,0x00007ff64b3f4000] [id=13737]

VM state:not at safepoint (normal execution)

VM Mutex/Monitor currently owned by a thread: None

Heap:
 PSYoungGen      total 74752K, used 9089K [0x000000076d400000, 0x0000000772700000, 0x00000007c0000000)
  eden space 64512K, 14% used [0x000000076d400000,0x000000076dce0480,0x0000000771300000)
  from space 10240K, 0% used [0x0000000771d00000,0x0000000771d00000,0x0000000772700000)
  to   space 10240K, 0% used [0x0000000771300000,0x0000000771300000,0x0000000771d00000)
 ParOldGen       total 171008K, used 0K [0x00000006c7c00000, 0x00000006d2300000, 0x000000076d400000)
  object space 171008K, 0% used [0x00000006c7c00000,0x00000006c7c00000,0x00000006d2300000)
 Metaspace       used 6691K, capacity 6926K, committed 7168K, reserved 1056768K
  class space    used 686K, capacity 751K, committed 768K, reserved 1048576K

Card table byte_map: [0x00007ff67536e000,0x00007ff675b31000] byte_map_base: 0x00007ff671d30000

Marking Bits: (ParMarkBitMap*) 0x00007ff67811dda0
 Begin Bits: [0x00007ff6593e0000, 0x00007ff65d1f0000)
 End Bits:   [0x00007ff65d1f0000, 0x00007ff661000000)

Polling page: 0x00007ff678f62000

CodeCache: size=245760Kb used=1872Kb max_used=1879Kb free=243887Kb
 bounds [0x00007ff661000000, 0x00007ff661270000, 0x00007ff670000000]
 total_blobs=734 nmethods=422 adapters=227
 compilation: enabled

Compilation events (10 events):
Event: 3.929 Thread 0x00007ff67018fba0 nmethod 418 0x00007ff6611d53d0 code [0x00007ff6611d5520, 0x00007ff6611d5630]
Event: 3.929 Thread 0x00007ff67018fba0  419       1       sun.util.calendar.CalendarDate::getMinutes (5 bytes)
Event: 3.929 Thread 0x00007ff67001a380 nmethod 407 0x00007ff6611d5690 code [0x00007ff6611d5800, 0x00007ff6611d5cd8]
Event: 3.929 Thread 0x00007ff67018fba0 nmethod 419 0x00007ff6611d3710 code [0x00007ff6611d3860, 0x00007ff6611d3970]
Event: 3.929 Thread 0x00007ff67018fba0  420       1       sun.util.calendar.CalendarDate::getSeconds (5 bytes)
Event: 3.929 Thread 0x00007ff67018fba0 nmethod 420 0x00007ff6611d3450 code [0x00007ff6611d35a0, 0x00007ff6611d36b0]
Event: 3.936 Thread 0x00007ff67018fba0  421       3       org.springframework.boot.loader.data.RandomAccessDataFile$DataInputStream::<init> (45 bytes)
Event: 3.936 Thread 0x00007ff67018fba0 nmethod 421 0x00007ff6611d2a50 code [0x00007ff6611d2c20, 0x00007ff6611d3188]
Event: 3.936 Thread 0x00007ff67018fba0  422       3       java.lang.String::contains (20 bytes)
Event: 3.936 Thread 0x00007ff67018fba0 nmethod 422 0x00007ff6611d2210 code [0x00007ff6611d23a0, 0x00007ff6611d2838]

GC Heap History (0 events):
No events

Deoptimization events (0 events):
No events

Internal exceptions (10 events):
Event: 0.067 Thread 0x00007ff6700087f0 Exception <a 'java/lang/NoSuchMethodError': Method sun.misc.Unsafe.prefetchRead(Ljava/lang/Object;J)V name or signature does not match> (0x000000076d407f88) thrown at [/builddir/build/BUILD/java-1.8.0-openjdk-1.8.0.151-1.b12.el7_4.x86_64/openjdk/hotspot/s
Event: 0.470 Thread 0x00007ff6700087f0 Exception <a 'java/lang/NoSuchFieldError': method resolution failed> (0x000000076d714618) thrown at [/builddir/build/BUILD/java-1.8.0-openjdk-1.8.0.151-1.b12.el7_4.x86_64/openjdk/hotspot/src/share/vm/prims/methodHandles.cpp, line 1146]
Event: 0.477 Thread 0x00007ff6700087f0 Exception <a 'java/lang/NoSuchFieldError': method resolution failed> (0x000000076d721a18) thrown at [/builddir/build/BUILD/java-1.8.0-openjdk-1.8.0.151-1.b12.el7_4.x86_64/openjdk/hotspot/src/share/vm/prims/methodHandles.cpp, line 1146]
Event: 0.633 Thread 0x00007ff6700087f0 Exception <a 'java/lang/ClassNotFoundException': org/springframework/boot/loader/file/Handler> (0x000000076d7e7700) thrown at [/builddir/build/BUILD/java-1.8.0-openjdk-1.8.0.151-1.b12.el7_4.x86_64/openjdk/hotspot/src/share/vm/classfile/systemDictionary.cp
Event: 0.634 Thread 0x00007ff6700087f0 Exception <a 'java/security/PrivilegedActionException'> (0x000000076d7f0148) thrown at [/builddir/build/BUILD/java-1.8.0-openjdk-1.8.0.151-1.b12.el7_4.x86_64/openjdk/hotspot/src/share/vm/prims/jvm.cpp, line 1400]
Event: 0.634 Thread 0x00007ff6700087f0 Exception <a 'java/security/PrivilegedActionException'> (0x000000076d7f0540) thrown at [/builddir/build/BUILD/java-1.8.0-openjdk-1.8.0.151-1.b12.el7_4.x86_64/openjdk/hotspot/src/share/vm/prims/jvm.cpp, line 1400]
Event: 0.635 Thread 0x00007ff6700087f0 Exception <a 'java/security/PrivilegedActionException'> (0x000000076d7f3200) thrown at [/builddir/build/BUILD/java-1.8.0-openjdk-1.8.0.151-1.b12.el7_4.x86_64/openjdk/hotspot/src/share/vm/prims/jvm.cpp, line 1400]
Event: 0.635 Thread 0x00007ff6700087f0 Exception <a 'java/security/PrivilegedActionException'> (0x000000076d7f35f8) thrown at [/builddir/build/BUILD/java-1.8.0-openjdk-1.8.0.151-1.b12.el7_4.x86_64/openjdk/hotspot/src/share/vm/prims/jvm.cpp, line 1400]
Event: 0.635 Thread 0x00007ff6700087f0 Exception <a 'java/security/PrivilegedActionException'> (0x000000076d7f46c0) thrown at [/builddir/build/BUILD/java-1.8.0-openjdk-1.8.0.151-1.b12.el7_4.x86_64/openjdk/hotspot/src/share/vm/prims/jvm.cpp, line 1400]
Event: 0.635 Thread 0x00007ff6700087f0 Exception <a 'java/security/PrivilegedActionException'> (0x000000076d7f4ab8) thrown at [/builddir/build/BUILD/java-1.8.0-openjdk-1.8.0.151-1.b12.el7_4.x86_64/openjdk/hotspot/src/share/vm/prims/jvm.cpp, line 1400]

Events (10 events):
Event: 3.927 loading class com/sun/jna/NativeString
Event: 3.927 loading class com/sun/jna/NativeString done
Event: 3.928 loading class com/sun/jna/NativeString$StringMemory
Event: 3.928 loading class com/sun/jna/NativeString$StringMemory done
Event: 3.934 loading class com/sun/jna/Memory$SharedMemory
Event: 3.934 loading class com/sun/jna/Memory$SharedMemory done
Event: 3.935 loading class com/sun/jna/WeakMemoryHolder
Event: 3.935 loading class com/sun/jna/WeakMemoryHolder done
Event: 3.960 loading class com/sun/jna/Function$PostCallRead
Event: 3.960 loading class com/sun/jna/Function$PostCallRead done


Dynamic libraries:
00400000-00401000 r-xp 00000000 fd:01 2413332                            /usr/lib/jvm/java-1.8.0-openjdk-1.8.0.151-1.b12.el7_4.x86_64/jre/bin/java
00600000-00601000 r--p 00000000 fd:01 2413332                            /usr/lib/jvm/java-1.8.0-openjdk-1.8.0.151-1.b12.el7_4.x86_64/jre/bin/java
00601000-00602000 rw-p 00001000 fd:01 2413332                            /usr/lib/jvm/java-1.8.0-openjdk-1.8.0.151-1.b12.el7_4.x86_64/jre/bin/java
01421000-01442000 rw-p 00000000 00:00 0                                  [heap]
6c7c00000-6d2300000 rw-p 00000000 00:00 0 
6d2300000-76d400000 ---p 00000000 00:00 0 
76d400000-772700000 rw-p 00000000 00:00 0 
772700000-7c0000000 ---p 00000000 00:00 0 
7c0000000-7c00c0000 rw-p 00000000 00:00 0 
7c00c0000-800000000 ---p 00000000 00:00 0 
7ff614000000-7ff614021000 rw-p 00000000 00:00 0 
7ff614021000-7ff618000000 ---p 00000000 00:00 0 
7ff618000000-7ff618021000 rw-p 00000000 00:00 0 
7ff618021000-7ff61c000000 ---p 00000000 00:00 0 
7ff61c000000-7ff61c223000 rw-p 00000000 00:00 0 
7ff61c223000-7ff620000000 ---p 00000000 00:00 0 
7ff620000000-7ff620021000 rw-p 00000000 00:00 0 
7ff620021000-7ff624000000 ---p 00000000 00:00 0 
7ff624000000-7ff6240e9000 rw-p 00000000 00:00 0 
7ff6240e9000-7ff628000000 ---p 00000000 00:00 0 
7ff628000000-7ff62802a000 rw-p 00000000 00:00 0 
7ff62802a000-7ff62c000000 ---p 00000000 00:00 0 
7ff62c000000-7ff62c021000 rw-p 00000000 00:00 0 
7ff62c021000-7ff630000000 ---p 00000000 00:00 0 
7ff631ad7000-7ff638000000 r--p 00000000 fd:01 665533                     /usr/lib/locale/locale-archive
7ff638000000-7ff638021000 rw-p 00000000 00:00 0 
7ff638021000-7ff63c000000 ---p 00000000 00:00 0 
7ff63c000000-7ff63c021000 rw-p 00000000 00:00 0 
7ff63c021000-7ff640000000 ---p 00000000 00:00 0 
7ff640000000-7ff640021000 rw-p 00000000 00:00 0 
7ff640021000-7ff644000000 ---p 00000000 00:00 0 
7ff644000000-7ff644021000 rw-p 00000000 00:00 0 
7ff644021000-7ff648000000 ---p 00000000 00:00 0 
7ff64ac29000-7ff64ac80000 r-xp 00000000 fd:11 5898650                    /web/java/java/camera/lib/libHvDevice.so
7ff64ac80000-7ff64ae80000 ---p 00057000 fd:11 5898650                    /web/java/java/camera/lib/libHvDevice.so
7ff64ae80000-7ff64ae81000 r--p 00057000 fd:11 5898650                    /web/java/java/camera/lib/libHvDevice.so
7ff64ae81000-7ff64aeb9000 rw-p 00058000 fd:11 5898650                    /web/java/java/camera/lib/libHvDevice.so
7ff64aeb9000-7ff64aecf000 rw-p 00000000 00:00 0 
7ff64aecf000-7ff64aed9000 r-xp 00000000 fd:11 5899808                    /web/java/java/camera/lib/libHvDeviceJava.so
7ff64aed9000-7ff64b0d8000 ---p 0000a000 fd:11 5899808                    /web/java/java/camera/lib/libHvDeviceJava.so
7ff64b0d8000-7ff64b0d9000 r--p 00009000 fd:11 5899808                    /web/java/java/camera/lib/libHvDeviceJava.so
7ff64b0d9000-7ff64b0da000 rw-p 0000a000 fd:11 5899808                    /web/java/java/camera/lib/libHvDeviceJava.so
7ff64b0da000-7ff64b0f2000 r-xp 00000000 fd:01 421871                     /tmp/jna-3506402/jna2060058314378268176.tmp (deleted)
7ff64b0f2000-7ff64b2f2000 ---p 00018000 fd:01 421871                     /tmp/jna-3506402/jna2060058314378268176.tmp (deleted)
7ff64b2f2000-7ff64b2f3000 rw-p 00018000 fd:01 421871                     /tmp/jna-3506402/jna2060058314378268176.tmp (deleted)
7ff64b2f3000-7ff64b2f4000 ---p 00000000 00:00 0 
7ff64b2f4000-7ff64b3f4000 rw-p 00000000 00:00 0                          [stack:13737]
7ff64b3f4000-7ff64b3f7000 ---p 00000000 00:00 0 
7ff64b3f7000-7ff64b4f5000 rw-p 00000000 00:00 0                          [stack:13736]
7ff64b4f5000-7ff64b4f8000 ---p 00000000 00:00 0 
7ff64b4f8000-7ff64b5f6000 rw-p 00000000 00:00 0                          [stack:13735]
7ff64b5f6000-7ff64b5f9000 ---p 00000000 00:00 0 
7ff64b5f9000-7ff64b6f7000 rw-p 00000000 00:00 0                          [stack:13734]
7ff64b6f7000-7ff64b6fa000 ---p 00000000 00:00 0 
7ff64b6fa000-7ff64b7f8000 rw-p 00000000 00:00 0                          [stack:13733]
7ff64b7f8000-7ff64b7fb000 ---p 00000000 00:00 0 
7ff64b7fb000-7ff64b8f9000 rw-p 00000000 00:00 0                          [stack:13732]
7ff64b8f9000-7ff64b8fc000 ---p 00000000 00:00 0 
7ff64b8fc000-7ff64b9fa000 rw-p 00000000 00:00 0                          [stack:13731]
7ff64b9fa000-7ff64b9fd000 ---p 00000000 00:00 0 
7ff64b9fd000-7ff64bafb000 rw-p 00000000 00:00 0                          [stack:13730]
7ff64bafb000-7ff64bafc000 ---p 00000000 00:00 0 
7ff64bafc000-7ff64c000000 rw-p 00000000 00:00 0                          [stack:13729]
7ff64c000000-7ff64c021000 rw-p 00000000 00:00 0 
7ff64c021000-7ff650000000 ---p 00000000 00:00 0 
7ff650000000-7ff650021000 rw-p 00000000 00:00 0 
7ff650021000-7ff654000000 ---p 00000000 00:00 0 
7ff654000000-7ff654021000 rw-p 00000000 00:00 0 
7ff654021000-7ff658000000 ---p 00000000 00:00 0 
7ff658087000-7ff659220000 rw-p 00000000 00:00 0 
7ff659220000-7ff6593e0000 ---p 00000000 00:00 0 
7ff6593e0000-7ff661000000 rw-p 00000000 00:00 0 
7ff661000000-7ff661270000 rwxp 00000000 00:00 0 
7ff661270000-7ff670000000 ---p 00000000 00:00 0 
7ff670000000-7ff670580000 rw-p 00000000 00:00 0 
7ff670580000-7ff674000000 ---p 00000000 00:00 0 
7ff674037000-7ff674206000 r--s 043ff000 fd:01 2413422                    /usr/lib/jvm/java-1.8.0-openjdk-1.8.0.151-1.b12.el7_4.x86_64/jre/lib/rt.jar
7ff674206000-7ff674a3e000 rw-p 00000000 00:00 0 
7ff674a3e000-7ff674a3f000 ---p 00000000 00:00 0 
7ff674a3f000-7ff674b3f000 rw-p 00000000 00:00 0                          [stack:13728]
7ff674b3f000-7ff674b40000 ---p 00000000 00:00 0 
7ff674b40000-7ff674c40000 rw-p 00000000 00:00 0                          [stack:13727]
7ff674c40000-7ff674c41000 ---p 00000000 00:00 0 
7ff674c41000-7ff674d41000 rw-p 00000000 00:00 0                          [stack:13726]
7ff674d41000-7ff674d42000 ---p 00000000 00:00 0 
7ff674d42000-7ff674e96000 rw-p 00000000 00:00 0                          [stack:13725]
7ff674e96000-7ff67536e000 ---p 00000000 00:00 0 
7ff67536e000-7ff6753c2000 rw-p 00000000 00:00 0 
7ff6753c2000-7ff67589a000 ---p 00000000 00:00 0 
7ff67589a000-7ff6758c4000 rw-p 00000000 00:00 0 
7ff6758c4000-7ff675b30000 ---p 00000000 00:00 0 
7ff675b30000-7ff675b3b000 rw-p 00000000 00:00 0 
7ff675b3b000-7ff675ef1000 ---p 00000000 00:00 0 
7ff675ef1000-7ff675ef9000 r-xp 00000000 fd:01 2413373                    /usr/lib/jvm/java-1.8.0-openjdk-1.8.0.151-1.b12.el7_4.x86_64/jre/lib/amd64/libzip.so
7ff675ef9000-7ff6760f8000 ---p 00008000 fd:01 2413373                    /usr/lib/jvm/java-1.8.0-openjdk-1.8.0.151-1.b12.el7_4.x86_64/jre/lib/amd64/libzip.so
7ff6760f8000-7ff6760f9000 r--p 00007000 fd:01 2413373                    /usr/lib/jvm/java-1.8.0-openjdk-1.8.0.151-1.b12.el7_4.x86_64/jre/lib/amd64/libzip.so
7ff6760f9000-7ff6760fa000 rw-p 00008000 fd:01 2413373                    /usr/lib/jvm/java-1.8.0-openjdk-1.8.0.151-1.b12.el7_4.x86_64/jre/lib/amd64/libzip.so
7ff6760fa000-7ff676106000 r-xp 00000000 fd:01 663465                     /usr/lib64/libnss_files-2.17.so
7ff676106000-7ff676305000 ---p 0000c000 fd:01 663465                     /usr/lib64/libnss_files-2.17.so
7ff676305000-7ff676306000 r--p 0000b000 fd:01 663465                     /usr/lib64/libnss_files-2.17.so
7ff676306000-7ff676307000 rw-p 0000c000 fd:01 663465                     /usr/lib64/libnss_files-2.17.so
7ff676307000-7ff67630d000 rw-p 00000000 00:00 0 
7ff67630d000-7ff67633a000 r-xp 00000000 fd:01 2413355                    /usr/lib/jvm/java-1.8.0-openjdk-1.8.0.151-1.b12.el7_4.x86_64/jre/lib/amd64/libjava.so
7ff67633a000-7ff67653a000 ---p 0002d000 fd:01 2413355                    /usr/lib/jvm/java-1.8.0-openjdk-1.8.0.151-1.b12.el7_4.x86_64/jre/lib/amd64/libjava.so
7ff67653a000-7ff67653b000 r--p 0002d000 fd:01 2413355                    /usr/lib/jvm/java-1.8.0-openjdk-1.8.0.151-1.b12.el7_4.x86_64/jre/lib/amd64/libjava.so
7ff67653b000-7ff67653d000 rw-p 0002e000 fd:01 2413355                    /usr/lib/jvm/java-1.8.0-openjdk-1.8.0.151-1.b12.el7_4.x86_64/jre/lib/amd64/libjava.so
7ff67653d000-7ff67654a000 r-xp 00000000 fd:01 2413372                    /usr/lib/jvm/java-1.8.0-openjdk-1.8.0.151-1.b12.el7_4.x86_64/jre/lib/amd64/libverify.so
7ff67654a000-7ff676749000 ---p 0000d000 fd:01 2413372                    /usr/lib/jvm/java-1.8.0-openjdk-1.8.0.151-1.b12.el7_4.x86_64/jre/lib/amd64/libverify.so
7ff676749000-7ff67674b000 r--p 0000c000 fd:01 2413372                    /usr/lib/jvm/java-1.8.0-openjdk-1.8.0.151-1.b12.el7_4.x86_64/jre/lib/amd64/libverify.so
7ff67674b000-7ff67674c000 rw-p 0000e000 fd:01 2413372                    /usr/lib/jvm/java-1.8.0-openjdk-1.8.0.151-1.b12.el7_4.x86_64/jre/lib/amd64/libverify.so
7ff67674c000-7ff676753000 r-xp 00000000 fd:01 663468                     /usr/lib64/librt-2.17.so
7ff676753000-7ff676952000 ---p 00007000 fd:01 663468                     /usr/lib64/librt-2.17.so
7ff676952000-7ff676953000 r--p 00006000 fd:01 663468                     /usr/lib64/librt-2.17.so
7ff676953000-7ff676954000 rw-p 00007000 fd:01 663468                     /usr/lib64/librt-2.17.so
7ff676954000-7ff676969000 r-xp 00000000 fd:01 193185                     /usr/lib64/libgcc_s-4.8.5-20150702.so.1
7ff676969000-7ff676b68000 ---p 00015000 fd:01 193185                     /usr/lib64/libgcc_s-4.8.5-20150702.so.1
7ff676b68000-7ff676b69000 r--p 00014000 fd:01 193185                     /usr/lib64/libgcc_s-4.8.5-20150702.so.1
7ff676b69000-7ff676b6a000 rw-p 00015000 fd:01 193185                     /usr/lib64/libgcc_s-4.8.5-20150702.so.1
7ff676b6a000-7ff676c6b000 r-xp 00000000 fd:01 663462                     /usr/lib64/libm-2.17.so
7ff676c6b000-7ff676e6a000 ---p 00101000 fd:01 663462                     /usr/lib64/libm-2.17.so
7ff676e6a000-7ff676e6b000 r--p 00100000 fd:01 663462                     /usr/lib64/libm-2.17.so
7ff676e6b000-7ff676e6c000 rw-p 00101000 fd:01 663462                     /usr/lib64/libm-2.17.so
7ff676e6c000-7ff676f55000 r-xp 00000000 fd:01 657610                     /usr/lib64/libstdc++.so.6.0.19
7ff676f55000-7ff677155000 ---p 000e9000 fd:01 657610                     /usr/lib64/libstdc++.so.6.0.19
7ff677155000-7ff67715d000 r--p 000e9000 fd:01 657610                     /usr/lib64/libstdc++.so.6.0.19
7ff67715d000-7ff67715f000 rw-p 000f1000 fd:01 657610                     /usr/lib64/libstdc++.so.6.0.19
7ff67715f000-7ff677174000 rw-p 00000000 00:00 0 
7ff677174000-7ff677e34000 r-xp 00000000 fd:01 2413376                    /usr/lib/jvm/java-1.8.0-openjdk-1.8.0.151-1.b12.el7_4.x86_64/jre/lib/amd64/server/libjvm.so
7ff677e34000-7ff678034000 ---p 00cc0000 fd:01 2413376                    /usr/lib/jvm/java-1.8.0-openjdk-1.8.0.151-1.b12.el7_4.x86_64/jre/lib/amd64/server/libjvm.so
7ff678034000-7ff6780df000 r--p 00cc0000 fd:01 2413376                    /usr/lib/jvm/java-1.8.0-openjdk-1.8.0.151-1.b12.el7_4.x86_64/jre/lib/amd64/server/libjvm.so
7ff6780df000-7ff678108000 rw-p 00d6b000 fd:01 2413376                    /usr/lib/jvm/java-1.8.0-openjdk-1.8.0.151-1.b12.el7_4.x86_64/jre/lib/amd64/server/libjvm.so
7ff678108000-7ff67813b000 rw-p 00000000 00:00 0 
7ff67813b000-7ff6782f3000 r-xp 00000000 fd:01 657568                     /usr/lib64/libc-2.17.so
7ff6782f3000-7ff6784f3000 ---p 001b8000 fd:01 657568                     /usr/lib64/libc-2.17.so
7ff6784f3000-7ff6784f7000 r--p 001b8000 fd:01 657568                     /usr/lib64/libc-2.17.so
7ff6784f7000-7ff6784f9000 rw-p 001bc000 fd:01 657568                     /usr/lib64/libc-2.17.so
7ff6784f9000-7ff6784fe000 rw-p 00000000 00:00 0 
7ff6784fe000-7ff678500000 r-xp 00000000 fd:01 663461                     /usr/lib64/libdl-2.17.so
7ff678500000-7ff678700000 ---p 00002000 fd:01 663461                     /usr/lib64/libdl-2.17.so
7ff678700000-7ff678701000 r--p 00002000 fd:01 663461                     /usr/lib64/libdl-2.17.so
7ff678701000-7ff678702000 rw-p 00003000 fd:01 663461                     /usr/lib64/libdl-2.17.so
7ff678702000-7ff678710000 r-xp 00000000 fd:01 2413342                    /usr/lib/jvm/java-1.8.0-openjdk-1.8.0.151-1.b12.el7_4.x86_64/jre/lib/amd64/jli/libjli.so
7ff678710000-7ff67890f000 ---p 0000e000 fd:01 2413342                    /usr/lib/jvm/java-1.8.0-openjdk-1.8.0.151-1.b12.el7_4.x86_64/jre/lib/amd64/jli/libjli.so
7ff67890f000-7ff678910000 r--p 0000d000 fd:01 2413342                    /usr/lib/jvm/java-1.8.0-openjdk-1.8.0.151-1.b12.el7_4.x86_64/jre/lib/amd64/jli/libjli.so
7ff678910000-7ff678911000 rw-p 0000e000 fd:01 2413342                    /usr/lib/jvm/java-1.8.0-openjdk-1.8.0.151-1.b12.el7_4.x86_64/jre/lib/amd64/jli/libjli.so
7ff678911000-7ff678926000 r-xp 00000000 fd:01 657746                     /usr/lib64/libz.so.1.2.7
7ff678926000-7ff678b25000 ---p 00015000 fd:01 657746                     /usr/lib64/libz.so.1.2.7
7ff678b25000-7ff678b26000 r--p 00014000 fd:01 657746                     /usr/lib64/libz.so.1.2.7
7ff678b26000-7ff678b27000 rw-p 00015000 fd:01 657746                     /usr/lib64/libz.so.1.2.7
7ff678b27000-7ff678b3e000 r-xp 00000000 fd:01 657594                     /usr/lib64/libpthread-2.17.so
7ff678b3e000-7ff678d3d000 ---p 00017000 fd:01 657594                     /usr/lib64/libpthread-2.17.so
7ff678d3d000-7ff678d3e000 r--p 00016000 fd:01 657594                     /usr/lib64/libpthread-2.17.so
7ff678d3e000-7ff678d3f000 rw-p 00017000 fd:01 657594                     /usr/lib64/libpthread-2.17.so
7ff678d3f000-7ff678d43000 rw-p 00000000 00:00 0 
7ff678d43000-7ff678d64000 r-xp 00000000 fd:01 657554                     /usr/lib64/ld-2.17.so
7ff678d66000-7ff678d69000 ---p 00000000 00:00 0 
7ff678d69000-7ff678d9f000 rw-p 00000000 00:00 0                          [stack:13744]
7ff678d9f000-7ff678da4000 r--s 000b3000 fd:01 2413409                    /usr/lib/jvm/java-1.8.0-openjdk-1.8.0.151-1.b12.el7_4.x86_64/jre/lib/jsse.jar
7ff678da4000-7ff678e4d000 rw-p 00000000 00:00 0 
7ff678e4d000-7ff678e55000 rw-s 00000000 fd:01 421869                     /tmp/hsperfdata_root/13723
7ff678e55000-7ff678e58000 ---p 00000000 00:00 0 
7ff678e58000-7ff678f5b000 rw-p 00000000 00:00 0                          [stack:13724]
7ff678f5e000-7ff678f5f000 rw-p 00000000 00:00 0 
7ff678f5f000-7ff678f61000 r--s 004e4000 fd:11 5899060                    /web/java/java/camera/target/camera-1.jar
7ff678f61000-7ff678f62000 rw-p 00000000 00:00 0 
7ff678f62000-7ff678f63000 r--p 00000000 00:00 0 
7ff678f63000-7ff678f64000 rw-p 00000000 00:00 0 
7ff678f64000-7ff678f65000 r--p 00021000 fd:01 657554                     /usr/lib64/ld-2.17.so
7ff678f65000-7ff678f66000 rw-p 00022000 fd:01 657554                     /usr/lib64/ld-2.17.so
7ff678f66000-7ff678f67000 rw-p 00000000 00:00 0 
7ffd390b1000-7ffd390d2000 rw-p 00000000 00:00 0                          [stack]
7ffd39127000-7ffd39129000 r-xp 00000000 00:00 0                          [vdso]
ffffffffff600000-ffffffffff601000 r-xp 00000000 00:00 0                  [vsyscall]

VM Arguments:
java_command: target/camera-1.jar
java_class_path (initial): target/camera-1.jar
Launcher Type: SUN_STANDARD

Environment Variables:
PATH=/usr/local/sbin:/usr/local/bin:/usr/sbin:/usr/bin:/root/bin
LD_LIBRARY_PATH=:.:./lib
SHELL=/bin/bash

Signal Handlers:
SIGSEGV: [libjvm.so+0xab05b0], sa_mask[0]=11111111011111111101111111111110, sa_flags=SA_RESTART|SA_SIGINFO
SIGBUS: [libjvm.so+0xab05b0], sa_mask[0]=11111111011111111101111111111110, sa_flags=SA_RESTART|SA_SIGINFO
SIGFPE: [libjvm.so+0x8a8b20], sa_mask[0]=11111111011111111101111111111110, sa_flags=SA_RESTART|SA_SIGINFO
SIGPIPE: [libjvm.so+0x8a8b20], sa_mask[0]=11111111011111111101111111111110, sa_flags=SA_RESTART|SA_SIGINFO
SIGXFSZ: [libjvm.so+0x8a8b20], sa_mask[0]=11111111011111111101111111111110, sa_flags=SA_RESTART|SA_SIGINFO
SIGILL: [libjvm.so+0x8a8b20], sa_mask[0]=11111111011111111101111111111110, sa_flags=SA_RESTART|SA_SIGINFO
SIGUSR1: SIG_DFL, sa_mask[0]=00000000000000000000000000000000, sa_flags=none
SIGUSR2: [libjvm.so+0x8a89d0], sa_mask[0]=00000000000000000000000000000000, sa_flags=SA_RESTART|SA_SIGINFO
SIGHUP: [libjvm.so+0x8a8be0], sa_mask[0]=11111111011111111101111111111110, sa_flags=SA_RESTART|SA_SIGINFO
SIGINT: [libjvm.so+0x8a8be0], sa_mask[0]=11111111011111111101111111111110, sa_flags=SA_RESTART|SA_SIGINFO
SIGTERM: [libjvm.so+0x8a8be0], sa_mask[0]=11111111011111111101111111111110, sa_flags=SA_RESTART|SA_SIGINFO
SIGQUIT: [libjvm.so+0x8a8be0], sa_mask[0]=11111111011111111101111111111110, sa_flags=SA_RESTART|SA_SIGINFO


---------------  S Y S T E M  ---------------

OS:CentOS Linux release 7.4.1708 (Core) 

uname:Linux 3.10.0-514.26.2.el7.x86_64 #1 SMP Tue Jul 4 15:04:05 UTC 2017 x86_64
libc:glibc 2.17 NPTL 2.17 
rlimit: STACK 8192k, CORE 0k, NPROC 63465, NOFILE 65535, AS infinity
load average:6.03 5.48 5.50

/proc/meminfo:
MemTotal:       16267956 kB
MemFree:         1097792 kB
MemAvailable:    3961356 kB
Buffers:          361820 kB
Cached:          2453220 kB
SwapCached:            0 kB
Active:         13010856 kB
Inactive:        1371024 kB
Active(anon):   11587476 kB
Inactive(anon):    28968 kB
Active(file):    1423380 kB
Inactive(file):  1342056 kB
Unevictable:           0 kB
Mlocked:               0 kB
SwapTotal:             0 kB
SwapFree:              0 kB
Dirty:              6252 kB
Writeback:             0 kB
AnonPages:      11566840 kB
Mapped:           228448 kB
Shmem:             49604 kB
Slab:             516924 kB
SReclaimable:     436468 kB
SUnreclaim:        80456 kB
KernelStack:       20208 kB
PageTables:        63128 kB
NFS_Unstable:          0 kB
Bounce:                0 kB
WritebackTmp:          0 kB
CommitLimit:     8133976 kB
Committed_AS:   15271016 kB
VmallocTotal:   34359738367 kB
VmallocUsed:       34396 kB
VmallocChunk:   34359621924 kB
HardwareCorrupted:     0 kB
AnonHugePages:   7350272 kB
HugePages_Total:       0
HugePages_Free:        0
HugePages_Rsvd:        0
HugePages_Surp:        0
Hugepagesize:       2048 kB
DirectMap4k:      182144 kB
DirectMap2M:    11352064 kB
DirectMap1G:     7340032 kB


CPU:total 4 (initial active 4) (4 cores per cpu, 1 threads per core) family 6 model 79 stepping 1, cmov, cx8, fxsr, mmx, sse, sse2, sse3, ssse3, sse4.1, sse4.2, popcnt, avx, avx2, aes, clmul, erms, rtm, 3dnowpref, lzcnt, tsc, bmi1, bmi2, adx

/proc/cpuinfo:
processor	: 0
vendor_id	: GenuineIntel
cpu family	: 6
model		: 79
model name	: Intel(R) Xeon(R) CPU E5-2682 v4 @ 2.50GHz
stepping	: 1
microcode	: 0x1
cpu MHz		: 2499.994
cache size	: 40960 KB
physical id	: 0
siblings	: 4
core id		: 0
cpu cores	: 4
apicid		: 0
initial apicid	: 0
fpu		: yes
fpu_exception	: yes
cpuid level	: 13
wp		: yes
flags		: fpu vme de pse tsc msr pae mce cx8 apic sep mtrr pge mca cmov pat pse36 clflush mmx fxsr sse sse2 ss ht syscall nx pdpe1gb rdtscp lm constant_tsc rep_good nopl eagerfpu pni pclmulqdq ssse3 fma cx16 pcid sse4_1 sse4_2 x2apic movbe popcnt tsc_deadline_timer aes xsave avx f16c rdrand hypervisor lahf_lm abm 3dnowprefetch fsgsbase tsc_adjust bmi1 hle avx2 smep bmi2 erms invpcid rtm rdseed adx smap xsaveopt
bogomips	: 4999.98
clflush size	: 64
cache_alignment	: 64
address sizes	: 46 bits physical, 48 bits virtual
power management:

processor	: 1
vendor_id	: GenuineIntel
cpu family	: 6
model		: 79
model name	: Intel(R) Xeon(R) CPU E5-2682 v4 @ 2.50GHz
stepping	: 1
microcode	: 0x1
cpu MHz		: 2499.994
cache size	: 40960 KB
physical id	: 0
siblings	: 4
core id		: 1
cpu cores	: 4
apicid		: 1
initial apicid	: 1
fpu		: yes
fpu_exception	: yes
cpuid level	: 13
wp		: yes
flags		: fpu vme de pse tsc msr pae mce cx8 apic sep mtrr pge mca cmov pat pse36 clflush mmx fxsr sse sse2 ss ht syscall nx pdpe1gb rdtscp lm constant_tsc rep_good nopl eagerfpu pni pclmulqdq ssse3 fma cx16 pcid sse4_1 sse4_2 x2apic movbe popcnt tsc_deadline_timer aes xsave avx f16c rdrand hypervisor lahf_lm abm 3dnowprefetch fsgsbase tsc_adjust bmi1 hle avx2 smep bmi2 erms invpcid rtm rdseed adx smap xsaveopt
bogomips	: 4999.98
clflush size	: 64
cache_alignment	: 64
address sizes	: 46 bits physical, 48 bits virtual
power management:

processor	: 2
vendor_id	: GenuineIntel
cpu family	: 6
model		: 79
model name	: Intel(R) Xeon(R) CPU E5-2682 v4 @ 2.50GHz
stepping	: 1
microcode	: 0x1
cpu MHz		: 2499.994
cache size	: 40960 KB
physical id	: 0
siblings	: 4
core id		: 2
cpu cores	: 4
apicid		: 2
initial apicid	: 2
fpu		: yes
fpu_exception	: yes
cpuid level	: 13
wp		: yes
flags		: fpu vme de pse tsc msr pae mce cx8 apic sep mtrr pge mca cmov pat pse36 clflush mmx fxsr sse sse2 ss ht syscall nx pdpe1gb rdtscp lm constant_tsc rep_good nopl eagerfpu pni pclmulqdq ssse3 fma cx16 pcid sse4_1 sse4_2 x2apic movbe popcnt tsc_deadline_timer aes xsave avx f16c rdrand hypervisor lahf_lm abm 3dnowprefetch fsgsbase tsc_adjust bmi1 hle avx2 smep bmi2 erms invpcid rtm rdseed adx smap xsaveopt
bogomips	: 4999.98
clflush size	: 64
cache_alignment	: 64
address sizes	: 46 bits physical, 48 bits virtual
power management:

processor	: 3
vendor_id	: GenuineIntel
cpu family	: 6
model		: 79
model name	: Intel(R) Xeon(R) CPU E5-2682 v4 @ 2.50GHz
stepping	: 1
microcode	: 0x1
cpu MHz		: 2499.994
cache size	: 40960 KB
physical id	: 0
siblings	: 4
core id		: 3
cpu cores	: 4
apicid		: 3
initial apicid	: 3
fpu		: yes
fpu_exception	: yes
cpuid level	: 13
wp		: yes
flags		: fpu vme de pse tsc msr pae mce cx8 apic sep mtrr pge mca cmov pat pse36 clflush mmx fxsr sse sse2 ss ht syscall nx pdpe1gb rdtscp lm constant_tsc rep_good nopl eagerfpu pni pclmulqdq ssse3 fma cx16 pcid sse4_1 sse4_2 x2apic movbe popcnt tsc_deadline_timer aes xsave avx f16c rdrand hypervisor lahf_lm abm 3dnowprefetch fsgsbase tsc_adjust bmi1 hle avx2 smep bmi2 erms invpcid rtm rdseed adx smap xsaveopt
bogomips	: 4999.98
clflush size	: 64
cache_alignment	: 64
address sizes	: 46 bits physical, 48 bits virtual
power management:



Memory: 4k page, physical 16267956k(1097792k free), swap 0k(0k free)

vm_info: OpenJDK 64-Bit Server VM (25.151-b12) for linux-amd64 JRE (1.8.0_151-b12), built on Oct 20 2017 13:44:55 by "mockbuild" with gcc 4.8.5 20150623 (Red Hat 4.8.5-16)

time: Wed Jan 10 16:45:05 2018
elapsed time: 7 seconds (0d 0h 0m 7s)

