#
# A fatal error has been detected by the Java Runtime Environment:
#
#  SIGSEGV (0xb) at pc=0x00007f21e1864974, pid=11333, tid=0x00007f2203844700
#
# JRE version: OpenJDK Runtime Environment (8.0_151-b12) (build 1.8.0_151-b12)
# Java VM: OpenJDK 64-Bit Server VM (25.151-b12 mixed mode linux-amd64 compressed oops)
# Problematic frame:
# C  [libHvDeviceJava.so+0x4974]  URLEncode(std::string const&)+0x53
#
# Failed to write core dump. Core dumps have been disabled. To enable core dumping, try "ulimit -c unlimited" before starting Java again
#
# If you would like to submit a bug report, please visit:
#   http://bugreport.java.com/bugreport/crash.jsp
# The crash happened outside the Java Virtual Machine in native code.
# See problematic frame for where to report the bug.
#

---------------  T H R E A D  ---------------

Current thread (0x00007f21fc0087f0):  JavaThread "main" [_thread_in_native, id=11334, stack(0x00007f2203744000,0x00007f2203845000)]

siginfo: si_signo: 11 (SIGSEGV), si_code: 2 (SEGV_ACCERR), si_addr: 0x00007f21fc5e9000

Registers:
RAX=0x00007f21fc5e9000, RBX=0x0000000000000008, RCX=0x0000000000000000, RDX=0x0000000000230f28
RSP=0x00007f2203842190, RBP=0x00007f22038421c0, RSI=0x0000000000230f28, RDI=0x00007f21fc3b81a8
R8 =0x00007f21e09f9fdd, R9 =0x0000000000500000, R10=0x0000000000000022, R11=0x00007f2202badcd0
R12=0x00007f2203842370, R13=0x0000000000000008, R14=0x0000000000000001, R15=0x00007f2203842350
RIP=0x00007f21e1864974, EFLAGS=0x0000000000010216, CSGSFS=0x0000000000000033, ERR=0x0000000000000004
  TRAPNO=0x000000000000000e

Top of Stack: (sp=0x00007f2203842190)
0x00007f2203842190:   00007f21fc3b81a8 00007f22038421f0
0x00007f22038421a0:   00007f2200000000 0000000000230f28
0x00007f22038421b0:   0000000000000000 0000000000000008
0x00007f22038421c0:   00007f2203842220 00007f21e1863cb7
0x00007f22038421d0:   00007f21fc3b81a8 00007f21fc5a8f90
0x00007f22038421e0:   00007f21fc2f3a00 00007f21fc2e9a80
0x00007f22038421f0:   00007f21e05fa028 00007f21fc3b81a8
0x00007f2203842200:   00007f2203842230 00007f2203842220
0x00007f2203842210:   00000000cdb04fc4 0000000000000008
0x00007f2203842220:   00007f2203842230 00007f21e1a7e564
0x00007f2203842230:   000000000000000e 00007f2203842cd0
0x00007f2203842240:   00007f2203842340 00007f21e1a7e2cb
0x00007f2203842250:   00007f22038422e8 0000000000000000
0x00007f2203842260:   00007f2203842290 00007f2100000000
0x00007f2203842270:   00007f2203842180 00007f22038423c0
0x00007f2203842280:   0000000000000000 0000000000000001
0x00007f2203842290:   00007f21e1863c93 00007f2203842180
0x00007f22038422a0:   00007f2203842cd0 00000000038422e8
0x00007f22038422b0:   00007f2203842180 00007f2203842c50
0x00007f22038422c0:   00000001fc0087f0 00007f22038422f0
0x00007f22038422d0:   00007f220384230c 00007f2203842308
0x00007f22038422e0:   00000001fc0087f0 00007f2203842230
0x00007f22038422f0:   00007f2200000001 00007f21fc008a48
0x00007f2203842300:   00007f21fc14fa60 0000000100000000
0x00007f2203842310:   0000000000000001 00007f21fc008a48
0x00007f2203842320:   00007f21fc14fa60 00007f22038423c8
0x00007f2203842330:   0000000000000001 00007f2203842378
0x00007f2203842340:   00007f2203842cc0 00007f21e1a770f5
0x00007f2203842350:   00007f22038423c0 00007f21fc0087f0
0x00007f2203842360:   00007f22038423b8 ffffffff00000004
0x00007f2203842370:   00007f21e1a810c0 00007f2203842510
0x00007f2203842380:   00007f2203842510 00007f21fc5a8f60 

Instructions: (pc=0x00007f21e1864974)
0x00007f21e1864954:   be 00 00 00 00 48 89 c7 e8 5f e6 ff ff 48 8b 55
0x00007f21e1864964:   e8 48 8b 45 d0 48 89 d6 48 89 c7 e8 3c eb ff ff
0x00007f21e1864974:   0f b6 00 0f b6 c0 89 c7 e8 cf eb ff ff 85 c0 0f
0x00007f21e1864984:   95 c0 84 c0 74 1b 48 8b 55 e8 48 8b 45 d0 48 89 

Register to memory mapping:

RAX=0x00007f21fc5e9000 is an unknown value
RBX=0x0000000000000008 is an unknown value
RCX=0x0000000000000000 is an unknown value
RDX=0x0000000000230f28 is an unknown value
RSP=0x00007f2203842190 is pointing into the stack for thread: 0x00007f21fc0087f0
RBP=0x00007f22038421c0 is pointing into the stack for thread: 0x00007f21fc0087f0
RSI=0x0000000000230f28 is an unknown value
RDI=0x00007f21fc3b81a8 is an unknown value
R8 =0x00007f21e09f9fdd is an unknown value
R9 =0x0000000000500000 is an unknown value
R10=0x0000000000000022 is an unknown value
R11=0x00007f2202badcd0: <offset 0x183cd0> in /lib64/libc.so.6 at 0x00007f2202a2a000
R12=0x00007f2203842370 is pointing into the stack for thread: 0x00007f21fc0087f0
R13=0x0000000000000008 is an unknown value
R14=0x0000000000000001 is an unknown value
R15=0x00007f2203842350 is pointing into the stack for thread: 0x00007f21fc0087f0


Stack: [0x00007f2203744000,0x00007f2203845000],  sp=0x00007f2203842190,  free space=1016k
Native frames: (J=compiled Java code, j=interpreted, Vv=VM code, C=native code)
C  [libHvDeviceJava.so+0x4974]  URLEncode(std::string const&)+0x53
C  [libHvDeviceJava.so+0x3cb7]  GetUrlIn+0x24
C  [jna8811187789819353774.tmp+0x13564]  ffi_call_unix64+0x4c
C  0x00007f2203842cd0

Java frames: (J=compiled Java code, j=interpreted, Vv=VM code)
j  com.sun.jna.Native.invokePointer(Lcom/sun/jna/Function;JI[Ljava/lang/Object;)J+0
j  com.sun.jna.Function.invokePointer(I[Ljava/lang/Object;)Lcom/sun/jna/Pointer;+7
j  com.sun.jna.Function.invokeString(I[Ljava/lang/Object;Z)Ljava/lang/String;+3
j  com.sun.jna.Function.invoke([Ljava/lang/Object;Ljava/lang/Class;ZI)Ljava/lang/Object;+329
j  com.sun.jna.Function.invoke(Ljava/lang/reflect/Method;[Ljava/lang/Class;Ljava/lang/Class;[Ljava/lang/Object;Ljava/util/Map;)Ljava/lang/Object;+271
j  com.sun.jna.Library$Handler.invoke(Ljava/lang/Object;Ljava/lang/reflect/Method;[Ljava/lang/Object;)Ljava/lang/Object;+344
j  com.sun.proxy.$Proxy0.GetUrlIn(Ljava/lang/String;)Ljava/lang/String;+16
j  com.etc.camera.MainApplication.main([Ljava/lang/String;)V+97
v  ~StubRoutines::call_stub
j  sun.reflect.NativeMethodAccessorImpl.invoke0(Ljava/lang/reflect/Method;Ljava/lang/Object;[Ljava/lang/Object;)Ljava/lang/Object;+0
j  sun.reflect.NativeMethodAccessorImpl.invoke(Ljava/lang/Object;[Ljava/lang/Object;)Ljava/lang/Object;+100
j  sun.reflect.DelegatingMethodAccessorImpl.invoke(Ljava/lang/Object;[Ljava/lang/Object;)Ljava/lang/Object;+6
j  java.lang.reflect.Method.invoke(Ljava/lang/Object;[Ljava/lang/Object;)Ljava/lang/Object;+56
j  org.springframework.boot.loader.MainMethodRunner.run()V+43
j  org.springframework.boot.loader.Launcher.launch([Ljava/lang/String;Ljava/lang/String;Ljava/lang/ClassLoader;)V+14
j  org.springframework.boot.loader.Launcher.launch([Ljava/lang/String;)V+19
j  org.springframework.boot.loader.JarLauncher.main([Ljava/lang/String;)V+8
v  ~StubRoutines::call_stub

---------------  P R O C E S S  ---------------

Java Threads: ( => current thread )
  0x00007f21fc522660 JavaThread "process reaper" daemon [_thread_blocked, id=11362, stack(0x00007f2203655000,0x00007f220368e000)]
  0x00007f21fc193d60 JavaThread "Service Thread" daemon [_thread_blocked, id=11346, stack(0x00007f21e1d85000,0x00007f21e1e86000)]
  0x00007f21fc18f7b0 JavaThread "C1 CompilerThread2" daemon [_thread_blocked, id=11345, stack(0x00007f21e1e86000,0x00007f21e1f87000)]
  0x00007f21fc01a380 JavaThread "C2 CompilerThread1" daemon [_thread_blocked, id=11344, stack(0x00007f21e1f87000,0x00007f21e2088000)]
  0x00007f21fc181780 JavaThread "C2 CompilerThread0" daemon [_thread_blocked, id=11343, stack(0x00007f21e2088000,0x00007f21e2189000)]
  0x00007f21fc17ff20 JavaThread "Signal Dispatcher" daemon [_thread_blocked, id=11342, stack(0x00007f21e2189000,0x00007f21e228a000)]
  0x00007f21fc156870 JavaThread "Finalizer" daemon [_thread_blocked, id=11341, stack(0x00007f21e228a000,0x00007f21e238b000)]
  0x00007f21fc152600 JavaThread "Reference Handler" daemon [_thread_blocked, id=11340, stack(0x00007f21e238b000,0x00007f21e248c000)]
=>0x00007f21fc0087f0 JavaThread "main" [_thread_in_native, id=11334, stack(0x00007f2203744000,0x00007f2203845000)]

Other Threads:
  0x00007f21fc1490e0 VMThread [stack: 0x00007f21e248c000,0x00007f21e258d000] [id=11339]
  0x00007f21fc195b10 WatcherThread [stack: 0x00007f21e1c84000,0x00007f21e1d85000] [id=11347]

VM state:not at safepoint (normal execution)

VM Mutex/Monitor currently owned by a thread: None

Heap:
 PSYoungGen      total 74752K, used 9110K [0x000000076d400000, 0x0000000772700000, 0x00000007c0000000)
  eden space 64512K, 14% used [0x000000076d400000,0x000000076dce5ab8,0x0000000771300000)
  from space 10240K, 0% used [0x0000000771d00000,0x0000000771d00000,0x0000000772700000)
  to   space 10240K, 0% used [0x0000000771300000,0x0000000771300000,0x0000000771d00000)
 ParOldGen       total 171008K, used 0K [0x00000006c7c00000, 0x00000006d2300000, 0x000000076d400000)
  object space 171008K, 0% used [0x00000006c7c00000,0x00000006c7c00000,0x00000006d2300000)
 Metaspace       used 6705K, capacity 6926K, committed 7168K, reserved 1056768K
  class space    used 685K, capacity 751K, committed 768K, reserved 1048576K

Card table byte_map: [0x00007f21ec83d000,0x00007f21ed000000] byte_map_base: 0x00007f21e91ff000

Marking Bits: (ParMarkBitMap*) 0x00007f2202a0cda0
 Begin Bits: [0x00007f21e46f1000, 0x00007f21e8501000)
 End Bits:   [0x00007f21e8501000, 0x00007f21ec311000)

Polling page: 0x00007f2203851000

CodeCache: size=245760Kb used=1946Kb max_used=1946Kb free=243813Kb
 bounds [0x00007f21ed000000, 0x00007f21ed270000, 0x00007f21fc000000]
 total_blobs=747 nmethods=435 adapters=227
 compilation: enabled

Compilation events (10 events):
Event: 4.007 Thread 0x00007f21fc18f7b0  430       1       sun.util.calendar.CalendarDate::getSeconds (5 bytes)
Event: 4.007 Thread 0x00007f21fc18f7b0 nmethod 430 0x00007f21ed1e2f50 code [0x00007f21ed1e30a0, 0x00007f21ed1e31b0]
Event: 4.015 Thread 0x00007f21fc18f7b0  434       3       java.lang.String::regionMatches (149 bytes)
Event: 4.016 Thread 0x00007f21fc18f7b0 nmethod 434 0x00007f21ed1e35d0 code [0x00007f21ed1e3840, 0x00007f21ed1e4518]
Event: 4.016 Thread 0x00007f21fc18f7b0  433       3       org.springframework.boot.loader.data.RandomAccessDataFile::<init> (26 bytes)
Event: 4.016 Thread 0x00007f21fc18f7b0 nmethod 433 0x00007f21ed1e4e90 code [0x00007f21ed1e5000, 0x00007f21ed1e51f0]
Event: 4.016 Thread 0x00007f21fc18f7b0  435       3       java.lang.String::contains (20 bytes)
Event: 4.016 Thread 0x00007f21fc18f7b0 nmethod 435 0x00007f21ed1e52d0 code [0x00007f21ed1e5460, 0x00007f21ed1e58f8]
Event: 4.016 Thread 0x00007f21fc18f7b0  432       3       org.springframework.boot.loader.jar.JarURLConnection::getInputStream (106 bytes)
Event: 4.017 Thread 0x00007f21fc18f7b0 nmethod 432 0x00007f21ed1e5b10 code [0x00007f21ed1e5d40, 0x00007f21ed1e68a8]

GC Heap History (0 events):
No events

Deoptimization events (0 events):
No events

Internal exceptions (10 events):
Event: 0.086 Thread 0x00007f21fc0087f0 Exception <a 'java/lang/NoSuchMethodError': Method sun.misc.Unsafe.prefetchRead(Ljava/lang/Object;J)V name or signature does not match> (0x000000076d407f88) thrown at [/builddir/build/BUILD/java-1.8.0-openjdk-1.8.0.151-1.b12.el7_4.x86_64/openjdk/hotspot/s
Event: 0.388 Thread 0x00007f21fc0087f0 Exception <a 'java/lang/NoSuchFieldError': method resolution failed> (0x000000076d714618) thrown at [/builddir/build/BUILD/java-1.8.0-openjdk-1.8.0.151-1.b12.el7_4.x86_64/openjdk/hotspot/src/share/vm/prims/methodHandles.cpp, line 1146]
Event: 0.391 Thread 0x00007f21fc0087f0 Exception <a 'java/lang/NoSuchFieldError': method resolution failed> (0x000000076d721a18) thrown at [/builddir/build/BUILD/java-1.8.0-openjdk-1.8.0.151-1.b12.el7_4.x86_64/openjdk/hotspot/src/share/vm/prims/methodHandles.cpp, line 1146]
Event: 0.577 Thread 0x00007f21fc0087f0 Exception <a 'java/lang/ClassNotFoundException': org/springframework/boot/loader/file/Handler> (0x000000076d7e7700) thrown at [/builddir/build/BUILD/java-1.8.0-openjdk-1.8.0.151-1.b12.el7_4.x86_64/openjdk/hotspot/src/share/vm/classfile/systemDictionary.cp
Event: 0.578 Thread 0x00007f21fc0087f0 Exception <a 'java/security/PrivilegedActionException'> (0x000000076d7f0148) thrown at [/builddir/build/BUILD/java-1.8.0-openjdk-1.8.0.151-1.b12.el7_4.x86_64/openjdk/hotspot/src/share/vm/prims/jvm.cpp, line 1400]
Event: 0.578 Thread 0x00007f21fc0087f0 Exception <a 'java/security/PrivilegedActionException'> (0x000000076d7f0540) thrown at [/builddir/build/BUILD/java-1.8.0-openjdk-1.8.0.151-1.b12.el7_4.x86_64/openjdk/hotspot/src/share/vm/prims/jvm.cpp, line 1400]
Event: 0.579 Thread 0x00007f21fc0087f0 Exception <a 'java/security/PrivilegedActionException'> (0x000000076d7f3200) thrown at [/builddir/build/BUILD/java-1.8.0-openjdk-1.8.0.151-1.b12.el7_4.x86_64/openjdk/hotspot/src/share/vm/prims/jvm.cpp, line 1400]
Event: 0.579 Thread 0x00007f21fc0087f0 Exception <a 'java/security/PrivilegedActionException'> (0x000000076d7f35f8) thrown at [/builddir/build/BUILD/java-1.8.0-openjdk-1.8.0.151-1.b12.el7_4.x86_64/openjdk/hotspot/src/share/vm/prims/jvm.cpp, line 1400]
Event: 0.579 Thread 0x00007f21fc0087f0 Exception <a 'java/security/PrivilegedActionException'> (0x000000076d7f46c0) thrown at [/builddir/build/BUILD/java-1.8.0-openjdk-1.8.0.151-1.b12.el7_4.x86_64/openjdk/hotspot/src/share/vm/prims/jvm.cpp, line 1400]
Event: 0.579 Thread 0x00007f21fc0087f0 Exception <a 'java/security/PrivilegedActionException'> (0x000000076d7f4ab8) thrown at [/builddir/build/BUILD/java-1.8.0-openjdk-1.8.0.151-1.b12.el7_4.x86_64/openjdk/hotspot/src/share/vm/prims/jvm.cpp, line 1400]

Events (10 events):
Event: 4.001 loading class com/sun/jna/Library$Handler$FunctionInfo
Event: 4.001 loading class com/sun/jna/Library$Handler$FunctionInfo done
Event: 4.002 loading class com/sun/jna/NativeString
Event: 4.002 loading class com/sun/jna/NativeString done
Event: 4.008 loading class com/sun/jna/NativeString$StringMemory
Event: 4.008 loading class com/sun/jna/NativeString$StringMemory done
Event: 4.009 loading class com/sun/jna/Memory$SharedMemory
Event: 4.009 loading class com/sun/jna/Memory$SharedMemory done
Event: 4.010 loading class com/sun/jna/WeakMemoryHolder
Event: 4.010 loading class com/sun/jna/WeakMemoryHolder done


Dynamic libraries:
00400000-00401000 r-xp 00000000 fd:01 2413332                            /usr/lib/jvm/java-1.8.0-openjdk-1.8.0.151-1.b12.el7_4.x86_64/jre/bin/java
00600000-00601000 r--p 00000000 fd:01 2413332                            /usr/lib/jvm/java-1.8.0-openjdk-1.8.0.151-1.b12.el7_4.x86_64/jre/bin/java
00601000-00602000 rw-p 00001000 fd:01 2413332                            /usr/lib/jvm/java-1.8.0-openjdk-1.8.0.151-1.b12.el7_4.x86_64/jre/bin/java
014a9000-014ca000 rw-p 00000000 00:00 0                                  [heap]
6c7c00000-6d2300000 rw-p 00000000 00:00 0 
6d2300000-76d400000 ---p 00000000 00:00 0 
76d400000-772700000 rw-p 00000000 00:00 0 
772700000-7c0000000 ---p 00000000 00:00 0 
7c0000000-7c00c0000 rw-p 00000000 00:00 0 
7c00c0000-800000000 ---p 00000000 00:00 0 
7f219c000000-7f219c021000 rw-p 00000000 00:00 0 
7f219c021000-7f21a0000000 ---p 00000000 00:00 0 
7f21a4000000-7f21a4021000 rw-p 00000000 00:00 0 
7f21a4021000-7f21a8000000 ---p 00000000 00:00 0 
7f21a8000000-7f21a8021000 rw-p 00000000 00:00 0 
7f21a8021000-7f21ac000000 ---p 00000000 00:00 0 
7f21ac000000-7f21ac02d000 rw-p 00000000 00:00 0 
7f21ac02d000-7f21b0000000 ---p 00000000 00:00 0 
7f21b0000000-7f21b01b7000 rw-p 00000000 00:00 0 
7f21b01b7000-7f21b4000000 ---p 00000000 00:00 0 
7f21b4000000-7f21b4021000 rw-p 00000000 00:00 0 
7f21b4021000-7f21b8000000 ---p 00000000 00:00 0 
7f21b8000000-7f21b80d7000 rw-p 00000000 00:00 0 
7f21b80d7000-7f21bc000000 ---p 00000000 00:00 0 
7f21bc000000-7f21bc021000 rw-p 00000000 00:00 0 
7f21bc021000-7f21c0000000 ---p 00000000 00:00 0 
7f21c1ad7000-7f21c8000000 r--p 00000000 fd:01 665533                     /usr/lib/locale/locale-archive
7f21c8000000-7f21c8021000 rw-p 00000000 00:00 0 
7f21c8021000-7f21cc000000 ---p 00000000 00:00 0 
7f21cc000000-7f21cc021000 rw-p 00000000 00:00 0 
7f21cc021000-7f21d0000000 ---p 00000000 00:00 0 
7f21d0000000-7f21d0021000 rw-p 00000000 00:00 0 
7f21d0021000-7f21d4000000 ---p 00000000 00:00 0 
7f21d4000000-7f21d4021000 rw-p 00000000 00:00 0 
7f21d4021000-7f21d8000000 ---p 00000000 00:00 0 
7f21d8000000-7f21d8021000 rw-p 00000000 00:00 0 
7f21d8021000-7f21dc000000 ---p 00000000 00:00 0 
7f21dc000000-7f21dc021000 rw-p 00000000 00:00 0 
7f21dc021000-7f21e0000000 ---p 00000000 00:00 0 
7f21e05fa000-7f21e0dfa000 rw-p 00000000 00:00 0 
7f21e15ba000-7f21e1611000 r-xp 00000000 fd:11 5898650                    /web/java/java/camera/lib/libHvDevice.so
7f21e1611000-7f21e1811000 ---p 00057000 fd:11 5898650                    /web/java/java/camera/lib/libHvDevice.so
7f21e1811000-7f21e1812000 r--p 00057000 fd:11 5898650                    /web/java/java/camera/lib/libHvDevice.so
7f21e1812000-7f21e184a000 rw-p 00058000 fd:11 5898650                    /web/java/java/camera/lib/libHvDevice.so
7f21e184a000-7f21e1860000 rw-p 00000000 00:00 0 
7f21e1860000-7f21e186a000 r-xp 00000000 fd:11 5899808                    /web/java/java/camera/lib/libHvDeviceJava.so
7f21e186a000-7f21e1a69000 ---p 0000a000 fd:11 5899808                    /web/java/java/camera/lib/libHvDeviceJava.so
7f21e1a69000-7f21e1a6a000 r--p 00009000 fd:11 5899808                    /web/java/java/camera/lib/libHvDeviceJava.so
7f21e1a6a000-7f21e1a6b000 rw-p 0000a000 fd:11 5899808                    /web/java/java/camera/lib/libHvDeviceJava.so
7f21e1a6b000-7f21e1a83000 r-xp 00000000 fd:01 421871                     /tmp/jna-3506402/jna8811187789819353774.tmp (deleted)
7f21e1a83000-7f21e1c83000 ---p 00018000 fd:01 421871                     /tmp/jna-3506402/jna8811187789819353774.tmp (deleted)
7f21e1c83000-7f21e1c84000 rw-p 00018000 fd:01 421871                     /tmp/jna-3506402/jna8811187789819353774.tmp (deleted)
7f21e1c84000-7f21e1c85000 ---p 00000000 00:00 0 
7f21e1c85000-7f21e1d85000 rw-p 00000000 00:00 0                          [stack:11347]
7f21e1d85000-7f21e1d88000 ---p 00000000 00:00 0 
7f21e1d88000-7f21e1e86000 rw-p 00000000 00:00 0                          [stack:11346]
7f21e1e86000-7f21e1e89000 ---p 00000000 00:00 0 
7f21e1e89000-7f21e1f87000 rw-p 00000000 00:00 0                          [stack:11345]
7f21e1f87000-7f21e1f8a000 ---p 00000000 00:00 0 
7f21e1f8a000-7f21e2088000 rw-p 00000000 00:00 0                          [stack:11344]
7f21e2088000-7f21e208b000 ---p 00000000 00:00 0 
7f21e208b000-7f21e2189000 rw-p 00000000 00:00 0                          [stack:11343]
7f21e2189000-7f21e218c000 ---p 00000000 00:00 0 
7f21e218c000-7f21e228a000 rw-p 00000000 00:00 0                          [stack:11342]
7f21e228a000-7f21e228d000 ---p 00000000 00:00 0 
7f21e228d000-7f21e238b000 rw-p 00000000 00:00 0                          [stack:11341]
7f21e238b000-7f21e238e000 ---p 00000000 00:00 0 
7f21e238e000-7f21e248c000 rw-p 00000000 00:00 0                          [stack:11340]
7f21e248c000-7f21e248d000 ---p 00000000 00:00 0 
7f21e248d000-7f21e34ea000 rw-p 00000000 00:00 0                          [stack:11339]
7f21e34ea000-7f21e36b9000 r--s 043ff000 fd:01 2413422                    /usr/lib/jvm/java-1.8.0-openjdk-1.8.0.151-1.b12.el7_4.x86_64/jre/lib/rt.jar
7f21e36b9000-7f21e3d6f000 rw-p 00000000 00:00 0 
7f21e3d6f000-7f21e3f2f000 ---p 00000000 00:00 0 
7f21e3f2f000-7f21ec365000 rw-p 00000000 00:00 0 
7f21ec365000-7f21ec83d000 ---p 00000000 00:00 0 
7f21ec83d000-7f21ec891000 rw-p 00000000 00:00 0 
7f21ec891000-7f21ecd69000 ---p 00000000 00:00 0 
7f21ecd69000-7f21ecd93000 rw-p 00000000 00:00 0 
7f21ecd93000-7f21ecfff000 ---p 00000000 00:00 0 
7f21ecfff000-7f21ed000000 rw-p 00000000 00:00 0 
7f21ed000000-7f21ed270000 rwxp 00000000 00:00 0 
7f21ed270000-7f21fc000000 ---p 00000000 00:00 0 
7f21fc000000-7f21fc5e9000 rw-p 00000000 00:00 0 
7f21fc5e9000-7f2200000000 ---p 00000000 00:00 0 
7f220001c000-7f220001d000 ---p 00000000 00:00 0 
7f220001d000-7f220011d000 rw-p 00000000 00:00 0                          [stack:11338]
7f220011d000-7f220011e000 ---p 00000000 00:00 0 
7f220011e000-7f220021e000 rw-p 00000000 00:00 0                          [stack:11337]
7f220021e000-7f220021f000 ---p 00000000 00:00 0 
7f220021f000-7f220031f000 rw-p 00000000 00:00 0                          [stack:11336]
7f220031f000-7f2200320000 ---p 00000000 00:00 0 
7f2200320000-7f220042a000 rw-p 00000000 00:00 0                          [stack:11335]
7f220042a000-7f22007e0000 ---p 00000000 00:00 0 
7f22007e0000-7f22007e8000 r-xp 00000000 fd:01 2413373                    /usr/lib/jvm/java-1.8.0-openjdk-1.8.0.151-1.b12.el7_4.x86_64/jre/lib/amd64/libzip.so
7f22007e8000-7f22009e7000 ---p 00008000 fd:01 2413373                    /usr/lib/jvm/java-1.8.0-openjdk-1.8.0.151-1.b12.el7_4.x86_64/jre/lib/amd64/libzip.so
7f22009e7000-7f22009e8000 r--p 00007000 fd:01 2413373                    /usr/lib/jvm/java-1.8.0-openjdk-1.8.0.151-1.b12.el7_4.x86_64/jre/lib/amd64/libzip.so
7f22009e8000-7f22009e9000 rw-p 00008000 fd:01 2413373                    /usr/lib/jvm/java-1.8.0-openjdk-1.8.0.151-1.b12.el7_4.x86_64/jre/lib/amd64/libzip.so
7f22009e9000-7f22009f5000 r-xp 00000000 fd:01 663465                     /usr/lib64/libnss_files-2.17.so
7f22009f5000-7f2200bf4000 ---p 0000c000 fd:01 663465                     /usr/lib64/libnss_files-2.17.so
7f2200bf4000-7f2200bf5000 r--p 0000b000 fd:01 663465                     /usr/lib64/libnss_files-2.17.so
7f2200bf5000-7f2200bf6000 rw-p 0000c000 fd:01 663465                     /usr/lib64/libnss_files-2.17.so
7f2200bf6000-7f2200bfc000 rw-p 00000000 00:00 0 
7f2200bfc000-7f2200c29000 r-xp 00000000 fd:01 2413355                    /usr/lib/jvm/java-1.8.0-openjdk-1.8.0.151-1.b12.el7_4.x86_64/jre/lib/amd64/libjava.so
7f2200c29000-7f2200e29000 ---p 0002d000 fd:01 2413355                    /usr/lib/jvm/java-1.8.0-openjdk-1.8.0.151-1.b12.el7_4.x86_64/jre/lib/amd64/libjava.so
7f2200e29000-7f2200e2a000 r--p 0002d000 fd:01 2413355                    /usr/lib/jvm/java-1.8.0-openjdk-1.8.0.151-1.b12.el7_4.x86_64/jre/lib/amd64/libjava.so
7f2200e2a000-7f2200e2c000 rw-p 0002e000 fd:01 2413355                    /usr/lib/jvm/java-1.8.0-openjdk-1.8.0.151-1.b12.el7_4.x86_64/jre/lib/amd64/libjava.so
7f2200e2c000-7f2200e39000 r-xp 00000000 fd:01 2413372                    /usr/lib/jvm/java-1.8.0-openjdk-1.8.0.151-1.b12.el7_4.x86_64/jre/lib/amd64/libverify.so
7f2200e39000-7f2201038000 ---p 0000d000 fd:01 2413372                    /usr/lib/jvm/java-1.8.0-openjdk-1.8.0.151-1.b12.el7_4.x86_64/jre/lib/amd64/libverify.so
7f2201038000-7f220103a000 r--p 0000c000 fd:01 2413372                    /usr/lib/jvm/java-1.8.0-openjdk-1.8.0.151-1.b12.el7_4.x86_64/jre/lib/amd64/libverify.so
7f220103a000-7f220103b000 rw-p 0000e000 fd:01 2413372                    /usr/lib/jvm/java-1.8.0-openjdk-1.8.0.151-1.b12.el7_4.x86_64/jre/lib/amd64/libverify.so
7f220103b000-7f2201042000 r-xp 00000000 fd:01 663468                     /usr/lib64/librt-2.17.so
7f2201042000-7f2201241000 ---p 00007000 fd:01 663468                     /usr/lib64/librt-2.17.so
7f2201241000-7f2201242000 r--p 00006000 fd:01 663468                     /usr/lib64/librt-2.17.so
7f2201242000-7f2201243000 rw-p 00007000 fd:01 663468                     /usr/lib64/librt-2.17.so
7f2201243000-7f2201258000 r-xp 00000000 fd:01 193185                     /usr/lib64/libgcc_s-4.8.5-20150702.so.1
7f2201258000-7f2201457000 ---p 00015000 fd:01 193185                     /usr/lib64/libgcc_s-4.8.5-20150702.so.1
7f2201457000-7f2201458000 r--p 00014000 fd:01 193185                     /usr/lib64/libgcc_s-4.8.5-20150702.so.1
7f2201458000-7f2201459000 rw-p 00015000 fd:01 193185                     /usr/lib64/libgcc_s-4.8.5-20150702.so.1
7f2201459000-7f220155a000 r-xp 00000000 fd:01 663462                     /usr/lib64/libm-2.17.so
7f220155a000-7f2201759000 ---p 00101000 fd:01 663462                     /usr/lib64/libm-2.17.so
7f2201759000-7f220175a000 r--p 00100000 fd:01 663462                     /usr/lib64/libm-2.17.so
7f220175a000-7f220175b000 rw-p 00101000 fd:01 663462                     /usr/lib64/libm-2.17.so
7f220175b000-7f2201844000 r-xp 00000000 fd:01 657610                     /usr/lib64/libstdc++.so.6.0.19
7f2201844000-7f2201a44000 ---p 000e9000 fd:01 657610                     /usr/lib64/libstdc++.so.6.0.19
7f2201a44000-7f2201a4c000 r--p 000e9000 fd:01 657610                     /usr/lib64/libstdc++.so.6.0.19
7f2201a4c000-7f2201a4e000 rw-p 000f1000 fd:01 657610                     /usr/lib64/libstdc++.so.6.0.19
7f2201a4e000-7f2201a63000 rw-p 00000000 00:00 0 
7f2201a63000-7f2202723000 r-xp 00000000 fd:01 2413376                    /usr/lib/jvm/java-1.8.0-openjdk-1.8.0.151-1.b12.el7_4.x86_64/jre/lib/amd64/server/libjvm.so
7f2202723000-7f2202923000 ---p 00cc0000 fd:01 2413376                    /usr/lib/jvm/java-1.8.0-openjdk-1.8.0.151-1.b12.el7_4.x86_64/jre/lib/amd64/server/libjvm.so
7f2202923000-7f22029ce000 r--p 00cc0000 fd:01 2413376                    /usr/lib/jvm/java-1.8.0-openjdk-1.8.0.151-1.b12.el7_4.x86_64/jre/lib/amd64/server/libjvm.so
7f22029ce000-7f22029f7000 rw-p 00d6b000 fd:01 2413376                    /usr/lib/jvm/java-1.8.0-openjdk-1.8.0.151-1.b12.el7_4.x86_64/jre/lib/amd64/server/libjvm.so
7f22029f7000-7f2202a2a000 rw-p 00000000 00:00 0 
7f2202a2a000-7f2202be2000 r-xp 00000000 fd:01 657568                     /usr/lib64/libc-2.17.so
7f2202be2000-7f2202de2000 ---p 001b8000 fd:01 657568                     /usr/lib64/libc-2.17.so
7f2202de2000-7f2202de6000 r--p 001b8000 fd:01 657568                     /usr/lib64/libc-2.17.so
7f2202de6000-7f2202de8000 rw-p 001bc000 fd:01 657568                     /usr/lib64/libc-2.17.so
7f2202de8000-7f2202ded000 rw-p 00000000 00:00 0 
7f2202ded000-7f2202def000 r-xp 00000000 fd:01 663461                     /usr/lib64/libdl-2.17.so
7f2202def000-7f2202fef000 ---p 00002000 fd:01 663461                     /usr/lib64/libdl-2.17.so
7f2202fef000-7f2202ff0000 r--p 00002000 fd:01 663461                     /usr/lib64/libdl-2.17.so
7f2202ff0000-7f2202ff1000 rw-p 00003000 fd:01 663461                     /usr/lib64/libdl-2.17.so
7f2202ff1000-7f2202fff000 r-xp 00000000 fd:01 2413342                    /usr/lib/jvm/java-1.8.0-openjdk-1.8.0.151-1.b12.el7_4.x86_64/jre/lib/amd64/jli/libjli.so
7f2202fff000-7f22031fe000 ---p 0000e000 fd:01 2413342                    /usr/lib/jvm/java-1.8.0-openjdk-1.8.0.151-1.b12.el7_4.x86_64/jre/lib/amd64/jli/libjli.so
7f22031fe000-7f22031ff000 r--p 0000d000 fd:01 2413342                    /usr/lib/jvm/java-1.8.0-openjdk-1.8.0.151-1.b12.el7_4.x86_64/jre/lib/amd64/jli/libjli.so
7f22031ff000-7f2203200000 rw-p 0000e000 fd:01 2413342                    /usr/lib/jvm/java-1.8.0-openjdk-1.8.0.151-1.b12.el7_4.x86_64/jre/lib/amd64/jli/libjli.so
7f2203200000-7f2203215000 r-xp 00000000 fd:01 657746                     /usr/lib64/libz.so.1.2.7
7f2203215000-7f2203414000 ---p 00015000 fd:01 657746                     /usr/lib64/libz.so.1.2.7
7f2203414000-7f2203415000 r--p 00014000 fd:01 657746                     /usr/lib64/libz.so.1.2.7
7f2203415000-7f2203416000 rw-p 00015000 fd:01 657746                     /usr/lib64/libz.so.1.2.7
7f2203416000-7f220342d000 r-xp 00000000 fd:01 657594                     /usr/lib64/libpthread-2.17.so
7f220342d000-7f220362c000 ---p 00017000 fd:01 657594                     /usr/lib64/libpthread-2.17.so
7f220362c000-7f220362d000 r--p 00016000 fd:01 657594                     /usr/lib64/libpthread-2.17.so
7f220362d000-7f220362e000 rw-p 00017000 fd:01 657594                     /usr/lib64/libpthread-2.17.so
7f220362e000-7f2203632000 rw-p 00000000 00:00 0 
7f2203632000-7f2203653000 r-xp 00000000 fd:01 657554                     /usr/lib64/ld-2.17.so
7f2203655000-7f2203658000 ---p 00000000 00:00 0 
7f2203658000-7f220368e000 rw-p 00000000 00:00 0                          [stack:11362]
7f220368e000-7f2203693000 r--s 000b3000 fd:01 2413409                    /usr/lib/jvm/java-1.8.0-openjdk-1.8.0.151-1.b12.el7_4.x86_64/jre/lib/jsse.jar
7f2203693000-7f220373c000 rw-p 00000000 00:00 0 
7f220373c000-7f2203744000 rw-s 00000000 fd:01 421869                     /tmp/hsperfdata_root/11333
7f2203744000-7f2203747000 ---p 00000000 00:00 0 
7f2203747000-7f220384a000 rw-p 00000000 00:00 0                          [stack:11334]
7f220384e000-7f2203850000 r--s 004e4000 fd:11 5899060                    /web/java/java/camera/target/camera-1.jar
7f2203850000-7f2203851000 rw-p 00000000 00:00 0 
7f2203851000-7f2203852000 r--p 00000000 00:00 0 
7f2203852000-7f2203853000 rw-p 00000000 00:00 0 
7f2203853000-7f2203854000 r--p 00021000 fd:01 657554                     /usr/lib64/ld-2.17.so
7f2203854000-7f2203855000 rw-p 00022000 fd:01 657554                     /usr/lib64/ld-2.17.so
7f2203855000-7f2203856000 rw-p 00000000 00:00 0 
7ffd841fb000-7ffd8421c000 rw-p 00000000 00:00 0                          [stack]
7ffd8424d000-7ffd8424f000 r-xp 00000000 00:00 0                          [vdso]
ffffffffff600000-ffffffffff601000 r-xp 00000000 00:00 0                  [vsyscall]

VM Arguments:
java_command: target/camera-1.jar
java_class_path (initial): target/camera-1.jar
Launcher Type: SUN_STANDARD

Environment Variables:
PATH=/usr/local/sbin:/usr/local/bin:/usr/sbin:/usr/bin:/root/bin
LD_LIBRARY_PATH=:.:./lib
SHELL=/bin/bash

Signal Handlers:
SIGSEGV: [libjvm.so+0xab05b0], sa_mask[0]=11111111011111111101111111111110, sa_flags=SA_RESTART|SA_SIGINFO
SIGBUS: [libjvm.so+0xab05b0], sa_mask[0]=11111111011111111101111111111110, sa_flags=SA_RESTART|SA_SIGINFO
SIGFPE: [libjvm.so+0x8a8b20], sa_mask[0]=11111111011111111101111111111110, sa_flags=SA_RESTART|SA_SIGINFO
SIGPIPE: [libjvm.so+0x8a8b20], sa_mask[0]=11111111011111111101111111111110, sa_flags=SA_RESTART|SA_SIGINFO
SIGXFSZ: [libjvm.so+0x8a8b20], sa_mask[0]=11111111011111111101111111111110, sa_flags=SA_RESTART|SA_SIGINFO
SIGILL: [libjvm.so+0x8a8b20], sa_mask[0]=11111111011111111101111111111110, sa_flags=SA_RESTART|SA_SIGINFO
SIGUSR1: SIG_DFL, sa_mask[0]=00000000000000000000000000000000, sa_flags=none
SIGUSR2: [libjvm.so+0x8a89d0], sa_mask[0]=00000000000000000000000000000000, sa_flags=SA_RESTART|SA_SIGINFO
SIGHUP: [libjvm.so+0x8a8be0], sa_mask[0]=11111111011111111101111111111110, sa_flags=SA_RESTART|SA_SIGINFO
SIGINT: [libjvm.so+0x8a8be0], sa_mask[0]=11111111011111111101111111111110, sa_flags=SA_RESTART|SA_SIGINFO
SIGTERM: [libjvm.so+0x8a8be0], sa_mask[0]=11111111011111111101111111111110, sa_flags=SA_RESTART|SA_SIGINFO
SIGQUIT: [libjvm.so+0x8a8be0], sa_mask[0]=11111111011111111101111111111110, sa_flags=SA_RESTART|SA_SIGINFO


---------------  S Y S T E M  ---------------

OS:CentOS Linux release 7.4.1708 (Core) 

uname:Linux 3.10.0-514.26.2.el7.x86_64 #1 SMP Tue Jul 4 15:04:05 UTC 2017 x86_64
libc:glibc 2.17 NPTL 2.17 
rlimit: STACK 8192k, CORE 0k, NPROC 63465, NOFILE 65535, AS infinity
load average:6.75 5.69 5.66

/proc/meminfo:
MemTotal:       16267956 kB
MemFree:         1100416 kB
MemAvailable:    3958684 kB
Buffers:          360844 kB
Cached:          2448636 kB
SwapCached:            0 kB
Active:         13011036 kB
Inactive:        1369696 kB
Active(anon):   11591688 kB
Inactive(anon):    28968 kB
Active(file):    1419348 kB
Inactive(file):  1340728 kB
Unevictable:           0 kB
Mlocked:               0 kB
SwapTotal:             0 kB
SwapFree:              0 kB
Dirty:              6556 kB
Writeback:             0 kB
AnonPages:      11569148 kB
Mapped:           228284 kB
Shmem:             49600 kB
Slab:             517016 kB
SReclaimable:     436532 kB
SUnreclaim:        80484 kB
KernelStack:       20208 kB
PageTables:        62980 kB
NFS_Unstable:          0 kB
Bounce:                0 kB
WritebackTmp:          0 kB
CommitLimit:     8133976 kB
Committed_AS:   15274860 kB
VmallocTotal:   34359738367 kB
VmallocUsed:       34396 kB
VmallocChunk:   34359621924 kB
HardwareCorrupted:     0 kB
AnonHugePages:   7350272 kB
HugePages_Total:       0
HugePages_Free:        0
HugePages_Rsvd:        0
HugePages_Surp:        0
Hugepagesize:       2048 kB
DirectMap4k:      182144 kB
DirectMap2M:    11352064 kB
DirectMap1G:     7340032 kB


CPU:total 4 (initial active 4) (4 cores per cpu, 1 threads per core) family 6 model 79 stepping 1, cmov, cx8, fxsr, mmx, sse, sse2, sse3, ssse3, sse4.1, sse4.2, popcnt, avx, avx2, aes, clmul, erms, rtm, 3dnowpref, lzcnt, tsc, bmi1, bmi2, adx

/proc/cpuinfo:
processor	: 0
vendor_id	: GenuineIntel
cpu family	: 6
model		: 79
model name	: Intel(R) Xeon(R) CPU E5-2682 v4 @ 2.50GHz
stepping	: 1
microcode	: 0x1
cpu MHz		: 2499.994
cache size	: 40960 KB
physical id	: 0
siblings	: 4
core id		: 0
cpu cores	: 4
apicid		: 0
initial apicid	: 0
fpu		: yes
fpu_exception	: yes
cpuid level	: 13
wp		: yes
flags		: fpu vme de pse tsc msr pae mce cx8 apic sep mtrr pge mca cmov pat pse36 clflush mmx fxsr sse sse2 ss ht syscall nx pdpe1gb rdtscp lm constant_tsc rep_good nopl eagerfpu pni pclmulqdq ssse3 fma cx16 pcid sse4_1 sse4_2 x2apic movbe popcnt tsc_deadline_timer aes xsave avx f16c rdrand hypervisor lahf_lm abm 3dnowprefetch fsgsbase tsc_adjust bmi1 hle avx2 smep bmi2 erms invpcid rtm rdseed adx smap xsaveopt
bogomips	: 4999.98
clflush size	: 64
cache_alignment	: 64
address sizes	: 46 bits physical, 48 bits virtual
power management:

processor	: 1
vendor_id	: GenuineIntel
cpu family	: 6
model		: 79
model name	: Intel(R) Xeon(R) CPU E5-2682 v4 @ 2.50GHz
stepping	: 1
microcode	: 0x1
cpu MHz		: 2499.994
cache size	: 40960 KB
physical id	: 0
siblings	: 4
core id		: 1
cpu cores	: 4
apicid		: 1
initial apicid	: 1
fpu		: yes
fpu_exception	: yes
cpuid level	: 13
wp		: yes
flags		: fpu vme de pse tsc msr pae mce cx8 apic sep mtrr pge mca cmov pat pse36 clflush mmx fxsr sse sse2 ss ht syscall nx pdpe1gb rdtscp lm constant_tsc rep_good nopl eagerfpu pni pclmulqdq ssse3 fma cx16 pcid sse4_1 sse4_2 x2apic movbe popcnt tsc_deadline_timer aes xsave avx f16c rdrand hypervisor lahf_lm abm 3dnowprefetch fsgsbase tsc_adjust bmi1 hle avx2 smep bmi2 erms invpcid rtm rdseed adx smap xsaveopt
bogomips	: 4999.98
clflush size	: 64
cache_alignment	: 64
address sizes	: 46 bits physical, 48 bits virtual
power management:

processor	: 2
vendor_id	: GenuineIntel
cpu family	: 6
model		: 79
model name	: Intel(R) Xeon(R) CPU E5-2682 v4 @ 2.50GHz
stepping	: 1
microcode	: 0x1
cpu MHz		: 2499.994
cache size	: 40960 KB
physical id	: 0
siblings	: 4
core id		: 2
cpu cores	: 4
apicid		: 2
initial apicid	: 2
fpu		: yes
fpu_exception	: yes
cpuid level	: 13
wp		: yes
flags		: fpu vme de pse tsc msr pae mce cx8 apic sep mtrr pge mca cmov pat pse36 clflush mmx fxsr sse sse2 ss ht syscall nx pdpe1gb rdtscp lm constant_tsc rep_good nopl eagerfpu pni pclmulqdq ssse3 fma cx16 pcid sse4_1 sse4_2 x2apic movbe popcnt tsc_deadline_timer aes xsave avx f16c rdrand hypervisor lahf_lm abm 3dnowprefetch fsgsbase tsc_adjust bmi1 hle avx2 smep bmi2 erms invpcid rtm rdseed adx smap xsaveopt
bogomips	: 4999.98
clflush size	: 64
cache_alignment	: 64
address sizes	: 46 bits physical, 48 bits virtual
power management:

processor	: 3
vendor_id	: GenuineIntel
cpu family	: 6
model		: 79
model name	: Intel(R) Xeon(R) CPU E5-2682 v4 @ 2.50GHz
stepping	: 1
microcode	: 0x1
cpu MHz		: 2499.994
cache size	: 40960 KB
physical id	: 0
siblings	: 4
core id		: 3
cpu cores	: 4
apicid		: 3
initial apicid	: 3
fpu		: yes
fpu_exception	: yes
cpuid level	: 13
wp		: yes
flags		: fpu vme de pse tsc msr pae mce cx8 apic sep mtrr pge mca cmov pat pse36 clflush mmx fxsr sse sse2 ss ht syscall nx pdpe1gb rdtscp lm constant_tsc rep_good nopl eagerfpu pni pclmulqdq ssse3 fma cx16 pcid sse4_1 sse4_2 x2apic movbe popcnt tsc_deadline_timer aes xsave avx f16c rdrand hypervisor lahf_lm abm 3dnowprefetch fsgsbase tsc_adjust bmi1 hle avx2 smep bmi2 erms invpcid rtm rdseed adx smap xsaveopt
bogomips	: 4999.98
clflush size	: 64
cache_alignment	: 64
address sizes	: 46 bits physical, 48 bits virtual
power management:



Memory: 4k page, physical 16267956k(1100416k free), swap 0k(0k free)

vm_info: OpenJDK 64-Bit Server VM (25.151-b12) for linux-amd64 JRE (1.8.0_151-b12), built on Oct 20 2017 13:44:55 by "mockbuild" with gcc 4.8.5 20150623 (Red Hat 4.8.5-16)

time: Wed Jan 10 16:30:26 2018
elapsed time: 4 seconds (0d 0h 0m 4s)

