#
# A fatal error has been detected by the Java Runtime Environment:
#
#  SIGSEGV (0xb) at pc=0x00007f140d7f11a3, pid=11484, tid=0x00007f140f81d700
#
# JRE version: OpenJDK Runtime Environment (8.0_151-b12) (build 1.8.0_151-b12)
# Java VM: OpenJDK 64-Bit Server VM (25.151-b12 mixed mode linux-amd64 compressed oops)
# Problematic frame:
# C  [libstdc++.so.6+0xbd1a3]  std::string::size() const+0x3
#
# Failed to write core dump. Core dumps have been disabled. To enable core dumping, try "ulimit -c unlimited" before starting Java again
#
# If you would like to submit a bug report, please visit:
#   http://bugreport.java.com/bugreport/crash.jsp
# The crash happened outside the Java Virtual Machine in native code.
# See problematic frame for where to report the bug.
#

---------------  T H R E A D  ---------------

Current thread (0x00007f14080087f0):  JavaThread "main" [_thread_in_native, id=11485, stack(0x00007f140f71d000,0x00007f140f81e000)]

siginfo: si_signo: 11 (SIGSEGV), si_code: 128 (SI_KERNEL), si_addr: 0x0000000000000000

Registers:
RAX=0x5d00000120c48148, RBX=0x0000000000000008, RCX=0x0000000000000000, RDX=0x00007f13f91bed64
RSP=0x00007f140f81b188, RBP=0x00007f140f81b1c0, RSI=0x00007f13f91bed64, RDI=0x00007f13f91bed64
R8 =0x0000000000000008, R9 =0x000000076db61018, R10=0x00007f140f81aea0, R11=0x00007f140d7f11a0
R12=0x00007f140f81b370, R13=0x0000000000000008, R14=0x0000000000000001, R15=0x00007f140f81b350
RIP=0x00007f140d7f11a3, EFLAGS=0x0000000000010206, CSGSFS=0x0000000000000033, ERR=0x0000000000000000
  TRAPNO=0x000000000000000d

Top of Stack: (sp=0x00007f140f81b188)
0x00007f140f81b188:   00007f13ed827a26 00007f13f91bed64
0x00007f140f81b198:   00007f140f81b1f0 00007f140f81b1f0
0x00007f140f81b1a8:   0000000000000000 000000076db61018
0x00007f140f81b1b8:   0000000000000008 00007f140f81b220
0x00007f140f81b1c8:   00007f13ed826cb7 00007f13f91bed64
0x00007f140f81b1d8:   00007f1408597000 00007f13efa31b40
0x00007f140f81b1e8:   0000000000000000 00007f140da3b3f8
0x00007f140f81b1f8:   00007f140f81b2f0 00007f13f919d004
0x00007f140f81b208:   0000000000000000 000000076db5fe90
0x00007f140f81b218:   0000000000000008 00007f140f81b230
0x00007f140f81b228:   00007f13eda41564 000000000000000e
0x00007f140f81b238:   00007f140f81bcd0 00007f140f81b340
0x00007f140f81b248:   00007f13eda412cb 00007f140f81b2e8
0x00007f140f81b258:   0000000000000000 00007f140f81b290
0x00007f140f81b268:   00007f1300000000 00007f140f81b180
0x00007f140f81b278:   00007f140f81b3c0 0000000000000000
0x00007f140f81b288:   0000000000000001 00007f13ed826c93
0x00007f140f81b298:   00007f140f81b180 00007f140f81bcd0
0x00007f140f81b2a8:   000000000f81b2e8 00007f140f81b180
0x00007f140f81b2b8:   00007f140f81bc50 00000001080087f0
0x00007f140f81b2c8:   00007f140f81b2f0 00007f140f81b30c
0x00007f140f81b2d8:   00007f140f81b308 00000001080087f0
0x00007f140f81b2e8:   00007f140f81b230 00007f1400000001
0x00007f140f81b2f8:   00007f1408008a48 00007f140814fa60
0x00007f140f81b308:   0000000100000000 0000000000000001
0x00007f140f81b318:   00007f1408008a48 00007f140814fa60
0x00007f140f81b328:   00007f140f81b3c8 0000000000000001
0x00007f140f81b338:   00007f140f81b378 00007f140f81bcc0
0x00007f140f81b348:   00007f13eda3a0f5 00007f140f81b3c0
0x00007f140f81b358:   00007f13ef778540 0000000000000000
0x00007f140f81b368:   00007f13ef7781d8 00007f13eda440c0
0x00007f140f81b378:   00007f140f81b3a0 00007f140f81b3f8 

Instructions: (pc=0x00007f140d7f11a3)
0x00007f140d7f1183:   48 89 f8 48 03 52 e8 48 89 17 c3 66 90 48 8b 16
0x00007f140d7f1193:   48 89 f8 48 89 17 c3 66 0f 1f 44 00 00 48 8b 07
0x00007f140d7f11a3:   48 8b 40 e8 c3 0f 1f 84 00 00 00 00 00 48 b8 f9
0x00007f140d7f11b3:   ff ff ff ff ff ff 3f c3 0f 1f 44 00 00 48 8b 07 

Register to memory mapping:

RAX=0x5d00000120c48148 is an unknown value
RBX=0x0000000000000008 is an unknown value
RCX=0x0000000000000000 is an unknown value
RDX=0x00007f13f91bed64 is at entry_point+5572 in (nmethod*)0x00007f13f91bd450
RSP=0x00007f140f81b188 is pointing into the stack for thread: 0x00007f14080087f0
RBP=0x00007f140f81b1c0 is pointing into the stack for thread: 0x00007f14080087f0
RSI=0x00007f13f91bed64 is at entry_point+5572 in (nmethod*)0x00007f13f91bd450
RDI=0x00007f13f91bed64 is at entry_point+5572 in (nmethod*)0x00007f13f91bd450
R8 =0x0000000000000008 is an unknown value
R9 =0x000000076db61018 is an oop
[B 
 - klass: {type array byte}
 - length: 24
R10=0x00007f140f81aea0 is pointing into the stack for thread: 0x00007f14080087f0
R11=0x00007f140d7f11a0: _ZNKSs4sizeEv+0 in /lib64/libstdc++.so.6 at 0x00007f140d734000
R12=0x00007f140f81b370 is pointing into the stack for thread: 0x00007f14080087f0
R13=0x0000000000000008 is an unknown value
R14=0x0000000000000001 is an unknown value
R15=0x00007f140f81b350 is pointing into the stack for thread: 0x00007f14080087f0


Stack: [0x00007f140f71d000,0x00007f140f81e000],  sp=0x00007f140f81b188,  free space=1016k
Native frames: (J=compiled Java code, j=interpreted, Vv=VM code, C=native code)
C  [libstdc++.so.6+0xbd1a3]  std::string::size() const+0x3
C  [libHvDeviceJava.so+0x3cb7]  GetUrlIn+0x24
C  [jna4505676175359727780.tmp+0x13564]  ffi_call_unix64+0x4c
C  0x00007f140f81bcd0

Java frames: (J=compiled Java code, j=interpreted, Vv=VM code)
j  com.sun.jna.Native.invokePointer(Lcom/sun/jna/Function;JI[Ljava/lang/Object;)J+0
j  com.sun.jna.Function.invokePointer(I[Ljava/lang/Object;)Lcom/sun/jna/Pointer;+7
j  com.sun.jna.Function.invokeString(I[Ljava/lang/Object;Z)Ljava/lang/String;+3
j  com.sun.jna.Function.invoke([Ljava/lang/Object;Ljava/lang/Class;ZI)Ljava/lang/Object;+329
j  com.sun.jna.Function.invoke(Ljava/lang/reflect/Method;[Ljava/lang/Class;Ljava/lang/Class;[Ljava/lang/Object;Ljava/util/Map;)Ljava/lang/Object;+271
j  com.sun.jna.Library$Handler.invoke(Ljava/lang/Object;Ljava/lang/reflect/Method;[Ljava/lang/Object;)Ljava/lang/Object;+344
j  com.sun.proxy.$Proxy0.GetUrlIn(Ljava/lang/String;)Ljava/lang/String;+16
j  com.etc.camera.MainApplication.main([Ljava/lang/String;)V+97
v  ~StubRoutines::call_stub
j  sun.reflect.NativeMethodAccessorImpl.invoke0(Ljava/lang/reflect/Method;Ljava/lang/Object;[Ljava/lang/Object;)Ljava/lang/Object;+0
j  sun.reflect.NativeMethodAccessorImpl.invoke(Ljava/lang/Object;[Ljava/lang/Object;)Ljava/lang/Object;+100
j  sun.reflect.DelegatingMethodAccessorImpl.invoke(Ljava/lang/Object;[Ljava/lang/Object;)Ljava/lang/Object;+6
j  java.lang.reflect.Method.invoke(Ljava/lang/Object;[Ljava/lang/Object;)Ljava/lang/Object;+56
j  org.springframework.boot.loader.MainMethodRunner.run()V+43
j  org.springframework.boot.loader.Launcher.launch([Ljava/lang/String;Ljava/lang/String;Ljava/lang/ClassLoader;)V+14
j  org.springframework.boot.loader.Launcher.launch([Ljava/lang/String;)V+19
j  org.springframework.boot.loader.JarLauncher.main([Ljava/lang/String;)V+8
v  ~StubRoutines::call_stub

---------------  P R O C E S S  ---------------

Java Threads: ( => current thread )
  0x00007f14084fa7c0 JavaThread "process reaper" daemon [_thread_blocked, id=11508, stack(0x00007f140f62e000,0x00007f140f667000)]
  0x00007f14081940b0 JavaThread "Service Thread" daemon [_thread_blocked, id=11497, stack(0x00007f13edd48000,0x00007f13ede49000)]
  0x00007f140818fba0 JavaThread "C1 CompilerThread2" daemon [_thread_blocked, id=11496, stack(0x00007f13ede49000,0x00007f13edf4a000)]
  0x00007f140801a380 JavaThread "C2 CompilerThread1" daemon [_thread_blocked, id=11495, stack(0x00007f13edf4a000,0x00007f13ee04b000)]
  0x00007f1408181780 JavaThread "C2 CompilerThread0" daemon [_thread_blocked, id=11494, stack(0x00007f13ee04b000,0x00007f13ee14c000)]
  0x00007f140817ff20 JavaThread "Signal Dispatcher" daemon [_thread_blocked, id=11493, stack(0x00007f13ee14c000,0x00007f13ee24d000)]
  0x00007f1408156870 JavaThread "Finalizer" daemon [_thread_blocked, id=11492, stack(0x00007f13ee24d000,0x00007f13ee34e000)]
  0x00007f1408152600 JavaThread "Reference Handler" daemon [_thread_blocked, id=11491, stack(0x00007f13ee34e000,0x00007f13ee44f000)]
=>0x00007f14080087f0 JavaThread "main" [_thread_in_native, id=11485, stack(0x00007f140f71d000,0x00007f140f81e000)]

Other Threads:
  0x00007f14081490e0 VMThread [stack: 0x00007f13ee44f000,0x00007f13ee550000] [id=11490]
  0x00007f1408196000 WatcherThread [stack: 0x00007f13edc47000,0x00007f13edd48000] [id=11498]

VM state:not at safepoint (normal execution)

VM Mutex/Monitor currently owned by a thread: None

Heap:
 PSYoungGen      total 74752K, used 9081K [0x000000076d400000, 0x0000000772700000, 0x00000007c0000000)
  eden space 64512K, 14% used [0x000000076d400000,0x000000076dcde480,0x0000000771300000)
  from space 10240K, 0% used [0x0000000771d00000,0x0000000771d00000,0x0000000772700000)
  to   space 10240K, 0% used [0x0000000771300000,0x0000000771300000,0x0000000771d00000)
 ParOldGen       total 171008K, used 0K [0x00000006c7c00000, 0x00000006d2300000, 0x000000076d400000)
  object space 171008K, 0% used [0x00000006c7c00000,0x00000006c7c00000,0x00000006d2300000)
 Metaspace       used 6703K, capacity 6926K, committed 7168K, reserved 1056768K
  class space    used 686K, capacity 751K, committed 768K, reserved 1048576K

Card table byte_map: [0x00007f13f883d000,0x00007f13f9000000] byte_map_base: 0x00007f13f51ff000

Marking Bits: (ParMarkBitMap*) 0x00007f140e9e5da0
 Begin Bits: [0x00007f13f05f0000, 0x00007f13f4400000)
 End Bits:   [0x00007f13f4400000, 0x00007f13f8210000)

Polling page: 0x00007f140f82a000

CodeCache: size=245760Kb used=1911Kb max_used=1920Kb free=243848Kb
 bounds [0x00007f13f9000000, 0x00007f13f9270000, 0x00007f1408000000]
 total_blobs=743 nmethods=431 adapters=227
 compilation: enabled

Compilation events (10 events):
Event: 2.947 Thread 0x00007f140818fba0  427       1       sun.util.calendar.CalendarDate::getMinutes (5 bytes)
Event: 2.947 Thread 0x00007f140818fba0 nmethod 427 0x00007f13f91dc050 code [0x00007f13f91dc1a0, 0x00007f13f91dc2b0]
Event: 2.947 Thread 0x00007f140818fba0  428       1       sun.util.calendar.CalendarDate::getSeconds (5 bytes)
Event: 2.947 Thread 0x00007f140818fba0 nmethod 428 0x00007f13f91dbd90 code [0x00007f13f91dbee0, 0x00007f13f91dbff0]
Event: 2.954 Thread 0x00007f1408181780  429       4       sun.nio.cs.UTF_8$Encoder::encode (359 bytes)
Event: 2.960 Thread 0x00007f1408181780 nmethod 429 0x00007f13f91db410 code [0x00007f13f91db580, 0x00007f13f91dbad8]
Event: 2.973 Thread 0x00007f140818fba0  430       3       java.lang.Character::isLetterOrDigit (5 bytes)
Event: 2.973 Thread 0x00007f140818fba0 nmethod 430 0x00007f13f91ddf90 code [0x00007f13f91de120, 0x00007f13f91de478]
Event: 2.973 Thread 0x00007f140818fba0  431       3       java.lang.Character::isLetterOrDigit (19 bytes)
Event: 2.973 Thread 0x00007f140818fba0 nmethod 431 0x00007f13f91dd9d0 code [0x00007f13f91ddb60, 0x00007f13f91dde58]

GC Heap History (0 events):
No events

Deoptimization events (0 events):
No events

Internal exceptions (10 events):
Event: 0.071 Thread 0x00007f14080087f0 Exception <a 'java/lang/NoSuchMethodError': Method sun.misc.Unsafe.prefetchRead(Ljava/lang/Object;J)V name or signature does not match> (0x000000076d407f88) thrown at [/builddir/build/BUILD/java-1.8.0-openjdk-1.8.0.151-1.b12.el7_4.x86_64/openjdk/hotspot/s
Event: 0.306 Thread 0x00007f14080087f0 Exception <a 'java/lang/NoSuchFieldError': method resolution failed> (0x000000076d714618) thrown at [/builddir/build/BUILD/java-1.8.0-openjdk-1.8.0.151-1.b12.el7_4.x86_64/openjdk/hotspot/src/share/vm/prims/methodHandles.cpp, line 1146]
Event: 0.313 Thread 0x00007f14080087f0 Exception <a 'java/lang/NoSuchFieldError': method resolution failed> (0x000000076d721a18) thrown at [/builddir/build/BUILD/java-1.8.0-openjdk-1.8.0.151-1.b12.el7_4.x86_64/openjdk/hotspot/src/share/vm/prims/methodHandles.cpp, line 1146]
Event: 0.389 Thread 0x00007f14080087f0 Exception <a 'java/lang/ClassNotFoundException': org/springframework/boot/loader/file/Handler> (0x000000076d7e7700) thrown at [/builddir/build/BUILD/java-1.8.0-openjdk-1.8.0.151-1.b12.el7_4.x86_64/openjdk/hotspot/src/share/vm/classfile/systemDictionary.cp
Event: 0.395 Thread 0x00007f14080087f0 Exception <a 'java/security/PrivilegedActionException'> (0x000000076d7f0148) thrown at [/builddir/build/BUILD/java-1.8.0-openjdk-1.8.0.151-1.b12.el7_4.x86_64/openjdk/hotspot/src/share/vm/prims/jvm.cpp, line 1400]
Event: 0.395 Thread 0x00007f14080087f0 Exception <a 'java/security/PrivilegedActionException'> (0x000000076d7f0540) thrown at [/builddir/build/BUILD/java-1.8.0-openjdk-1.8.0.151-1.b12.el7_4.x86_64/openjdk/hotspot/src/share/vm/prims/jvm.cpp, line 1400]
Event: 0.395 Thread 0x00007f14080087f0 Exception <a 'java/security/PrivilegedActionException'> (0x000000076d7f3200) thrown at [/builddir/build/BUILD/java-1.8.0-openjdk-1.8.0.151-1.b12.el7_4.x86_64/openjdk/hotspot/src/share/vm/prims/jvm.cpp, line 1400]
Event: 0.395 Thread 0x00007f14080087f0 Exception <a 'java/security/PrivilegedActionException'> (0x000000076d7f35f8) thrown at [/builddir/build/BUILD/java-1.8.0-openjdk-1.8.0.151-1.b12.el7_4.x86_64/openjdk/hotspot/src/share/vm/prims/jvm.cpp, line 1400]
Event: 0.395 Thread 0x00007f14080087f0 Exception <a 'java/security/PrivilegedActionException'> (0x000000076d7f46c0) thrown at [/builddir/build/BUILD/java-1.8.0-openjdk-1.8.0.151-1.b12.el7_4.x86_64/openjdk/hotspot/src/share/vm/prims/jvm.cpp, line 1400]
Event: 0.395 Thread 0x00007f14080087f0 Exception <a 'java/security/PrivilegedActionException'> (0x000000076d7f4ab8) thrown at [/builddir/build/BUILD/java-1.8.0-openjdk-1.8.0.151-1.b12.el7_4.x86_64/openjdk/hotspot/src/share/vm/prims/jvm.cpp, line 1400]

Events (10 events):
Event: 2.941 loading class com/sun/jna/NativeString
Event: 2.941 loading class com/sun/jna/NativeString done
Event: 2.942 loading class com/sun/jna/NativeString$StringMemory
Event: 2.942 loading class com/sun/jna/NativeString$StringMemory done
Event: 2.943 loading class com/sun/jna/Memory$SharedMemory
Event: 2.943 loading class com/sun/jna/Memory$SharedMemory done
Event: 2.943 loading class com/sun/jna/WeakMemoryHolder
Event: 2.943 loading class com/sun/jna/WeakMemoryHolder done
Event: 2.972 loading class com/sun/jna/Function$PostCallRead
Event: 2.972 loading class com/sun/jna/Function$PostCallRead done


Dynamic libraries:
00400000-00401000 r-xp 00000000 fd:01 2413332                            /usr/lib/jvm/java-1.8.0-openjdk-1.8.0.151-1.b12.el7_4.x86_64/jre/bin/java
00600000-00601000 r--p 00000000 fd:01 2413332                            /usr/lib/jvm/java-1.8.0-openjdk-1.8.0.151-1.b12.el7_4.x86_64/jre/bin/java
00601000-00602000 rw-p 00001000 fd:01 2413332                            /usr/lib/jvm/java-1.8.0-openjdk-1.8.0.151-1.b12.el7_4.x86_64/jre/bin/java
010f7000-01118000 rw-p 00000000 00:00 0                                  [heap]
6c7c00000-6d2300000 rw-p 00000000 00:00 0 
6d2300000-76d400000 ---p 00000000 00:00 0 
76d400000-772700000 rw-p 00000000 00:00 0 
772700000-7c0000000 ---p 00000000 00:00 0 
7c0000000-7c00c0000 rw-p 00000000 00:00 0 
7c00c0000-800000000 ---p 00000000 00:00 0 
7f13a4000000-7f13a4021000 rw-p 00000000 00:00 0 
7f13a4021000-7f13a8000000 ---p 00000000 00:00 0 
7f13ac000000-7f13ac021000 rw-p 00000000 00:00 0 
7f13ac021000-7f13b0000000 ---p 00000000 00:00 0 
7f13b0000000-7f13b0021000 rw-p 00000000 00:00 0 
7f13b0021000-7f13b4000000 ---p 00000000 00:00 0 
7f13b4000000-7f13b402b000 rw-p 00000000 00:00 0 
7f13b402b000-7f13b8000000 ---p 00000000 00:00 0 
7f13b8000000-7f13b81fd000 rw-p 00000000 00:00 0 
7f13b81fd000-7f13bc000000 ---p 00000000 00:00 0 
7f13bc000000-7f13bc083000 rw-p 00000000 00:00 0 
7f13bc083000-7f13c0000000 ---p 00000000 00:00 0 
7f13c1ad7000-7f13c8000000 r--p 00000000 fd:01 665533                     /usr/lib/locale/locale-archive
7f13c8000000-7f13c8021000 rw-p 00000000 00:00 0 
7f13c8021000-7f13cc000000 ---p 00000000 00:00 0 
7f13cc000000-7f13cc021000 rw-p 00000000 00:00 0 
7f13cc021000-7f13d0000000 ---p 00000000 00:00 0 
7f13d0000000-7f13d0021000 rw-p 00000000 00:00 0 
7f13d0021000-7f13d4000000 ---p 00000000 00:00 0 
7f13d4000000-7f13d4021000 rw-p 00000000 00:00 0 
7f13d4021000-7f13d8000000 ---p 00000000 00:00 0 
7f13d8000000-7f13d8021000 rw-p 00000000 00:00 0 
7f13d8021000-7f13dc000000 ---p 00000000 00:00 0 
7f13dc000000-7f13dc021000 rw-p 00000000 00:00 0 
7f13dc021000-7f13e0000000 ---p 00000000 00:00 0 
7f13e0000000-7f13e0021000 rw-p 00000000 00:00 0 
7f13e0021000-7f13e4000000 ---p 00000000 00:00 0 
7f13e8000000-7f13e8021000 rw-p 00000000 00:00 0 
7f13e8021000-7f13ec000000 ---p 00000000 00:00 0 
7f13ed57d000-7f13ed5d4000 r-xp 00000000 fd:11 5898650                    /web/java/java/camera/lib/libHvDevice.so
7f13ed5d4000-7f13ed7d4000 ---p 00057000 fd:11 5898650                    /web/java/java/camera/lib/libHvDevice.so
7f13ed7d4000-7f13ed7d5000 r--p 00057000 fd:11 5898650                    /web/java/java/camera/lib/libHvDevice.so
7f13ed7d5000-7f13ed80d000 rw-p 00058000 fd:11 5898650                    /web/java/java/camera/lib/libHvDevice.so
7f13ed80d000-7f13ed823000 rw-p 00000000 00:00 0 
7f13ed823000-7f13ed82d000 r-xp 00000000 fd:11 5899808                    /web/java/java/camera/lib/libHvDeviceJava.so
7f13ed82d000-7f13eda2c000 ---p 0000a000 fd:11 5899808                    /web/java/java/camera/lib/libHvDeviceJava.so
7f13eda2c000-7f13eda2d000 r--p 00009000 fd:11 5899808                    /web/java/java/camera/lib/libHvDeviceJava.so
7f13eda2d000-7f13eda2e000 rw-p 0000a000 fd:11 5899808                    /web/java/java/camera/lib/libHvDeviceJava.so
7f13eda2e000-7f13eda46000 r-xp 00000000 fd:01 421871                     /tmp/jna-3506402/jna4505676175359727780.tmp (deleted)
7f13eda46000-7f13edc46000 ---p 00018000 fd:01 421871                     /tmp/jna-3506402/jna4505676175359727780.tmp (deleted)
7f13edc46000-7f13edc47000 rw-p 00018000 fd:01 421871                     /tmp/jna-3506402/jna4505676175359727780.tmp (deleted)
7f13edc47000-7f13edc48000 ---p 00000000 00:00 0 
7f13edc48000-7f13edd48000 rw-p 00000000 00:00 0                          [stack:11498]
7f13edd48000-7f13edd4b000 ---p 00000000 00:00 0 
7f13edd4b000-7f13ede49000 rw-p 00000000 00:00 0                          [stack:11497]
7f13ede49000-7f13ede4c000 ---p 00000000 00:00 0 
7f13ede4c000-7f13edf4a000 rw-p 00000000 00:00 0                          [stack:11496]
7f13edf4a000-7f13edf4d000 ---p 00000000 00:00 0 
7f13edf4d000-7f13ee04b000 rw-p 00000000 00:00 0                          [stack:11495]
7f13ee04b000-7f13ee04e000 ---p 00000000 00:00 0 
7f13ee04e000-7f13ee14c000 rw-p 00000000 00:00 0                          [stack:11494]
7f13ee14c000-7f13ee14f000 ---p 00000000 00:00 0 
7f13ee14f000-7f13ee24d000 rw-p 00000000 00:00 0                          [stack:11493]
7f13ee24d000-7f13ee250000 ---p 00000000 00:00 0 
7f13ee250000-7f13ee34e000 rw-p 00000000 00:00 0                          [stack:11492]
7f13ee34e000-7f13ee351000 ---p 00000000 00:00 0 
7f13ee351000-7f13ee44f000 rw-p 00000000 00:00 0                          [stack:11491]
7f13ee44f000-7f13ee450000 ---p 00000000 00:00 0 
7f13ee450000-7f13ef45f000 rw-p 00000000 00:00 0                          [stack:11490]
7f13ef45f000-7f13ef62e000 r--s 043ff000 fd:01 2413422                    /usr/lib/jvm/java-1.8.0-openjdk-1.8.0.151-1.b12.el7_4.x86_64/jre/lib/rt.jar
7f13ef62e000-7f13efc6e000 rw-p 00000000 00:00 0 
7f13efc6e000-7f13efe2e000 ---p 00000000 00:00 0 
7f13efe2e000-7f13f8210000 rw-p 00000000 00:00 0 
7f13f8210000-7f13f8211000 ---p 00000000 00:00 0 
7f13f8211000-7f13f8365000 rw-p 00000000 00:00 0                          [stack:11489]
7f13f8365000-7f13f883d000 ---p 00000000 00:00 0 
7f13f883d000-7f13f8891000 rw-p 00000000 00:00 0 
7f13f8891000-7f13f8d69000 ---p 00000000 00:00 0 
7f13f8d69000-7f13f8d93000 rw-p 00000000 00:00 0 
7f13f8d93000-7f13f8fff000 ---p 00000000 00:00 0 
7f13f8fff000-7f13f9000000 rw-p 00000000 00:00 0 
7f13f9000000-7f13f9270000 rwxp 00000000 00:00 0 
7f13f9270000-7f1408000000 ---p 00000000 00:00 0 
7f1408000000-7f14085a0000 rw-p 00000000 00:00 0 
7f14085a0000-7f140c000000 ---p 00000000 00:00 0 
7f140c032000-7f140c0f6000 rw-p 00000000 00:00 0 
7f140c0f6000-7f140c0f7000 ---p 00000000 00:00 0 
7f140c0f7000-7f140c1f7000 rw-p 00000000 00:00 0                          [stack:11488]
7f140c1f7000-7f140c1f8000 ---p 00000000 00:00 0 
7f140c1f8000-7f140c2f8000 rw-p 00000000 00:00 0                          [stack:11487]
7f140c2f8000-7f140c2f9000 ---p 00000000 00:00 0 
7f140c2f9000-7f140c403000 rw-p 00000000 00:00 0                          [stack:11486]
7f140c403000-7f140c7b9000 ---p 00000000 00:00 0 
7f140c7b9000-7f140c7c1000 r-xp 00000000 fd:01 2413373                    /usr/lib/jvm/java-1.8.0-openjdk-1.8.0.151-1.b12.el7_4.x86_64/jre/lib/amd64/libzip.so
7f140c7c1000-7f140c9c0000 ---p 00008000 fd:01 2413373                    /usr/lib/jvm/java-1.8.0-openjdk-1.8.0.151-1.b12.el7_4.x86_64/jre/lib/amd64/libzip.so
7f140c9c0000-7f140c9c1000 r--p 00007000 fd:01 2413373                    /usr/lib/jvm/java-1.8.0-openjdk-1.8.0.151-1.b12.el7_4.x86_64/jre/lib/amd64/libzip.so
7f140c9c1000-7f140c9c2000 rw-p 00008000 fd:01 2413373                    /usr/lib/jvm/java-1.8.0-openjdk-1.8.0.151-1.b12.el7_4.x86_64/jre/lib/amd64/libzip.so
7f140c9c2000-7f140c9ce000 r-xp 00000000 fd:01 663465                     /usr/lib64/libnss_files-2.17.so
7f140c9ce000-7f140cbcd000 ---p 0000c000 fd:01 663465                     /usr/lib64/libnss_files-2.17.so
7f140cbcd000-7f140cbce000 r--p 0000b000 fd:01 663465                     /usr/lib64/libnss_files-2.17.so
7f140cbce000-7f140cbcf000 rw-p 0000c000 fd:01 663465                     /usr/lib64/libnss_files-2.17.so
7f140cbcf000-7f140cbd5000 rw-p 00000000 00:00 0 
7f140cbd5000-7f140cc02000 r-xp 00000000 fd:01 2413355                    /usr/lib/jvm/java-1.8.0-openjdk-1.8.0.151-1.b12.el7_4.x86_64/jre/lib/amd64/libjava.so
7f140cc02000-7f140ce02000 ---p 0002d000 fd:01 2413355                    /usr/lib/jvm/java-1.8.0-openjdk-1.8.0.151-1.b12.el7_4.x86_64/jre/lib/amd64/libjava.so
7f140ce02000-7f140ce03000 r--p 0002d000 fd:01 2413355                    /usr/lib/jvm/java-1.8.0-openjdk-1.8.0.151-1.b12.el7_4.x86_64/jre/lib/amd64/libjava.so
7f140ce03000-7f140ce05000 rw-p 0002e000 fd:01 2413355                    /usr/lib/jvm/java-1.8.0-openjdk-1.8.0.151-1.b12.el7_4.x86_64/jre/lib/amd64/libjava.so
7f140ce05000-7f140ce12000 r-xp 00000000 fd:01 2413372                    /usr/lib/jvm/java-1.8.0-openjdk-1.8.0.151-1.b12.el7_4.x86_64/jre/lib/amd64/libverify.so
7f140ce12000-7f140d011000 ---p 0000d000 fd:01 2413372                    /usr/lib/jvm/java-1.8.0-openjdk-1.8.0.151-1.b12.el7_4.x86_64/jre/lib/amd64/libverify.so
7f140d011000-7f140d013000 r--p 0000c000 fd:01 2413372                    /usr/lib/jvm/java-1.8.0-openjdk-1.8.0.151-1.b12.el7_4.x86_64/jre/lib/amd64/libverify.so
7f140d013000-7f140d014000 rw-p 0000e000 fd:01 2413372                    /usr/lib/jvm/java-1.8.0-openjdk-1.8.0.151-1.b12.el7_4.x86_64/jre/lib/amd64/libverify.so
7f140d014000-7f140d01b000 r-xp 00000000 fd:01 663468                     /usr/lib64/librt-2.17.so
7f140d01b000-7f140d21a000 ---p 00007000 fd:01 663468                     /usr/lib64/librt-2.17.so
7f140d21a000-7f140d21b000 r--p 00006000 fd:01 663468                     /usr/lib64/librt-2.17.so
7f140d21b000-7f140d21c000 rw-p 00007000 fd:01 663468                     /usr/lib64/librt-2.17.so
7f140d21c000-7f140d231000 r-xp 00000000 fd:01 193185                     /usr/lib64/libgcc_s-4.8.5-20150702.so.1
7f140d231000-7f140d430000 ---p 00015000 fd:01 193185                     /usr/lib64/libgcc_s-4.8.5-20150702.so.1
7f140d430000-7f140d431000 r--p 00014000 fd:01 193185                     /usr/lib64/libgcc_s-4.8.5-20150702.so.1
7f140d431000-7f140d432000 rw-p 00015000 fd:01 193185                     /usr/lib64/libgcc_s-4.8.5-20150702.so.1
7f140d432000-7f140d533000 r-xp 00000000 fd:01 663462                     /usr/lib64/libm-2.17.so
7f140d533000-7f140d732000 ---p 00101000 fd:01 663462                     /usr/lib64/libm-2.17.so
7f140d732000-7f140d733000 r--p 00100000 fd:01 663462                     /usr/lib64/libm-2.17.so
7f140d733000-7f140d734000 rw-p 00101000 fd:01 663462                     /usr/lib64/libm-2.17.so
7f140d734000-7f140d81d000 r-xp 00000000 fd:01 657610                     /usr/lib64/libstdc++.so.6.0.19
7f140d81d000-7f140da1d000 ---p 000e9000 fd:01 657610                     /usr/lib64/libstdc++.so.6.0.19
7f140da1d000-7f140da25000 r--p 000e9000 fd:01 657610                     /usr/lib64/libstdc++.so.6.0.19
7f140da25000-7f140da27000 rw-p 000f1000 fd:01 657610                     /usr/lib64/libstdc++.so.6.0.19
7f140da27000-7f140da3c000 rw-p 00000000 00:00 0 
7f140da3c000-7f140e6fc000 r-xp 00000000 fd:01 2413376                    /usr/lib/jvm/java-1.8.0-openjdk-1.8.0.151-1.b12.el7_4.x86_64/jre/lib/amd64/server/libjvm.so
7f140e6fc000-7f140e8fc000 ---p 00cc0000 fd:01 2413376                    /usr/lib/jvm/java-1.8.0-openjdk-1.8.0.151-1.b12.el7_4.x86_64/jre/lib/amd64/server/libjvm.so
7f140e8fc000-7f140e9a7000 r--p 00cc0000 fd:01 2413376                    /usr/lib/jvm/java-1.8.0-openjdk-1.8.0.151-1.b12.el7_4.x86_64/jre/lib/amd64/server/libjvm.so
7f140e9a7000-7f140e9d0000 rw-p 00d6b000 fd:01 2413376                    /usr/lib/jvm/java-1.8.0-openjdk-1.8.0.151-1.b12.el7_4.x86_64/jre/lib/amd64/server/libjvm.so
7f140e9d0000-7f140ea03000 rw-p 00000000 00:00 0 
7f140ea03000-7f140ebbb000 r-xp 00000000 fd:01 657568                     /usr/lib64/libc-2.17.so
7f140ebbb000-7f140edbb000 ---p 001b8000 fd:01 657568                     /usr/lib64/libc-2.17.so
7f140edbb000-7f140edbf000 r--p 001b8000 fd:01 657568                     /usr/lib64/libc-2.17.so
7f140edbf000-7f140edc1000 rw-p 001bc000 fd:01 657568                     /usr/lib64/libc-2.17.so
7f140edc1000-7f140edc6000 rw-p 00000000 00:00 0 
7f140edc6000-7f140edc8000 r-xp 00000000 fd:01 663461                     /usr/lib64/libdl-2.17.so
7f140edc8000-7f140efc8000 ---p 00002000 fd:01 663461                     /usr/lib64/libdl-2.17.so
7f140efc8000-7f140efc9000 r--p 00002000 fd:01 663461                     /usr/lib64/libdl-2.17.so
7f140efc9000-7f140efca000 rw-p 00003000 fd:01 663461                     /usr/lib64/libdl-2.17.so
7f140efca000-7f140efd8000 r-xp 00000000 fd:01 2413342                    /usr/lib/jvm/java-1.8.0-openjdk-1.8.0.151-1.b12.el7_4.x86_64/jre/lib/amd64/jli/libjli.so
7f140efd8000-7f140f1d7000 ---p 0000e000 fd:01 2413342                    /usr/lib/jvm/java-1.8.0-openjdk-1.8.0.151-1.b12.el7_4.x86_64/jre/lib/amd64/jli/libjli.so
7f140f1d7000-7f140f1d8000 r--p 0000d000 fd:01 2413342                    /usr/lib/jvm/java-1.8.0-openjdk-1.8.0.151-1.b12.el7_4.x86_64/jre/lib/amd64/jli/libjli.so
7f140f1d8000-7f140f1d9000 rw-p 0000e000 fd:01 2413342                    /usr/lib/jvm/java-1.8.0-openjdk-1.8.0.151-1.b12.el7_4.x86_64/jre/lib/amd64/jli/libjli.so
7f140f1d9000-7f140f1ee000 r-xp 00000000 fd:01 657746                     /usr/lib64/libz.so.1.2.7
7f140f1ee000-7f140f3ed000 ---p 00015000 fd:01 657746                     /usr/lib64/libz.so.1.2.7
7f140f3ed000-7f140f3ee000 r--p 00014000 fd:01 657746                     /usr/lib64/libz.so.1.2.7
7f140f3ee000-7f140f3ef000 rw-p 00015000 fd:01 657746                     /usr/lib64/libz.so.1.2.7
7f140f3ef000-7f140f406000 r-xp 00000000 fd:01 657594                     /usr/lib64/libpthread-2.17.so
7f140f406000-7f140f605000 ---p 00017000 fd:01 657594                     /usr/lib64/libpthread-2.17.so
7f140f605000-7f140f606000 r--p 00016000 fd:01 657594                     /usr/lib64/libpthread-2.17.so
7f140f606000-7f140f607000 rw-p 00017000 fd:01 657594                     /usr/lib64/libpthread-2.17.so
7f140f607000-7f140f60b000 rw-p 00000000 00:00 0 
7f140f60b000-7f140f62c000 r-xp 00000000 fd:01 657554                     /usr/lib64/ld-2.17.so
7f140f62e000-7f140f631000 ---p 00000000 00:00 0 
7f140f631000-7f140f667000 rw-p 00000000 00:00 0                          [stack:11508]
7f140f667000-7f140f66c000 r--s 000b3000 fd:01 2413409                    /usr/lib/jvm/java-1.8.0-openjdk-1.8.0.151-1.b12.el7_4.x86_64/jre/lib/jsse.jar
7f140f66c000-7f140f715000 rw-p 00000000 00:00 0 
7f140f715000-7f140f71d000 rw-s 00000000 fd:01 421869                     /tmp/hsperfdata_root/11484
7f140f71d000-7f140f720000 ---p 00000000 00:00 0 
7f140f720000-7f140f823000 rw-p 00000000 00:00 0                          [stack:11485]
7f140f826000-7f140f827000 rw-p 00000000 00:00 0 
7f140f827000-7f140f829000 r--s 004e4000 fd:11 5899060                    /web/java/java/camera/target/camera-1.jar
7f140f829000-7f140f82a000 rw-p 00000000 00:00 0 
7f140f82a000-7f140f82b000 r--p 00000000 00:00 0 
7f140f82b000-7f140f82c000 rw-p 00000000 00:00 0 
7f140f82c000-7f140f82d000 r--p 00021000 fd:01 657554                     /usr/lib64/ld-2.17.so
7f140f82d000-7f140f82e000 rw-p 00022000 fd:01 657554                     /usr/lib64/ld-2.17.so
7f140f82e000-7f140f82f000 rw-p 00000000 00:00 0 
7fffe2522000-7fffe2543000 rw-p 00000000 00:00 0                          [stack]
7fffe25d3000-7fffe25d5000 r-xp 00000000 00:00 0                          [vdso]
ffffffffff600000-ffffffffff601000 r-xp 00000000 00:00 0                  [vsyscall]

VM Arguments:
java_command: target/camera-1.jar
java_class_path (initial): target/camera-1.jar
Launcher Type: SUN_STANDARD

Environment Variables:
PATH=/usr/local/sbin:/usr/local/bin:/usr/sbin:/usr/bin:/root/bin
LD_LIBRARY_PATH=:.:./lib
SHELL=/bin/bash

Signal Handlers:
SIGSEGV: [libjvm.so+0xab05b0], sa_mask[0]=11111111011111111101111111111110, sa_flags=SA_RESTART|SA_SIGINFO
SIGBUS: [libjvm.so+0xab05b0], sa_mask[0]=11111111011111111101111111111110, sa_flags=SA_RESTART|SA_SIGINFO
SIGFPE: [libjvm.so+0x8a8b20], sa_mask[0]=11111111011111111101111111111110, sa_flags=SA_RESTART|SA_SIGINFO
SIGPIPE: [libjvm.so+0x8a8b20], sa_mask[0]=11111111011111111101111111111110, sa_flags=SA_RESTART|SA_SIGINFO
SIGXFSZ: [libjvm.so+0x8a8b20], sa_mask[0]=11111111011111111101111111111110, sa_flags=SA_RESTART|SA_SIGINFO
SIGILL: [libjvm.so+0x8a8b20], sa_mask[0]=11111111011111111101111111111110, sa_flags=SA_RESTART|SA_SIGINFO
SIGUSR1: SIG_DFL, sa_mask[0]=00000000000000000000000000000000, sa_flags=none
SIGUSR2: [libjvm.so+0x8a89d0], sa_mask[0]=00000000000000000000000000000000, sa_flags=SA_RESTART|SA_SIGINFO
SIGHUP: [libjvm.so+0x8a8be0], sa_mask[0]=11111111011111111101111111111110, sa_flags=SA_RESTART|SA_SIGINFO
SIGINT: [libjvm.so+0x8a8be0], sa_mask[0]=11111111011111111101111111111110, sa_flags=SA_RESTART|SA_SIGINFO
SIGTERM: [libjvm.so+0x8a8be0], sa_mask[0]=11111111011111111101111111111110, sa_flags=SA_RESTART|SA_SIGINFO
SIGQUIT: [libjvm.so+0x8a8be0], sa_mask[0]=11111111011111111101111111111110, sa_flags=SA_RESTART|SA_SIGINFO


---------------  S Y S T E M  ---------------

OS:CentOS Linux release 7.4.1708 (Core) 

uname:Linux 3.10.0-514.26.2.el7.x86_64 #1 SMP Tue Jul 4 15:04:05 UTC 2017 x86_64
libc:glibc 2.17 NPTL 2.17 
rlimit: STACK 8192k, CORE 0k, NPROC 63465, NOFILE 65535, AS infinity
load average:6.21 5.73 5.68

/proc/meminfo:
MemTotal:       16267956 kB
MemFree:         1101792 kB
MemAvailable:    3960312 kB
Buffers:          360912 kB
Cached:          2449080 kB
SwapCached:            0 kB
Active:         13008232 kB
Inactive:        1369512 kB
Active(anon):   11588384 kB
Inactive(anon):    28968 kB
Active(file):    1419848 kB
Inactive(file):  1340544 kB
Unevictable:           0 kB
Mlocked:               0 kB
SwapTotal:             0 kB
SwapFree:              0 kB
Dirty:              6520 kB
Writeback:             0 kB
AnonPages:      11567764 kB
Mapped:           228440 kB
Shmem:             49600 kB
Slab:             516956 kB
SReclaimable:     436468 kB
SUnreclaim:        80488 kB
KernelStack:       20208 kB
PageTables:        63128 kB
NFS_Unstable:          0 kB
Bounce:                0 kB
WritebackTmp:          0 kB
CommitLimit:     8133976 kB
Committed_AS:   15270940 kB
VmallocTotal:   34359738367 kB
VmallocUsed:       34396 kB
VmallocChunk:   34359621924 kB
HardwareCorrupted:     0 kB
AnonHugePages:   7352320 kB
HugePages_Total:       0
HugePages_Free:        0
HugePages_Rsvd:        0
HugePages_Surp:        0
Hugepagesize:       2048 kB
DirectMap4k:      182144 kB
DirectMap2M:    11352064 kB
DirectMap1G:     7340032 kB


CPU:total 4 (initial active 4) (4 cores per cpu, 1 threads per core) family 6 model 79 stepping 1, cmov, cx8, fxsr, mmx, sse, sse2, sse3, ssse3, sse4.1, sse4.2, popcnt, avx, avx2, aes, clmul, erms, rtm, 3dnowpref, lzcnt, tsc, bmi1, bmi2, adx

/proc/cpuinfo:
processor	: 0
vendor_id	: GenuineIntel
cpu family	: 6
model		: 79
model name	: Intel(R) Xeon(R) CPU E5-2682 v4 @ 2.50GHz
stepping	: 1
microcode	: 0x1
cpu MHz		: 2499.994
cache size	: 40960 KB
physical id	: 0
siblings	: 4
core id		: 0
cpu cores	: 4
apicid		: 0
initial apicid	: 0
fpu		: yes
fpu_exception	: yes
cpuid level	: 13
wp		: yes
flags		: fpu vme de pse tsc msr pae mce cx8 apic sep mtrr pge mca cmov pat pse36 clflush mmx fxsr sse sse2 ss ht syscall nx pdpe1gb rdtscp lm constant_tsc rep_good nopl eagerfpu pni pclmulqdq ssse3 fma cx16 pcid sse4_1 sse4_2 x2apic movbe popcnt tsc_deadline_timer aes xsave avx f16c rdrand hypervisor lahf_lm abm 3dnowprefetch fsgsbase tsc_adjust bmi1 hle avx2 smep bmi2 erms invpcid rtm rdseed adx smap xsaveopt
bogomips	: 4999.98
clflush size	: 64
cache_alignment	: 64
address sizes	: 46 bits physical, 48 bits virtual
power management:

processor	: 1
vendor_id	: GenuineIntel
cpu family	: 6
model		: 79
model name	: Intel(R) Xeon(R) CPU E5-2682 v4 @ 2.50GHz
stepping	: 1
microcode	: 0x1
cpu MHz		: 2499.994
cache size	: 40960 KB
physical id	: 0
siblings	: 4
core id		: 1
cpu cores	: 4
apicid		: 1
initial apicid	: 1
fpu		: yes
fpu_exception	: yes
cpuid level	: 13
wp		: yes
flags		: fpu vme de pse tsc msr pae mce cx8 apic sep mtrr pge mca cmov pat pse36 clflush mmx fxsr sse sse2 ss ht syscall nx pdpe1gb rdtscp lm constant_tsc rep_good nopl eagerfpu pni pclmulqdq ssse3 fma cx16 pcid sse4_1 sse4_2 x2apic movbe popcnt tsc_deadline_timer aes xsave avx f16c rdrand hypervisor lahf_lm abm 3dnowprefetch fsgsbase tsc_adjust bmi1 hle avx2 smep bmi2 erms invpcid rtm rdseed adx smap xsaveopt
bogomips	: 4999.98
clflush size	: 64
cache_alignment	: 64
address sizes	: 46 bits physical, 48 bits virtual
power management:

processor	: 2
vendor_id	: GenuineIntel
cpu family	: 6
model		: 79
model name	: Intel(R) Xeon(R) CPU E5-2682 v4 @ 2.50GHz
stepping	: 1
microcode	: 0x1
cpu MHz		: 2499.994
cache size	: 40960 KB
physical id	: 0
siblings	: 4
core id		: 2
cpu cores	: 4
apicid		: 2
initial apicid	: 2
fpu		: yes
fpu_exception	: yes
cpuid level	: 13
wp		: yes
flags		: fpu vme de pse tsc msr pae mce cx8 apic sep mtrr pge mca cmov pat pse36 clflush mmx fxsr sse sse2 ss ht syscall nx pdpe1gb rdtscp lm constant_tsc rep_good nopl eagerfpu pni pclmulqdq ssse3 fma cx16 pcid sse4_1 sse4_2 x2apic movbe popcnt tsc_deadline_timer aes xsave avx f16c rdrand hypervisor lahf_lm abm 3dnowprefetch fsgsbase tsc_adjust bmi1 hle avx2 smep bmi2 erms invpcid rtm rdseed adx smap xsaveopt
bogomips	: 4999.98
clflush size	: 64
cache_alignment	: 64
address sizes	: 46 bits physical, 48 bits virtual
power management:

processor	: 3
vendor_id	: GenuineIntel
cpu family	: 6
model		: 79
model name	: Intel(R) Xeon(R) CPU E5-2682 v4 @ 2.50GHz
stepping	: 1
microcode	: 0x1
cpu MHz		: 2499.994
cache size	: 40960 KB
physical id	: 0
siblings	: 4
core id		: 3
cpu cores	: 4
apicid		: 3
initial apicid	: 3
fpu		: yes
fpu_exception	: yes
cpuid level	: 13
wp		: yes
flags		: fpu vme de pse tsc msr pae mce cx8 apic sep mtrr pge mca cmov pat pse36 clflush mmx fxsr sse sse2 ss ht syscall nx pdpe1gb rdtscp lm constant_tsc rep_good nopl eagerfpu pni pclmulqdq ssse3 fma cx16 pcid sse4_1 sse4_2 x2apic movbe popcnt tsc_deadline_timer aes xsave avx f16c rdrand hypervisor lahf_lm abm 3dnowprefetch fsgsbase tsc_adjust bmi1 hle avx2 smep bmi2 erms invpcid rtm rdseed adx smap xsaveopt
bogomips	: 4999.98
clflush size	: 64
cache_alignment	: 64
address sizes	: 46 bits physical, 48 bits virtual
power management:



Memory: 4k page, physical 16267956k(1101792k free), swap 0k(0k free)

vm_info: OpenJDK 64-Bit Server VM (25.151-b12) for linux-amd64 JRE (1.8.0_151-b12), built on Oct 20 2017 13:44:55 by "mockbuild" with gcc 4.8.5 20150623 (Red Hat 4.8.5-16)

time: Wed Jan 10 16:31:35 2018
elapsed time: 26 seconds (0d 0h 0m 26s)

